#
# There is insufficient memory for the Java Runtime Environment to continue.
# Native memory allocation (mmap) failed to map 141033472 bytes for committing reserved memory.
# Possible reasons:
#   The system is out of physical RAM or swap space
#   The process is running with CompressedOops enabled, and the Java Heap may be blocking the growth of the native heap
# Possible solutions:
#   Reduce memory load on the system
#   Increase physical memory or swap space
#   Check if swap backing store is full
#   Decrease Java heap size (-Xmx/-Xms)
#   Decrease number of Java threads
#   Decrease Java thread stack sizes (-Xss)
#   Set larger code cache with -XX:ReservedCodeCacheSize=
#   JVM is running with Unscaled Compressed Oops mode in which the Java heap is
#     placed in the first 4GB address space. The Java Heap base address is the
#     maximum limit for the native heap growth. Please use -XX:HeapBaseMinAddress
#     to set the Java Heap base and to place the Java Heap above 4GB virtual address.
# This output file may be truncated or incomplete.
#
#  Out of Memory Error (os_linux.cpp:2749), pid=16108, tid=0x00007f3485a0c700
#
# JRE version: Java(TM) SE Runtime Environment (8.0_201-b09) (build 1.8.0_201-b09)
# Java VM: Java HotSpot(TM) 64-Bit Server VM (25.201-b09 mixed mode linux-amd64 compressed oops)
# Failed to write core dump. Core dumps have been disabled. To enable core dumping, try "ulimit -c unlimited" before starting Java again
#

---------------  T H R E A D  ---------------

Current thread (0x00007f349c142800):  VMThread [stack: 0x00007f348590d000,0x00007f3485a0d000] [id=16121]

Stack: [0x00007f348590d000,0x00007f3485a0d000],  sp=0x00007f3485a0b3d0,  free space=1016k
Native frames: (J=compiled Java code, j=interpreted, Vv=VM code, C=native code)
V  [libjvm.so+0xad3525]  VMError::report_and_die()+0x2e5
V  [libjvm.so+0x4e0457]  report_vm_out_of_memory(char const*, int, unsigned long, VMErrorType, char const*)+0x67
V  [libjvm.so+0x9102f0]  os::pd_commit_memory(char*, unsigned long, unsigned long, bool)+0x100
V  [libjvm.so+0x90791f]  os::commit_memory(char*, unsigned long, unsigned long, bool)+0x1f
V  [libjvm.so+0x98c806]  PSVirtualSpace::expand_by(unsigned long)+0x56
V  [libjvm.so+0x97badb]  PSOldGen::expand_by(unsigned long) [clone .part.28]+0x1b
V  [libjvm.so+0x97bc98]  PSOldGen::expand(unsigned long) [clone .part.29]+0xa8
V  [libjvm.so+0x97c841]  PSOldGen::resize(unsigned long)+0xe1
V  [libjvm.so+0x98297c]  PSParallelCompact::invoke_no_policy(bool) [clone .part.118]+0xa2c
V  [libjvm.so+0x98a795]  PSScavenge::invoke()+0x215
V  [libjvm.so+0x93a318]  ParallelScavengeHeap::failed_mem_allocate(unsigned long)+0x68
V  [libjvm.so+0xad5073]  VM_ParallelGCFailedAllocation::doit()+0x93
V  [libjvm.so+0xada296]  VM_Operation::evaluate()+0x46
V  [libjvm.so+0xad85cd]  VMThread::evaluate_operation(VM_Operation*) [clone .constprop.44]+0xcd
V  [libjvm.so+0xad8bb3]  VMThread::loop()+0x3a3
V  [libjvm.so+0xad8f88]  VMThread::run()+0x78
V  [libjvm.so+0x90d922]  java_start(Thread*)+0x102

VM_Operation (0x00007f345cbeb620): ParallelGCFailedAllocation, mode: safepoint, requested by thread 0x00007f349c4ef000


---------------  P R O C E S S  ---------------

Java Threads: ( => current thread )
  0x00007f3460001000 JavaThread "Attach Listener" daemon [_thread_blocked, id=16141, stack(0x00007f345c9eb000,0x00007f345caec000)]
  0x00007f349c4ef000 JavaThread "kafka-producer-network-thread | producer-1" daemon [_thread_blocked, id=16138, stack(0x00007f345caec000,0x00007f345cbed000)]
  0x00007f349c25c000 JavaThread "Service Thread" daemon [_thread_blocked, id=16135, stack(0x00007f348436f000,0x00007f3484470000)]
  0x00007f349c23f000 JavaThread "C1 CompilerThread2" daemon [_thread_blocked, id=16134, stack(0x00007f3484471000,0x00007f3484571000)]
  0x00007f349c23d000 JavaThread "C2 CompilerThread1" daemon [_thread_blocked, id=16133, stack(0x00007f348478a000,0x00007f348488a000)]
  0x00007f349c23b000 JavaThread "C2 CompilerThread0" daemon [_thread_blocked, id=16132, stack(0x00007f348488b000,0x00007f348498b000)]
  0x00007f349c239800 JavaThread "Monitor Ctrl-Break" daemon [_thread_in_native, id=16131, stack(0x00007f348498b000,0x00007f3484a8c000)]
  0x00007f349c182800 JavaThread "Signal Dispatcher" daemon [_thread_blocked, id=16130, stack(0x00007f3484b09000,0x00007f3484c0a000)]
  0x00007f349c14e800 JavaThread "Finalizer" daemon [_thread_blocked, id=16123, stack(0x00007f348570a000,0x00007f348580b000)]
  0x00007f349c14c000 JavaThread "Reference Handler" daemon [_thread_blocked, id=16122, stack(0x00007f348580b000,0x00007f348590c000)]
  0x00007f349c00d000 JavaThread "main" [_thread_blocked, id=16109, stack(0x00007f34a2453000,0x00007f34a2553000)]

Other Threads:
=>0x00007f349c142800 VMThread [stack: 0x00007f348590d000,0x00007f3485a0d000] [id=16121]
  0x00007f349c261000 WatcherThread [stack: 0x00007f348426f000,0x00007f348436f000] [id=16136]

VM state:at safepoint (normal execution)

VM Mutex/Monitor currently owned by a thread:  ([mutex/lock_event])
[0x00007f349c009250] ExpandHeap_lock - owner thread: 0x00007f349c142800
[0x00007f349c0098d0] Threads_lock - owner thread: 0x00007f349c142800
[0x00007f349c009dd0] Heap_lock - owner thread: 0x00007f349c4ef000

heap address: 0x0000000085200000, size: 1966 MB, Compressed Oops mode: 32-bit
Narrow klass base: 0x0000000000000000, Narrow klass shift: 3
Compressed class space size: 1073741824 Address: 0x0000000100000000

Heap:
 PSYoungGen      total 513536K, used 3580K [0x00000000d7100000, 0x0000000100000000, 0x0000000100000000)
  eden space 492032K, 0% used [0x00000000d7100000,0x00000000d7100000,0x00000000f5180000)
  from space 21504K, 16% used [0x00000000f9f00000,0x00000000fa27f200,0x00000000fb400000)
  to   space 79360K, 0% used [0x00000000f5180000,0x00000000f5180000,0x00000000f9f00000)
 ParOldGen       total 295424K, used 295096K [0x0000000085200000, 0x0000000097280000, 0x00000000d7100000)
  object space 295424K, 99% used [0x0000000085200000,0x000000009722e1b0,0x0000000097280000)
 Metaspace       used 15233K, capacity 15430K, committed 15616K, reserved 1062912K
  class space    used 1661K, capacity 1727K, committed 1792K, reserved 1048576K

Card table byte_map: [0x00007f348b9d0000,0x00007f348bda8000] byte_map_base: 0x00007f348b5a7000

Marking Bits: (ParMarkBitMap*) 0x00007f34a18fcd80
 Begin Bits: [0x00007f34876cd000, 0x00007f3489585000)
 End Bits:   [0x00007f3489585000, 0x00007f348b43d000)

Polling page: 0x00007f34a256c000

CodeCache: size=245760Kb used=8582Kb max_used=9835Kb free=237177Kb
 bounds [0x00007f348c168000, 0x00007f348cb68000, 0x00007f349b168000]
 total_blobs=2522 nmethods=2064 adapters=371
 compilation: enabled

Compilation events (10 events):
Event: 54.951 Thread 0x00007f349c23b000 nmethod 2540 0x00007f348c692f10 code [0x00007f348c693060, 0x00007f348c693138]
Event: 54.951 Thread 0x00007f349c23b000 2541       4       java.util.ArrayDeque$DeqIterator::hasNext (17 bytes)
Event: 54.951 Thread 0x00007f349c23b000 nmethod 2541 0x00007f348caf3550 code [0x00007f348caf36a0, 0x00007f348caf3718]
Event: 54.965 Thread 0x00007f349c23d000 nmethod 2539 0x00007f348c7491d0 code [0x00007f348c7493a0, 0x00007f348c749c88]
Event: 55.119 Thread 0x00007f349c23b000 2542       4       org.apache.kafka.clients.NetworkClient::ready (68 bytes)
Event: 55.156 Thread 0x00007f349c23b000 nmethod 2542 0x00007f348c45d390 code [0x00007f348c45d580, 0x00007f348c45e008]
Event: 55.301 Thread 0x00007f349c23d000 2543       4       org.apache.kafka.clients.producer.internals.Sender::sendProducerData (468 bytes)
Event: 55.301 Thread 0x00007f349c23b000 2544   !   4       org.apache.kafka.clients.producer.internals.RecordAccumulator::expiredBatches (216 bytes)
Event: 55.371 Thread 0x00007f349c23b000 nmethod 2544 0x00007f348c4f4c10 code [0x00007f348c4f4ec0, 0x00007f348c4f7138]
Event: 55.477 Thread 0x00007f349c23d000 nmethod 2543 0x00007f348c4e80d0 code [0x00007f348c4e8520, 0x00007f348c4ebad0]

GC Heap History (10 events):
Event: 50.239 GC heap after
Heap after GC invocations=31 (full 1):
 PSYoungGen      total 562176K, used 240K [0x00000000d7100000, 0x00000000fb100000, 0x0000000100000000)
  eden space 537600K, 0% used [0x00000000d7100000,0x00000000d7100000,0x00000000f7e00000)
  from space 24576K, 0% used [0x00000000f9900000,0x00000000f993c0b0,0x00000000fb100000)
  to   space 26112K, 0% used [0x00000000f7e00000,0x00000000f7e00000,0x00000000f9780000)
 ParOldGen       total 205824K, used 151302K [0x0000000085200000, 0x0000000091b00000, 0x00000000d7100000)
  object space 205824K, 73% used [0x0000000085200000,0x000000008e5c1868,0x0000000091b00000)
 Metaspace       used 15233K, capacity 15430K, committed 15616K, reserved 1062912K
  class space    used 1661K, capacity 1727K, committed 1792K, reserved 1048576K
}
Event: 52.185 GC heap before
{Heap before GC invocations=32 (full 1):
 PSYoungGen      total 562176K, used 537840K [0x00000000d7100000, 0x00000000fb100000, 0x0000000100000000)
  eden space 537600K, 100% used [0x00000000d7100000,0x00000000f7e00000,0x00000000f7e00000)
  from space 24576K, 0% used [0x00000000f9900000,0x00000000f993c0b0,0x00000000fb100000)
  to   space 26112K, 0% used [0x00000000f7e00000,0x00000000f7e00000,0x00000000f9780000)
 ParOldGen       total 205824K, used 151302K [0x0000000085200000, 0x0000000091b00000, 0x00000000d7100000)
  object space 205824K, 73% used [0x0000000085200000,0x000000008e5c1868,0x0000000091b00000)
 Metaspace       used 15233K, capacity 15430K, committed 15616K, reserved 1062912K
  class space    used 1661K, capacity 1727K, committed 1792K, reserved 1048576K
Event: 52.189 GC heap after
Heap after GC invocations=32 (full 1):
 PSYoungGen      total 563712K, used 64K [0x00000000d7100000, 0x00000000fb480000, 0x0000000100000000)
  eden space 537600K, 0% used [0x00000000d7100000,0x00000000d7100000,0x00000000f7e00000)
  from space 26112K, 0% used [0x00000000f7e00000,0x00000000f7e10000,0x00000000f9780000)
  to   space 24576K, 0% used [0x00000000f9c80000,0x00000000f9c80000,0x00000000fb480000)
 ParOldGen       total 205824K, used 151518K [0x0000000085200000, 0x0000000091b00000, 0x00000000d7100000)
  object space 205824K, 73% used [0x0000000085200000,0x000000008e5f7928,0x0000000091b00000)
 Metaspace       used 15233K, capacity 15430K, committed 15616K, reserved 1062912K
  class space    used 1661K, capacity 1727K, committed 1792K, reserved 1048576K
}
Event: 53.801 GC heap before
{Heap before GC invocations=33 (full 1):
 PSYoungGen      total 563712K, used 537664K [0x00000000d7100000, 0x00000000fb480000, 0x0000000100000000)
  eden space 537600K, 100% used [0x00000000d7100000,0x00000000f7e00000,0x00000000f7e00000)
  from space 26112K, 0% used [0x00000000f7e00000,0x00000000f7e10000,0x00000000f9780000)
  to   space 24576K, 0% used [0x00000000f9c80000,0x00000000f9c80000,0x00000000fb480000)
 ParOldGen       total 205824K, used 151518K [0x0000000085200000, 0x0000000091b00000, 0x00000000d7100000)
  object space 205824K, 73% used [0x0000000085200000,0x000000008e5f7928,0x0000000091b00000)
 Metaspace       used 15233K, capacity 15430K, committed 15616K, reserved 1062912K
  class space    used 1661K, capacity 1727K, committed 1792K, reserved 1048576K
Event: 53.806 GC heap after
Heap after GC invocations=33 (full 1):
 PSYoungGen      total 565760K, used 96K [0x00000000d7100000, 0x00000000fb180000, 0x0000000100000000)
  eden space 544256K, 0% used [0x00000000d7100000,0x00000000d7100000,0x00000000f8480000)
  from space 21504K, 0% used [0x00000000f9c80000,0x00000000f9c98000,0x00000000fb180000)
  to   space 23040K, 0% used [0x00000000f8480000,0x00000000f8480000,0x00000000f9b00000)
 ParOldGen       total 205824K, used 151518K [0x0000000085200000, 0x0000000091b00000, 0x00000000d7100000)
  object space 205824K, 73% used [0x0000000085200000,0x000000008e5f7928,0x0000000091b00000)
 Metaspace       used 15233K, capacity 15430K, committed 15616K, reserved 1062912K
  class space    used 1661K, capacity 1727K, committed 1792K, reserved 1048576K
}
Event: 55.721 GC heap before
{Heap before GC invocations=34 (full 1):
 PSYoungGen      total 565760K, used 544352K [0x00000000d7100000, 0x00000000fb180000, 0x0000000100000000)
  eden space 544256K, 100% used [0x00000000d7100000,0x00000000f8480000,0x00000000f8480000)
  from space 21504K, 0% used [0x00000000f9c80000,0x00000000f9c98000,0x00000000fb180000)
  to   space 23040K, 0% used [0x00000000f8480000,0x00000000f8480000,0x00000000f9b00000)
 ParOldGen       total 205824K, used 151518K [0x0000000085200000, 0x0000000091b00000, 0x00000000d7100000)
  object space 205824K, 73% used [0x0000000085200000,0x000000008e5f7928,0x0000000091b00000)
 Metaspace       used 15233K, capacity 15430K, committed 15616K, reserved 1062912K
  class space    used 1661K, capacity 1727K, committed 1792K, reserved 1048576K
Event: 55.725 GC heap after
Heap after GC invocations=34 (full 1):
 PSYoungGen      total 567296K, used 64K [0x00000000d7100000, 0x00000000fb400000, 0x0000000100000000)
  eden space 544256K, 0% used [0x00000000d7100000,0x00000000d7100000,0x00000000f8480000)
  from space 23040K, 0% used [0x00000000f8480000,0x00000000f8490000,0x00000000f9b00000)
  to   space 21504K, 0% used [0x00000000f9f00000,0x00000000f9f00000,0x00000000fb400000)
 ParOldGen       total 205824K, used 151518K [0x0000000085200000, 0x0000000091b00000, 0x00000000d7100000)
  object space 205824K, 73% used [0x0000000085200000,0x000000008e5f7928,0x0000000091b00000)
 Metaspace       used 15233K, capacity 15430K, committed 15616K, reserved 1062912K
  class space    used 1661K, capacity 1727K, committed 1792K, reserved 1048576K
}
Event: 57.277 GC heap before
{Heap before GC invocations=35 (full 1):
 PSYoungGen      total 567296K, used 544320K [0x00000000d7100000, 0x00000000fb400000, 0x0000000100000000)
  eden space 544256K, 100% used [0x00000000d7100000,0x00000000f8480000,0x00000000f8480000)
  from space 23040K, 0% used [0x00000000f8480000,0x00000000f8490000,0x00000000f9b00000)
  to   space 21504K, 0% used [0x00000000f9f00000,0x00000000f9f00000,0x00000000fb400000)
 ParOldGen       total 205824K, used 151518K [0x0000000085200000, 0x0000000091b00000, 0x00000000d7100000)
  object space 205824K, 73% used [0x0000000085200000,0x000000008e5f7928,0x0000000091b00000)
 Metaspace       used 15233K, capacity 15430K, committed 15616K, reserved 1062912K
  class space    used 1661K, capacity 1727K, committed 1792K, reserved 1048576K
Event: 62.561 GC heap after
Heap after GC invocations=35 (full 1):
 PSYoungGen      total 513536K, used 21504K [0x00000000d7100000, 0x0000000100000000, 0x0000000100000000)
  eden space 492032K, 0% used [0x00000000d7100000,0x00000000d7100000,0x00000000f5180000)
  from space 21504K, 100% used [0x00000000f9f00000,0x00000000fb400000,0x00000000fb400000)
  to   space 79360K, 0% used [0x00000000f5180000,0x00000000f5180000,0x00000000f9f00000)
 ParOldGen       total 295424K, used 294358K [0x0000000085200000, 0x0000000097280000, 0x00000000d7100000)
  object space 295424K, 99% used [0x0000000085200000,0x0000000097175938,0x0000000097280000)
 Metaspace       used 15233K, capacity 15430K, committed 15616K, reserved 1062912K
  class space    used 1661K, capacity 1727K, committed 1792K, reserved 1048576K
}
Event: 62.561 GC heap before
{Heap before GC invocations=36 (full 2):
 PSYoungGen      total 513536K, used 21504K [0x00000000d7100000, 0x0000000100000000, 0x0000000100000000)
  eden space 492032K, 0% used [0x00000000d7100000,0x00000000d7100000,0x00000000f5180000)
  from space 21504K, 100% used [0x00000000f9f00000,0x00000000fb400000,0x00000000fb400000)
  to   space 79360K, 0% used [0x00000000f5180000,0x00000000f5180000,0x00000000f9f00000)
 ParOldGen       total 295424K, used 294358K [0x0000000085200000, 0x0000000097280000, 0x00000000d7100000)
  object space 295424K, 99% used [0x0000000085200000,0x0000000097175938,0x0000000097280000)
 Metaspace       used 15233K, capacity 15430K, committed 15616K, reserved 1062912K
  class space    used 1661K, capacity 1727K, committed 1792K, reserved 1048576K

Deoptimization events (10 events):
Event: 20.991 Thread 0x00007f349c00d000 Uncommon trap: reason=unstable_if action=reinterpret pc=0x00007f348cad7c34 method=org.apache.kafka.common.record.MemoryRecordsBuilder.isFull()Z @ 25
Event: 20.991 Thread 0x00007f349c4ef000 Uncommon trap: reason=unstable_if action=reinterpret pc=0x00007f348cb028f0 method=org.apache.kafka.common.record.MemoryRecordsBuilder.isFull()Z @ 25
Event: 21.078 Thread 0x00007f349c00d000 Uncommon trap: reason=unstable_if action=reinterpret pc=0x00007f348ca5b3b0 method=java.util.concurrent.locks.AbstractQueuedSynchronizer.release(I)Z @ 14
Event: 21.078 Thread 0x00007f349c4ef000 Uncommon trap: reason=unstable_if action=reinterpret pc=0x00007f348c2b6054 method=java.util.concurrent.locks.AbstractQueuedSynchronizer.release(I)Z @ 14
Event: 21.078 Thread 0x00007f349c4ef000 Uncommon trap: reason=unstable_if action=reinterpret pc=0x00007f348c9ad440 method=java.util.concurrent.locks.AbstractQueuedSynchronizer.release(I)Z @ 14
Event: 22.878 Thread 0x00007f349c00d000 Uncommon trap: reason=unloaded action=reinterpret pc=0x00007f348c889688 method=sun.nio.cs.UTF_8$Encoder.encode([CII[B)I @ 153
Event: 34.113 Thread 0x00007f349c4ef000 Uncommon trap: reason=unstable_if action=reinterpret pc=0x00007f348c8b03c4 method=org.apache.kafka.common.metrics.stats.SampledStat$Sample.isComplete(JLorg/apache/kafka/common/metrics/MetricConfig;)Z @ 11
Event: 34.113 Thread 0x00007f349c4ef000 Uncommon trap: reason=unstable_if action=reinterpret pc=0x00007f348c800840 method=org.apache.kafka.common.metrics.stats.SampledStat$Sample.isComplete(JLorg/apache/kafka/common/metrics/MetricConfig;)Z @ 11
Event: 34.276 Thread 0x00007f349c4ef000 Uncommon trap: reason=unstable_if action=reinterpret pc=0x00007f348c988044 method=java.lang.Math.max(DD)D @ 17
Event: 54.940 Thread 0x00007f349c4ef000 Uncommon trap: reason=unstable_if action=reinterpret pc=0x00007f348ca05d48 method=org.apache.kafka.common.record.MemoryRecordsBuilder.isFull()Z @ 25

Classes redefined (0 events):
No events

Internal exceptions (10 events):
Event: 4.084 Thread 0x00007f349c00d000 Exception <a 'java/lang/ArrayIndexOutOfBoundsException'> (0x00000000d8ae3748) thrown at [/HUDSON/workspace/8-2-build-linux-amd64/jdk8u201/12317/hotspot/src/share/vm/runtime/sharedRuntime.cpp, line 605]
Event: 4.085 Thread 0x00007f349c00d000 Exception <a 'java/lang/ArrayIndexOutOfBoundsException'> (0x00000000d8aeba50) thrown at [/HUDSON/workspace/8-2-build-linux-amd64/jdk8u201/12317/hotspot/src/share/vm/runtime/sharedRuntime.cpp, line 605]
Event: 4.085 Thread 0x00007f349c00d000 Exception <a 'java/lang/ArrayIndexOutOfBoundsException'> (0x00000000d8aecab8) thrown at [/HUDSON/workspace/8-2-build-linux-amd64/jdk8u201/12317/hotspot/src/share/vm/runtime/sharedRuntime.cpp, line 605]
Event: 4.085 Thread 0x00007f349c00d000 Exception <a 'java/lang/ArrayIndexOutOfBoundsException'> (0x00000000d8aed720) thrown at [/HUDSON/workspace/8-2-build-linux-amd64/jdk8u201/12317/hotspot/src/share/vm/runtime/sharedRuntime.cpp, line 605]
Event: 4.085 Thread 0x00007f349c00d000 Exception <a 'java/lang/ArrayIndexOutOfBoundsException'> (0x00000000d8aef498) thrown at [/HUDSON/workspace/8-2-build-linux-amd64/jdk8u201/12317/hotspot/src/share/vm/runtime/sharedRuntime.cpp, line 605]
Event: 4.085 Thread 0x00007f349c00d000 Exception <a 'java/lang/ArrayIndexOutOfBoundsException'> (0x00000000d8af0b90) thrown at [/HUDSON/workspace/8-2-build-linux-amd64/jdk8u201/12317/hotspot/src/share/vm/runtime/sharedRuntime.cpp, line 605]
Event: 4.086 Thread 0x00007f349c00d000 Exception <a 'java/lang/ArrayIndexOutOfBoundsException'> (0x00000000d8af8b18) thrown at [/HUDSON/workspace/8-2-build-linux-amd64/jdk8u201/12317/hotspot/src/share/vm/runtime/sharedRuntime.cpp, line 605]
Event: 4.087 Thread 0x00007f349c00d000 Exception <a 'java/lang/ArrayIndexOutOfBoundsException'> (0x00000000d8afba40) thrown at [/HUDSON/workspace/8-2-build-linux-amd64/jdk8u201/12317/hotspot/src/share/vm/runtime/sharedRuntime.cpp, line 605]
Event: 4.149 Thread 0x00007f349c4ef000 Exception <a 'java/lang/NoSuchFieldError': method resolution failed> (0x00000000d8eaa930) thrown at [/HUDSON/workspace/8-2-build-linux-amd64/jdk8u201/12317/hotspot/src/share/vm/prims/methodHandles.cpp, line 1167]
Event: 4.150 Thread 0x00007f349c4ef000 Exception <a 'java/lang/NoSuchFieldError': method resolution failed> (0x00000000d8eb8890) thrown at [/HUDSON/workspace/8-2-build-linux-amd64/jdk8u201/12317/hotspot/src/share/vm/prims/methodHandles.cpp, line 1167]

Events (10 events):
Event: 54.940 Thread 0x00007f349c4ef000 DEOPT UNPACKING pc=0x00007f348c1ad73a sp=0x00007f345cbeb680 mode 2
Event: 54.944 Thread 0x00007f349c23d000 flushing nmethod 0x00007f348c2a69d0
Event: 54.948 Thread 0x00007f349c23f000 flushing nmethod 0x00007f348c2c7590
Event: 54.951 Thread 0x00007f349c23b000 flushing nmethod 0x00007f348c34ab50
Event: 54.951 Thread 0x00007f349c23b000 flushing nmethod 0x00007f348c34f450
Event: 54.952 Thread 0x00007f349c23b000 flushing nmethod 0x00007f348c3b4910
Event: 55.371 Thread 0x00007f349c23b000 flushing nmethod 0x00007f348c5c3410
Event: 55.720 Executing VM operation: ParallelGCFailedAllocation
Event: 55.725 Executing VM operation: ParallelGCFailedAllocation done
Event: 57.274 Executing VM operation: ParallelGCFailedAllocation


Dynamic libraries:
00400000-00401000 r-xp 00000000 08:02 13770739                           /usr/lib/jvm/java-8-oracle/bin/java
00600000-00601000 r--p 00000000 08:02 13770739                           /usr/lib/jvm/java-8-oracle/bin/java
00601000-00602000 rw-p 00001000 08:02 13770739                           /usr/lib/jvm/java-8-oracle/bin/java
02284000-022a5000 rw-p 00000000 00:00 0                                  [heap]
85200000-97280000 rw-p 00000000 00:00 0 
9f900000-d7100000 ---p 00000000 00:00 0 
d7100000-100000000 rw-p 00000000 00:00 0 
100000000-1001c0000 rw-p 00000000 00:00 0 
1001c0000-140000000 ---p 00000000 00:00 0 
7f343c000000-7f343c021000 rw-p 00000000 00:00 0 
7f343c021000-7f3440000000 ---p 00000000 00:00 0 
7f3444000000-7f3444021000 rw-p 00000000 00:00 0 
7f3444021000-7f3448000000 ---p 00000000 00:00 0 
7f3448000000-7f34480a9000 rw-p 00000000 00:00 0 
7f34480a9000-7f344c000000 ---p 00000000 00:00 0 
7f344c000000-7f344c551000 rw-p 00000000 00:00 0 
7f344c551000-7f3450000000 ---p 00000000 00:00 0 
7f3450000000-7f3450021000 rw-p 00000000 00:00 0 
7f3450021000-7f3454000000 ---p 00000000 00:00 0 
7f3454000000-7f345601e000 rw-p 00000000 00:00 0 
7f345601e000-7f3458000000 ---p 00000000 00:00 0 
7f3458000000-7f345a77d000 rw-p 00000000 00:00 0 
7f345a77d000-7f345c000000 ---p 00000000 00:00 0 
7f345c5eb000-7f345c76b000 rw-p 00000000 00:00 0 
7f345c76b000-7f345c7eb000 ---p 00000000 00:00 0 
7f345c7eb000-7f345c9eb000 rw-p 00000000 00:00 0 
7f345c9eb000-7f345c9ee000 ---p 00000000 00:00 0 
7f345c9ee000-7f345caec000 rw-p 00000000 00:00 0 
7f345caec000-7f345caef000 ---p 00000000 00:00 0 
7f345caef000-7f345cbed000 rw-p 00000000 00:00 0 
7f345cbed000-7f345cbfe000 r-xp 00000000 08:02 2495141                    /usr/lib/jvm/java-8-oracle/jre/lib/amd64/libnio.so
7f345cbfe000-7f345cdfd000 ---p 00011000 08:02 2495141                    /usr/lib/jvm/java-8-oracle/jre/lib/amd64/libnio.so
7f345cdfd000-7f345cdfe000 r--p 00010000 08:02 2495141                    /usr/lib/jvm/java-8-oracle/jre/lib/amd64/libnio.so
7f345cdfe000-7f345cdff000 rw-p 00011000 08:02 2495141                    /usr/lib/jvm/java-8-oracle/jre/lib/amd64/libnio.so
7f345cdff000-7f345cfff000 rw-p 00000000 00:00 0 
7f345cfff000-7f3460000000 rw-p 00000000 00:00 0 
7f3460000000-7f3460021000 rw-p 00000000 00:00 0 
7f3460021000-7f3464000000 ---p 00000000 00:00 0 
7f3464000000-7f3464025000 rw-p 00000000 00:00 0 
7f3464025000-7f3468000000 ---p 00000000 00:00 0 
7f3468000000-7f3468021000 rw-p 00000000 00:00 0 
7f3468021000-7f346c000000 ---p 00000000 00:00 0 
7f346c000000-7f346c021000 rw-p 00000000 00:00 0 
7f346c021000-7f3470000000 ---p 00000000 00:00 0 
7f3470000000-7f3470021000 rw-p 00000000 00:00 0 
7f3470021000-7f3474000000 ---p 00000000 00:00 0 
7f3474000000-7f34742be000 rw-p 00000000 00:00 0 
7f34742be000-7f3478000000 ---p 00000000 00:00 0 
7f3478000000-7f3478021000 rw-p 00000000 00:00 0 
7f3478021000-7f347c000000 ---p 00000000 00:00 0 
7f347c000000-7f347c021000 rw-p 00000000 00:00 0 
7f347c021000-7f3480000000 ---p 00000000 00:00 0 
7f3480000000-7f3480021000 rw-p 00000000 00:00 0 
7f3480021000-7f3484000000 ---p 00000000 00:00 0 
7f3484064000-7f348406d000 r-xp 00000000 08:02 2495146                    /usr/lib/jvm/java-8-oracle/jre/lib/amd64/libmanagement.so
7f348406d000-7f348426c000 ---p 00009000 08:02 2495146                    /usr/lib/jvm/java-8-oracle/jre/lib/amd64/libmanagement.so
7f348426c000-7f348426d000 r--p 00008000 08:02 2495146                    /usr/lib/jvm/java-8-oracle/jre/lib/amd64/libmanagement.so
7f348426d000-7f348426e000 rw-p 00009000 08:02 2495146                    /usr/lib/jvm/java-8-oracle/jre/lib/amd64/libmanagement.so
7f348426e000-7f348426f000 ---p 00000000 00:00 0 
7f348426f000-7f348436f000 rw-p 00000000 00:00 0 
7f348436f000-7f3484372000 ---p 00000000 00:00 0 
7f3484372000-7f3484470000 rw-p 00000000 00:00 0 
7f3484470000-7f3484471000 ---p 00000000 00:00 0 
7f3484471000-7f3484474000 ---p 00000000 00:00 0 
7f3484474000-7f3484571000 rw-p 00000000 00:00 0 
7f3484571000-7f3484587000 r-xp 00000000 08:02 2495138                    /usr/lib/jvm/java-8-oracle/jre/lib/amd64/libnet.so
7f3484587000-7f3484787000 ---p 00016000 08:02 2495138                    /usr/lib/jvm/java-8-oracle/jre/lib/amd64/libnet.so
7f3484787000-7f3484788000 r--p 00016000 08:02 2495138                    /usr/lib/jvm/java-8-oracle/jre/lib/amd64/libnet.so
7f3484788000-7f3484789000 rw-p 00017000 08:02 2495138                    /usr/lib/jvm/java-8-oracle/jre/lib/amd64/libnet.so
7f3484789000-7f348478a000 ---p 00000000 00:00 0 
7f348478a000-7f348478d000 ---p 00000000 00:00 0 
7f348478d000-7f348488a000 rw-p 00000000 00:00 0 
7f348488a000-7f348488b000 ---p 00000000 00:00 0 
7f348488b000-7f348488e000 ---p 00000000 00:00 0 
7f348488e000-7f348498b000 rw-p 00000000 00:00 0 
7f348498b000-7f348498e000 ---p 00000000 00:00 0 
7f348498e000-7f3484a8c000 rw-p 00000000 00:00 0 
7f3484a8c000-7f3484a8e000 r--s 0001b000 08:02 4981136                    /opt/idea-IU-191.6183.87/lib/idea_rt.jar
7f3484a8e000-7f3484a92000 r--s 0004c000 08:02 3276835                    /home/delinvas/.m2/repository/com/fasterxml/jackson/core/jackson-core/2.9.9/jackson-core-2.9.9.jar
7f3484a92000-7f3484a95000 r--s 0000e000 08:02 4587756                    /home/delinvas/.m2/repository/com/fasterxml/jackson/core/jackson-annotations/2.9.0/jackson-annotations-2.9.0.jar
7f3484a95000-7f3484aa8000 r--s 00137000 08:02 3276833                    /home/delinvas/.m2/repository/com/fasterxml/jackson/core/jackson-databind/2.9.9/jackson-databind-2.9.9.jar
7f3484aa8000-7f3484aaa000 r--s 00009000 08:02 11142453                   /home/delinvas/.m2/repository/org/slf4j/slf4j-api/1.7.25/slf4j-api-1.7.25.jar
7f3484aaa000-7f3484ac8000 r--s 00187000 08:02 5771030                    /home/delinvas/.m2/repository/org/apache/kafka/kafka-clients/1.1.0/kafka-clients-1.1.0.jar
7f3484ac8000-7f3484adb000 r--s 00345000 08:02 923591                     /usr/lib/jvm/java-8-oracle/jre/lib/resources.jar
7f3484adb000-7f3484aee000 r--s 000d6000 08:02 923578                     /usr/lib/jvm/java-8-oracle/jre/lib/plugin.jar
7f3484aee000-7f3484b09000 r--s 0020c000 08:02 923565                     /usr/lib/jvm/java-8-oracle/jre/lib/deploy.jar
7f3484b09000-7f3484b0c000 ---p 00000000 00:00 0 
7f3484b0c000-7f3484c0a000 rw-p 00000000 00:00 0 
7f3484c0a000-7f348570a000 r--p 00000000 08:02 13113874                   /usr/lib/locale/locale-archive
7f348570a000-7f348570d000 ---p 00000000 00:00 0 
7f348570d000-7f348580b000 rw-p 00000000 00:00 0 
7f348580b000-7f348580e000 ---p 00000000 00:00 0 
7f348580e000-7f348590c000 rw-p 00000000 00:00 0 
7f348590c000-7f348590d000 ---p 00000000 00:00 0 
7f348590d000-7f348691c000 rw-p 00000000 00:00 0 
7f348691c000-7f3486af6000 r--s 03d6f000 08:02 923587                     /usr/lib/jvm/java-8-oracle/jre/lib/rt.jar
7f3486af6000-7f348b43d000 rw-p 00000000 00:00 0 
7f348b43d000-7f348b43e000 ---p 00000000 00:00 0 
7f348b43e000-7f348b53e000 rw-p 00000000 00:00 0 
7f348b53e000-7f348b53f000 ---p 00000000 00:00 0 
7f348b53f000-7f348b63f000 rw-p 00000000 00:00 0 
7f348b63f000-7f348b640000 ---p 00000000 00:00 0 
7f348b640000-7f348b7d1000 rw-p 00000000 00:00 0 
7f348b7d1000-7f348b9d0000 ---p 00000000 00:00 0 
7f348b9d0000-7f348ba61000 rw-p 00000000 00:00 0 
7f348ba61000-7f348bc5f000 ---p 00000000 00:00 0 
7f348bc5f000-7f348bda7000 rw-p 00000000 00:00 0 
7f348bda7000-7f348bdd0000 rw-p 00000000 00:00 0 
7f348bdd0000-7f348c168000 ---p 00000000 00:00 0 
7f348c168000-7f348cb68000 rwxp 00000000 00:00 0 
7f348cb68000-7f349b168000 ---p 00000000 00:00 0 
7f349b168000-7f349b183000 r-xp 00000000 08:02 2495134                    /usr/lib/jvm/java-8-oracle/jre/lib/amd64/libzip.so
7f349b183000-7f349b382000 ---p 0001b000 08:02 2495134                    /usr/lib/jvm/java-8-oracle/jre/lib/amd64/libzip.so
7f349b382000-7f349b383000 r--p 0001a000 08:02 2495134                    /usr/lib/jvm/java-8-oracle/jre/lib/amd64/libzip.so
7f349b383000-7f349b384000 rw-p 0001b000 08:02 2495134                    /usr/lib/jvm/java-8-oracle/jre/lib/amd64/libzip.so
7f349b384000-7f349b38f000 r-xp 00000000 08:02 6558458                    /lib/x86_64-linux-gnu/libnss_files-2.27.so
7f349b38f000-7f349b58e000 ---p 0000b000 08:02 6558458                    /lib/x86_64-linux-gnu/libnss_files-2.27.so
7f349b58e000-7f349b58f000 r--p 0000a000 08:02 6558458                    /lib/x86_64-linux-gnu/libnss_files-2.27.so
7f349b58f000-7f349b590000 rw-p 0000b000 08:02 6558458                    /lib/x86_64-linux-gnu/libnss_files-2.27.so
7f349b590000-7f349b596000 rw-p 00000000 00:00 0 
7f349b596000-7f349b5ad000 r-xp 00000000 08:02 6558452                    /lib/x86_64-linux-gnu/libnsl-2.27.so
7f349b5ad000-7f349b7ac000 ---p 00017000 08:02 6558452                    /lib/x86_64-linux-gnu/libnsl-2.27.so
7f349b7ac000-7f349b7ad000 r--p 00016000 08:02 6558452                    /lib/x86_64-linux-gnu/libnsl-2.27.so
7f349b7ad000-7f349b7ae000 rw-p 00017000 08:02 6558452                    /lib/x86_64-linux-gnu/libnsl-2.27.so
7f349b7ae000-7f349b7b0000 rw-p 00000000 00:00 0 
7f349b7b0000-7f349b7bb000 r-xp 00000000 08:02 6558469                    /lib/x86_64-linux-gnu/libnss_nis-2.27.so
7f349b7bb000-7f349b9ba000 ---p 0000b000 08:02 6558469                    /lib/x86_64-linux-gnu/libnss_nis-2.27.so
7f349b9ba000-7f349b9bb000 r--p 0000a000 08:02 6558469                    /lib/x86_64-linux-gnu/libnss_nis-2.27.so
7f349b9bb000-7f349b9bc000 rw-p 0000b000 08:02 6558469                    /lib/x86_64-linux-gnu/libnss_nis-2.27.so
7f349b9bc000-7f349b9c4000 r-xp 00000000 08:02 6558454                    /lib/x86_64-linux-gnu/libnss_compat-2.27.so
7f349b9c4000-7f349bbc4000 ---p 00008000 08:02 6558454                    /lib/x86_64-linux-gnu/libnss_compat-2.27.so
7f349bbc4000-7f349bbc5000 r--p 00008000 08:02 6558454                    /lib/x86_64-linux-gnu/libnss_compat-2.27.so
7f349bbc5000-7f349bbc6000 rw-p 00009000 08:02 6558454                    /lib/x86_64-linux-gnu/libnss_compat-2.27.so
7f349bbc6000-7f349bbd0000 r-xp 00000000 08:02 2495143                    /usr/lib/jvm/java-8-oracle/jre/lib/amd64/libinstrument.so
7f349bbd0000-7f349bdcf000 ---p 0000a000 08:02 2495143                    /usr/lib/jvm/java-8-oracle/jre/lib/amd64/libinstrument.so
7f349bdcf000-7f349bdd0000 r--p 00009000 08:02 2495143                    /usr/lib/jvm/java-8-oracle/jre/lib/amd64/libinstrument.so
7f349bdd0000-7f349bdd1000 rw-p 0000a000 08:02 2495143                    /usr/lib/jvm/java-8-oracle/jre/lib/amd64/libinstrument.so
7f349bdd1000-7f349bdfd000 r-xp 00000000 08:02 2495128                    /usr/lib/jvm/java-8-oracle/jre/lib/amd64/libjava.so
7f349bdfd000-7f349bffd000 ---p 0002c000 08:02 2495128                    /usr/lib/jvm/java-8-oracle/jre/lib/amd64/libjava.so
7f349bffd000-7f349bffe000 r--p 0002c000 08:02 2495128                    /usr/lib/jvm/java-8-oracle/jre/lib/amd64/libjava.so
7f349bffe000-7f349c000000 rw-p 0002d000 08:02 2495128                    /usr/lib/jvm/java-8-oracle/jre/lib/amd64/libjava.so
7f349c000000-7f349c78b000 rw-p 00000000 00:00 0 
7f349c78b000-7f34a0000000 ---p 00000000 00:00 0 
7f34a0000000-7f34a0002000 r--s 001eb000 08:02 4066881                    /home/delinvas/.m2/repository/org/xerial/snappy/snappy-java/1.1.7.1/snappy-java-1.1.7.1.jar
7f34a0002000-7f34a0005000 r--s 00058000 08:02 5771032                    /home/delinvas/.m2/repository/org/lz4/lz4-java/1.4/lz4-java-1.4.jar
7f34a0005000-7f34a007b000 rw-p 00000000 00:00 0 
7f34a007b000-7f34a007c000 ---p 00000000 00:00 0 
7f34a007c000-7f34a017c000 rw-p 00000000 00:00 0 
7f34a017c000-7f34a0189000 r-xp 00000000 08:02 2495133                    /usr/lib/jvm/java-8-oracle/jre/lib/amd64/libverify.so
7f34a0189000-7f34a0388000 ---p 0000d000 08:02 2495133                    /usr/lib/jvm/java-8-oracle/jre/lib/amd64/libverify.so
7f34a0388000-7f34a038a000 r--p 0000c000 08:02 2495133                    /usr/lib/jvm/java-8-oracle/jre/lib/amd64/libverify.so
7f34a038a000-7f34a038b000 rw-p 0000e000 08:02 2495133                    /usr/lib/jvm/java-8-oracle/jre/lib/amd64/libverify.so
7f34a038b000-7f34a0392000 r-xp 00000000 08:02 6558509                    /lib/x86_64-linux-gnu/librt-2.27.so
7f34a0392000-7f34a0591000 ---p 00007000 08:02 6558509                    /lib/x86_64-linux-gnu/librt-2.27.so
7f34a0591000-7f34a0592000 r--p 00006000 08:02 6558509                    /lib/x86_64-linux-gnu/librt-2.27.so
7f34a0592000-7f34a0593000 rw-p 00007000 08:02 6558509                    /lib/x86_64-linux-gnu/librt-2.27.so
7f34a0593000-7f34a0730000 r-xp 00000000 08:02 6558431                    /lib/x86_64-linux-gnu/libm-2.27.so
7f34a0730000-7f34a092f000 ---p 0019d000 08:02 6558431                    /lib/x86_64-linux-gnu/libm-2.27.so
7f34a092f000-7f34a0930000 r--p 0019c000 08:02 6558431                    /lib/x86_64-linux-gnu/libm-2.27.so
7f34a0930000-7f34a0931000 rw-p 0019d000 08:02 6558431                    /lib/x86_64-linux-gnu/libm-2.27.so
7f34a0931000-7f34a1619000 r-xp 00000000 08:02 2495110                    /usr/lib/jvm/java-8-oracle/jre/lib/amd64/server/libjvm.so
7f34a1619000-7f34a1818000 ---p 00ce8000 08:02 2495110                    /usr/lib/jvm/java-8-oracle/jre/lib/amd64/server/libjvm.so
7f34a1818000-7f34a18ae000 r--p 00ce7000 08:02 2495110                    /usr/lib/jvm/java-8-oracle/jre/lib/amd64/server/libjvm.so
7f34a18ae000-7f34a18df000 rw-p 00d7d000 08:02 2495110                    /usr/lib/jvm/java-8-oracle/jre/lib/amd64/server/libjvm.so
7f34a18df000-7f34a191a000 rw-p 00000000 00:00 0 
7f34a191a000-7f34a1b01000 r-xp 00000000 08:02 6558368                    /lib/x86_64-linux-gnu/libc-2.27.so
7f34a1b01000-7f34a1d01000 ---p 001e7000 08:02 6558368                    /lib/x86_64-linux-gnu/libc-2.27.so
7f34a1d01000-7f34a1d05000 r--p 001e7000 08:02 6558368                    /lib/x86_64-linux-gnu/libc-2.27.so
7f34a1d05000-7f34a1d07000 rw-p 001eb000 08:02 6558368                    /lib/x86_64-linux-gnu/libc-2.27.so
7f34a1d07000-7f34a1d0b000 rw-p 00000000 00:00 0 
7f34a1d0b000-7f34a1d0e000 r-xp 00000000 08:02 6558391                    /lib/x86_64-linux-gnu/libdl-2.27.so
7f34a1d0e000-7f34a1f0d000 ---p 00003000 08:02 6558391                    /lib/x86_64-linux-gnu/libdl-2.27.so
7f34a1f0d000-7f34a1f0e000 r--p 00002000 08:02 6558391                    /lib/x86_64-linux-gnu/libdl-2.27.so
7f34a1f0e000-7f34a1f0f000 rw-p 00003000 08:02 6558391                    /lib/x86_64-linux-gnu/libdl-2.27.so
7f34a1f0f000-7f34a1f26000 r-xp 00000000 08:02 2236600                    /usr/lib/jvm/java-8-oracle/lib/amd64/jli/libjli.so
7f34a1f26000-7f34a2125000 ---p 00017000 08:02 2236600                    /usr/lib/jvm/java-8-oracle/lib/amd64/jli/libjli.so
7f34a2125000-7f34a2126000 r--p 00016000 08:02 2236600                    /usr/lib/jvm/java-8-oracle/lib/amd64/jli/libjli.so
7f34a2126000-7f34a2127000 rw-p 00017000 08:02 2236600                    /usr/lib/jvm/java-8-oracle/lib/amd64/jli/libjli.so
7f34a2127000-7f34a2141000 r-xp 00000000 08:02 6558501                    /lib/x86_64-linux-gnu/libpthread-2.27.so
7f34a2141000-7f34a2340000 ---p 0001a000 08:02 6558501                    /lib/x86_64-linux-gnu/libpthread-2.27.so
7f34a2340000-7f34a2341000 r--p 00019000 08:02 6558501                    /lib/x86_64-linux-gnu/libpthread-2.27.so
7f34a2341000-7f34a2342000 rw-p 0001a000 08:02 6558501                    /lib/x86_64-linux-gnu/libpthread-2.27.so
7f34a2342000-7f34a2346000 rw-p 00000000 00:00 0 
7f34a2346000-7f34a236d000 r-xp 00000000 08:02 6558340                    /lib/x86_64-linux-gnu/ld-2.27.so
7f34a236e000-7f34a2372000 r--s 000a1000 08:02 923592                     /usr/lib/jvm/java-8-oracle/jre/lib/jsse.jar
7f34a2372000-7f34a2377000 r--s 00084000 08:02 923564                     /usr/lib/jvm/java-8-oracle/jre/lib/jfr.jar
7f34a2377000-7f34a2381000 r--s 0006e000 08:02 923574                     /usr/lib/jvm/java-8-oracle/jre/lib/javaws.jar
7f34a2381000-7f34a2452000 rw-p 00000000 00:00 0 
7f34a2452000-7f34a2453000 ---p 00000000 00:00 0 
7f34a2453000-7f34a2456000 ---p 00000000 00:00 0 
7f34a2456000-7f34a2557000 rw-p 00000000 00:00 0 
7f34a2558000-7f34a2559000 r--s 00000000 08:02 923571                     /usr/lib/jvm/java-8-oracle/jre/lib/management-agent.jar
7f34a2559000-7f34a255b000 r--s 00007000 08:02 923600                     /usr/lib/jvm/java-8-oracle/jre/lib/jfxswt.jar
7f34a255b000-7f34a255e000 r--s 0001a000 08:02 923598                     /usr/lib/jvm/java-8-oracle/jre/lib/jce.jar
7f34a255e000-7f34a2563000 r--s 002f9000 08:02 923585                     /usr/lib/jvm/java-8-oracle/jre/lib/charsets.jar
7f34a2563000-7f34a256b000 rw-s 00000000 08:02 3147268                    /tmp/hsperfdata_delinvas/16108
7f34a256b000-7f34a256c000 rw-p 00000000 00:00 0 
7f34a256c000-7f34a256d000 ---p 00000000 00:00 0 
7f34a256d000-7f34a256e000 r--p 00027000 08:02 6558340                    /lib/x86_64-linux-gnu/ld-2.27.so
7f34a256e000-7f34a256f000 rw-p 00028000 08:02 6558340                    /lib/x86_64-linux-gnu/ld-2.27.so
7f34a256f000-7f34a2570000 rw-p 00000000 00:00 0 
7fff354b8000-7fff354da000 rw-p 00000000 00:00 0                          [stack]
7fff3555c000-7fff3555f000 r--p 00000000 00:00 0                          [vvar]
7fff3555f000-7fff35561000 r-xp 00000000 00:00 0                          [vdso]
ffffffffff600000-ffffffffff601000 r-xp 00000000 00:00 0                  [vsyscall]

VM Arguments:
jvm_args: -DentityExpansionLimit=2500000 -javaagent:/opt/idea-IU-191.6183.87/lib/idea_rt.jar=45085:/opt/idea-IU-191.6183.87/bin -Dfile.encoding=UTF-8 
java_command: stream.ScipiKafkaStream
java_class_path (initial): /usr/lib/jvm/java-8-oracle/jre/lib/charsets.jar:/usr/lib/jvm/java-8-oracle/jre/lib/deploy.jar:/usr/lib/jvm/java-8-oracle/jre/lib/ext/cldrdata.jar:/usr/lib/jvm/java-8-oracle/jre/lib/ext/dnsns.jar:/usr/lib/jvm/java-8-oracle/jre/lib/ext/jaccess.jar:/usr/lib/jvm/java-8-oracle/jre/lib/ext/jfxrt.jar:/usr/lib/jvm/java-8-oracle/jre/lib/ext/localedata.jar:/usr/lib/jvm/java-8-oracle/jre/lib/ext/nashorn.jar:/usr/lib/jvm/java-8-oracle/jre/lib/ext/sunec.jar:/usr/lib/jvm/java-8-oracle/jre/lib/ext/sunjce_provider.jar:/usr/lib/jvm/java-8-oracle/jre/lib/ext/sunpkcs11.jar:/usr/lib/jvm/java-8-oracle/jre/lib/ext/zipfs.jar:/usr/lib/jvm/java-8-oracle/jre/lib/javaws.jar:/usr/lib/jvm/java-8-oracle/jre/lib/jce.jar:/usr/lib/jvm/java-8-oracle/jre/lib/jfr.jar:/usr/lib/jvm/java-8-oracle/jre/lib/jfxswt.jar:/usr/lib/jvm/java-8-oracle/jre/lib/jsse.jar:/usr/lib/jvm/java-8-oracle/jre/lib/management-agent.jar:/usr/lib/jvm/java-8-oracle/jre/lib/plugin.jar:/usr/lib/jvm/java-8-oracle/jre/lib/resources.jar:/usr/lib/jvm/java-8-oracle/jre/lib/rt.jar:/home/delinvas/repos/SciPi/src/scipikafka/target/classes:/home/delinvas/.m2/repository/org/apache/kafka/kafka-clients/1.1.0/kafka-clients-1.1.0.jar:/home/delinvas/.m2/repository/org/lz4/lz4-java/1.4/lz4-java-1.4.jar:/home/delinvas/.m2/repository/org/xerial/snappy/snappy-java/1.1.7.1/snappy-java-1.1.7.1.jar:/home/delinvas/.m2/repository/org/slf4j/slf4j-api/1.7.25/slf4j-api-1.7.25.jar:/home/delinvas/.m2/repository/com/fasterxml/jackson/core/jackson-databind/2.9.9/jackson-databind-2.9.9.jar:/home/delinvas/.m2/repository/com/fasterxml/jackson/core/jackson-annotations/2.9.0/jackson-annotations-2.9.0.jar:/home/delinvas/.m2/repository/com/fasterxml/jackson/core/jackson-core/2.9.9/jackson-core-2.9.9.jar:/opt/idea-IU-191.6183.87/lib/idea_rt.jar
Launcher Type: SUN_STANDARD

Environment Variables:
JAVA_HOME=/usr/lib/jvm/java-8-oracle
PATH=/home/delinvas/.local/bin:/usr/local/sbin:/usr/local/bin:/usr/sbin:/usr/bin:/sbin:/bin:/usr/games:/usr/local/games:/opt/apache-maven-3.2.5/bin:/snap/bin:/usr/lib/jvm/java-8-oracle/bin:/usr/lib/jvm/java-8-oracle/db/bin:/usr/lib/jvm/java-8-oracle/jre/bin
USERNAME=delinvas
SHELL=/bin/bash
DISPLAY=:0

Signal Handlers:
SIGSEGV: [libjvm.so+0xad3e60], sa_mask[0]=11111111011111111101111111111110, sa_flags=SA_RESTART|SA_SIGINFO
SIGBUS: [libjvm.so+0xad3e60], sa_mask[0]=11111111011111111101111111111110, sa_flags=SA_RESTART|SA_SIGINFO
SIGFPE: [libjvm.so+0x90b880], sa_mask[0]=11111111011111111101111111111110, sa_flags=SA_RESTART|SA_SIGINFO
SIGPIPE: [libjvm.so+0x90b880], sa_mask[0]=11111111011111111101111111111110, sa_flags=SA_RESTART|SA_SIGINFO
SIGXFSZ: [libjvm.so+0x90b880], sa_mask[0]=11111111011111111101111111111110, sa_flags=SA_RESTART|SA_SIGINFO
SIGILL: [libjvm.so+0x90b880], sa_mask[0]=11111111011111111101111111111110, sa_flags=SA_RESTART|SA_SIGINFO
SIGUSR1: SIG_DFL, sa_mask[0]=00000000000000000000000000000000, sa_flags=none
SIGUSR2: [libjvm.so+0x90b750], sa_mask[0]=00100000000000000000000000000000, sa_flags=SA_RESTART|SA_SIGINFO
SIGHUP: [libjvm.so+0x90bd70], sa_mask[0]=11111111011111111101111111111110, sa_flags=SA_RESTART|SA_SIGINFO
SIGINT: [libjvm.so+0x90bd70], sa_mask[0]=11111111011111111101111111111110, sa_flags=SA_RESTART|SA_SIGINFO
SIGTERM: [libjvm.so+0x90bd70], sa_mask[0]=11111111011111111101111111111110, sa_flags=SA_RESTART|SA_SIGINFO
SIGQUIT: [libjvm.so+0x90bd70], sa_mask[0]=11111111011111111101111111111110, sa_flags=SA_RESTART|SA_SIGINFO


---------------  S Y S T E M  ---------------

OS:DISTRIB_ID=Ubuntu
DISTRIB_RELEASE=18.04
DISTRIB_CODENAME=bionic
DISTRIB_DESCRIPTION="Ubuntu 18.04.1 LTS"

uname:Linux 4.15.0-50-generic #54-Ubuntu SMP Mon May 6 18:46:08 UTC 2019 x86_64
libc:glibc 2.27 NPTL 2.27 
rlimit: STACK 8192k, CORE 0k, NPROC 30433, NOFILE 1048576, AS infinity
load average:5.89 2.01 1.33

/proc/meminfo:
MemTotal:        8049120 kB
MemFree:          109296 kB
MemAvailable:       9048 kB
Buffers:             428 kB
Cached:           179852 kB
SwapCached:         1820 kB
Active:          4667768 kB
Inactive:         675984 kB
Active(anon):    4664972 kB
Inactive(anon):   671264 kB
Active(file):       2796 kB
Inactive(file):     4720 kB
Unevictable:     2239756 kB
Mlocked:         2239756 kB
SwapTotal:       2097148 kB
SwapFree:              0 kB
Dirty:               124 kB
Writeback:             0 kB
AnonPages:       7402736 kB
Mapped:            87540 kB
Shmem:            138404 kB
Slab:             168240 kB
SReclaimable:      63852 kB
SUnreclaim:       104388 kB
KernelStack:       21584 kB
PageTables:        85484 kB
NFS_Unstable:          0 kB
Bounce:                0 kB
WritebackTmp:          0 kB
CommitLimit:     6121708 kB
Committed_AS:   20762948 kB
VmallocTotal:   34359738367 kB
VmallocUsed:           0 kB
VmallocChunk:          0 kB
HardwareCorrupted:     0 kB
AnonHugePages:         0 kB
ShmemHugePages:        0 kB
ShmemPmdMapped:        0 kB
CmaTotal:              0 kB
CmaFree:               0 kB
HugePages_Total:       0
HugePages_Free:        0
HugePages_Rsvd:        0
HugePages_Surp:        0
Hugepagesize:       2048 kB
DirectMap4k:      300484 kB
DirectMap2M:     4823040 kB
DirectMap1G:     3145728 kB

container (cgroup) information:
container_type: cgroupv1
cpu_cpuset_cpus: 0-3
cpu_memory_nodes: 0
active_processor_count: 4
cpu_quota: -1
cpu_period: 100000
cpu_shares: -1
memory_limit_in_bytes: -1
memory_and_swap_limit_in_bytes: -2
memory_soft_limit_in_bytes: -1
memory_usage_in_bytes: 5609340928
memory_max_usage_in_bytes: 5631406080


CPU:total 4 (initial active 4) (2 cores per cpu, 2 threads per core) family 6 model 69 stepping 1, cmov, cx8, fxsr, mmx, sse, sse2, sse3, ssse3, sse4.1, sse4.2, popcnt, avx, avx2, aes, clmul, erms, lzcnt, ht, tsc, tscinvbit, bmi1, bmi2

/proc/cpuinfo:
processor	: 0
vendor_id	: GenuineIntel
cpu family	: 6
model		: 69
model name	: Intel(R) Core(TM) i7-4510U CPU @ 2.00GHz
stepping	: 1
microcode	: 0x25
cpu MHz		: 2643.343
cache size	: 4096 KB
physical id	: 0
siblings	: 4
core id		: 0
cpu cores	: 2
apicid		: 0
initial apicid	: 0
fpu		: yes
fpu_exception	: yes
cpuid level	: 13
wp		: yes
flags		: fpu vme de pse tsc msr pae mce cx8 apic sep mtrr pge mca cmov pat pse36 clflush dts acpi mmx fxsr sse sse2 ss ht tm pbe syscall nx pdpe1gb rdtscp lm constant_tsc arch_perfmon pebs bts rep_good nopl xtopology nonstop_tsc cpuid aperfmperf pni pclmulqdq dtes64 monitor ds_cpl vmx est tm2 ssse3 sdbg fma cx16 xtpr pdcm pcid sse4_1 sse4_2 movbe popcnt tsc_deadline_timer aes xsave avx f16c rdrand lahf_lm abm cpuid_fault epb invpcid_single pti ssbd ibrs ibpb stibp tpr_shadow vnmi flexpriority ept vpid fsgsbase tsc_adjust bmi1 avx2 smep bmi2 erms invpcid xsaveopt dtherm ida arat pln pts md_clear flush_l1d
bugs		: cpu_meltdown spectre_v1 spectre_v2 spec_store_bypass l1tf mds
bogomips	: 5187.52
clflush size	: 64
cache_alignment	: 64
address sizes	: 39 bits physical, 48 bits virtual
power management:

processor	: 1
vendor_id	: GenuineIntel
cpu family	: 6
model		: 69
model name	: Intel(R) Core(TM) i7-4510U CPU @ 2.00GHz
stepping	: 1
microcode	: 0x25
cpu MHz		: 2758.092
cache size	: 4096 KB
physical id	: 0
siblings	: 4
core id		: 1
cpu cores	: 2
apicid		: 2
initial apicid	: 2
fpu		: yes
fpu_exception	: yes
cpuid level	: 13
wp		: yes
flags		: fpu vme de pse tsc msr pae mce cx8 apic sep mtrr pge mca cmov pat pse36 clflush dts acpi mmx fxsr sse sse2 ss ht tm pbe syscall nx pdpe1gb rdtscp lm constant_tsc arch_perfmon pebs bts rep_good nopl xtopology nonstop_tsc cpuid aperfmperf pni pclmulqdq dtes64 monitor ds_cpl vmx est tm2 ssse3 sdbg fma cx16 xtpr pdcm pcid sse4_1 sse4_2 movbe popcnt tsc_deadline_timer aes xsave avx f16c rdrand lahf_lm abm cpuid_fault epb invpcid_single pti ssbd ibrs ibpb stibp tpr_shadow vnmi flexpriority ept vpid fsgsbase tsc_adjust bmi1 avx2 smep bmi2 erms invpcid xsaveopt dtherm ida arat pln pts md_clear flush_l1d
bugs		: cpu_meltdown spectre_v1 spectre_v2 spec_store_bypass l1tf mds
bogomips	: 5187.52
clflush size	: 64
cache_alignment	: 64
address sizes	: 39 bits physical, 48 bits virtual
power management:

processor	: 2
vendor_id	: GenuineIntel
cpu family	: 6
model		: 69
model name	: Intel(R) Core(TM) i7-4510U CPU @ 2.00GHz
stepping	: 1
microcode	: 0x25
cpu MHz		: 2792.395
cache size	: 4096 KB
physical id	: 0
siblings	: 4
core id		: 0
cpu cores	: 2
apicid		: 1
initial apicid	: 1
fpu		: yes
fpu_exception	: yes
cpuid level	: 13
wp		: yes
flags		: fpu vme de pse tsc msr pae mce cx8 apic sep mtrr pge mca cmov pat pse36 clflush dts acpi mmx fxsr sse sse2 ss ht tm pbe syscall nx pdpe1gb rdtscp lm constant_tsc arch_perfmon pebs bts rep_good nopl xtopology nonstop_tsc cpuid aperfmperf pni pclmulqdq dtes64 monitor ds_cpl vmx est tm2 ssse3 sdbg fma cx16 xtpr pdcm pcid sse4_1 sse4_2 movbe popcnt tsc_deadline_timer aes xsave avx f16c rdrand lahf_lm abm cpuid_fault epb invpcid_single pti ssbd ibrs ibpb stibp tpr_shadow vnmi flexpriority ept vpid fsgsbase tsc_adjust bmi1 avx2 smep bmi2 erms invpcid xsaveopt dtherm ida arat pln pts md_clear flush_l1d
bugs		: cpu_meltdown spectre_v1 spectre_v2 spec_store_bypass l1tf mds
bogomips	: 5187.52
clflush size	: 64
cache_alignment	: 64
address sizes	: 39 bits physical, 48 bits virtual
power management:

processor	: 3
vendor_id	: GenuineIntel
cpu family	: 6
model		: 69
model name	: Intel(R) Core(TM) i7-4510U CPU @ 2.00GHz
stepping	: 1
microcode	: 0x25
cpu MHz		: 2772.135
cache size	: 4096 KB
physical id	: 0
siblings	: 4
core id		: 1
cpu cores	: 2
apicid		: 3
initial apicid	: 3
fpu		: yes
fpu_exception	: yes
cpuid level	: 13
wp		: yes
flags		: fpu vme de pse tsc msr pae mce cx8 apic sep mtrr pge mca cmov pat pse36 clflush dts acpi mmx fxsr sse sse2 ss ht tm pbe syscall nx pdpe1gb rdtscp lm constant_tsc arch_perfmon pebs bts rep_good nopl xtopology nonstop_tsc cpuid aperfmperf pni pclmulqdq dtes64 monitor ds_cpl vmx est tm2 ssse3 sdbg fma cx16 xtpr pdcm pcid sse4_1 sse4_2 movbe popcnt tsc_deadline_timer aes xsave avx f16c rdrand lahf_lm abm cpuid_fault epb invpcid_single pti ssbd ibrs ibpb stibp tpr_shadow vnmi flexpriority ept vpid fsgsbase tsc_adjust bmi1 avx2 smep bmi2 erms invpcid xsaveopt dtherm ida arat pln pts md_clear flush_l1d
bugs		: cpu_meltdown spectre_v1 spectre_v2 spec_store_bypass l1tf mds
bogomips	: 5187.52
clflush size	: 64
cache_alignment	: 64
address sizes	: 39 bits physical, 48 bits virtual
power management:



Memory: 4k page, physical 8049120k(108492k free), swap 2097148k(12k free)

vm_info: Java HotSpot(TM) 64-Bit Server VM (25.201-b09) for linux-amd64 JRE (1.8.0_201-b09), built on Dec 15 2018 11:35:59 by "java_re" with gcc 7.3.0

time: Wed Jun  5 23:45:44 2019
timezone: CEST
elapsed time: 65 seconds (0d 0h 1m 5s)

