#
# There is insufficient memory for the Java Runtime Environment to continue.
# Native memory allocation (mmap) failed to map 120061952 bytes for committing reserved memory.
# Possible reasons:
#   The system is out of physical RAM or swap space
#   The process is running with CompressedOops enabled, and the Java Heap may be blocking the growth of the native heap
# Possible solutions:
#   Reduce memory load on the system
#   Increase physical memory or swap space
#   Check if swap backing store is full
#   Decrease Java heap size (-Xmx/-Xms)
#   Decrease number of Java threads
#   Decrease Java thread stack sizes (-Xss)
#   Set larger code cache with -XX:ReservedCodeCacheSize=
#   JVM is running with Unscaled Compressed Oops mode in which the Java heap is
#     placed in the first 4GB address space. The Java Heap base address is the
#     maximum limit for the native heap growth. Please use -XX:HeapBaseMinAddress
#     to set the Java Heap base and to place the Java Heap above 4GB virtual address.
# This output file may be truncated or incomplete.
#
#  Out of Memory Error (os_linux.cpp:2749), pid=2744, tid=0x00007fe7cc2f2700
#
# JRE version: Java(TM) SE Runtime Environment (8.0_201-b09) (build 1.8.0_201-b09)
# Java VM: Java HotSpot(TM) 64-Bit Server VM (25.201-b09 mixed mode linux-amd64 compressed oops)
# Failed to write core dump. Core dumps have been disabled. To enable core dumping, try "ulimit -c unlimited" before starting Java again
#

---------------  T H R E A D  ---------------

Current thread (0x00007fe7dc142800):  VMThread [stack: 0x00007fe7cc1f3000,0x00007fe7cc2f3000] [id=2758]

Stack: [0x00007fe7cc1f3000,0x00007fe7cc2f3000],  sp=0x00007fe7cc2f13d0,  free space=1016k
Native frames: (J=compiled Java code, j=interpreted, Vv=VM code, C=native code)
V  [libjvm.so+0xad3525]  VMError::report_and_die()+0x2e5
V  [libjvm.so+0x4e0457]  report_vm_out_of_memory(char const*, int, unsigned long, VMErrorType, char const*)+0x67
V  [libjvm.so+0x9102f0]  os::pd_commit_memory(char*, unsigned long, unsigned long, bool)+0x100
V  [libjvm.so+0x90791f]  os::commit_memory(char*, unsigned long, unsigned long, bool)+0x1f
V  [libjvm.so+0x98c806]  PSVirtualSpace::expand_by(unsigned long)+0x56
V  [libjvm.so+0x97badb]  PSOldGen::expand_by(unsigned long) [clone .part.28]+0x1b
V  [libjvm.so+0x97bc98]  PSOldGen::expand(unsigned long) [clone .part.29]+0xa8
V  [libjvm.so+0x97c841]  PSOldGen::resize(unsigned long)+0xe1
V  [libjvm.so+0x98297c]  PSParallelCompact::invoke_no_policy(bool) [clone .part.118]+0xa2c
V  [libjvm.so+0x98a795]  PSScavenge::invoke()+0x215
V  [libjvm.so+0x93a318]  ParallelScavengeHeap::failed_mem_allocate(unsigned long)+0x68
V  [libjvm.so+0xad5073]  VM_ParallelGCFailedAllocation::doit()+0x93
V  [libjvm.so+0xada296]  VM_Operation::evaluate()+0x46
V  [libjvm.so+0xad85cd]  VMThread::evaluate_operation(VM_Operation*) [clone .constprop.44]+0xcd
V  [libjvm.so+0xad8bb3]  VMThread::loop()+0x3a3
V  [libjvm.so+0xad8f88]  VMThread::run()+0x78
V  [libjvm.so+0x90d922]  java_start(Thread*)+0x102

VM_Operation (0x00007fe7e516b310): ParallelGCFailedAllocation, mode: safepoint, requested by thread 0x00007fe7dc00d000


---------------  P R O C E S S  ---------------

Java Threads: ( => current thread )
  0x00007fe7a4001000 JavaThread "Attach Listener" daemon [_thread_blocked, id=2780, stack(0x00007fe7ae4c4000,0x00007fe7ae5c5000)]
  0x00007fe7dc4d5000 JavaThread "kafka-producer-network-thread | producer-1" daemon [_thread_blocked, id=2778, stack(0x00007fe7ae5c5000,0x00007fe7ae6c6000)]
  0x00007fe7dc244000 JavaThread "Service Thread" daemon [_thread_blocked, id=2776, stack(0x00007fe7aede3000,0x00007fe7aeee4000)]
  0x00007fe7dc23f000 JavaThread "C1 CompilerThread2" daemon [_thread_blocked, id=2775, stack(0x00007fe7aeee5000,0x00007fe7aefe5000)]
  0x00007fe7dc23d000 JavaThread "C2 CompilerThread1" daemon [_thread_blocked, id=2774, stack(0x00007fe7af1fe000,0x00007fe7af2fe000)]
  0x00007fe7dc23b000 JavaThread "C2 CompilerThread0" daemon [_thread_blocked, id=2773, stack(0x00007fe7af2ff000,0x00007fe7af3ff000)]
  0x00007fe7dc239800 JavaThread "Monitor Ctrl-Break" daemon [_thread_in_native, id=2772, stack(0x00007fe7af3ff000,0x00007fe7af500000)]
  0x00007fe7dc182800 JavaThread "Signal Dispatcher" daemon [_thread_blocked, id=2769, stack(0x00007fe7bc08e000,0x00007fe7bc18f000)]
  0x00007fe7dc14e800 JavaThread "Finalizer" daemon [_thread_blocked, id=2764, stack(0x00007fe7bc18f000,0x00007fe7bc290000)]
  0x00007fe7dc14c000 JavaThread "Reference Handler" daemon [_thread_blocked, id=2761, stack(0x00007fe7cc0f1000,0x00007fe7cc1f2000)]
  0x00007fe7dc00d000 JavaThread "main" [_thread_blocked, id=2748, stack(0x00007fe7e506d000,0x00007fe7e516d000)]

Other Threads:
=>0x00007fe7dc142800 VMThread [stack: 0x00007fe7cc1f3000,0x00007fe7cc2f3000] [id=2758]
  0x00007fe7dc247000 WatcherThread [stack: 0x00007fe7aece3000,0x00007fe7aede3000] [id=2777]

VM state:at safepoint (normal execution)

VM Mutex/Monitor currently owned by a thread:  ([mutex/lock_event])
[0x00007fe7dc009250] ExpandHeap_lock - owner thread: 0x00007fe7dc142800
[0x00007fe7dc0098d0] Threads_lock - owner thread: 0x00007fe7dc142800
[0x00007fe7dc009dd0] Heap_lock - owner thread: 0x00007fe7dc00d000

heap address: 0x0000000085200000, size: 1966 MB, Compressed Oops mode: 32-bit
Narrow klass base: 0x0000000000000000, Narrow klass shift: 3
Compressed class space size: 1073741824 Address: 0x0000000100000000

Heap:
 PSYoungGen      total 562688K, used 0K [0x00000000d7100000, 0x0000000100000000, 0x0000000100000000)
  eden space 523264K, 0% used [0x00000000d7100000,0x00000000d7100000,0x00000000f7000000)
  from space 39424K, 0% used [0x00000000fd100000,0x00000000fd100000,0x00000000ff780000)
  to   space 73728K, 0% used [0x00000000f7000000,0x00000000f7000000,0x00000000fb800000)
 ParOldGen       total 266240K, used 227842K [0x0000000085200000, 0x0000000095600000, 0x00000000d7100000)
  object space 266240K, 85% used [0x0000000085200000,0x00000000930809d0,0x0000000095600000)
 Metaspace       used 15225K, capacity 15366K, committed 15616K, reserved 1062912K
  class space    used 1661K, capacity 1727K, committed 1792K, reserved 1048576K

Card table byte_map: [0x00007fe7e1766000,0x00007fe7e1b3e000] byte_map_base: 0x00007fe7e133d000

Marking Bits: (ParMarkBitMap*) 0x00007fe7e4516d80
 Begin Bits: [0x00007fe7bc290000, 0x00007fe7be148000)
 End Bits:   [0x00007fe7be148000, 0x00007fe7c0000000)

Polling page: 0x00007fe7e5186000

CodeCache: size=245760Kb used=8645Kb max_used=9535Kb free=237114Kb
 bounds [0x00007fe7cd000000, 0x00007fe7cd9a0000, 0x00007fe7dc000000]
 total_blobs=2500 nmethods=2042 adapters=371
 compilation: enabled

Compilation events (10 events):
Event: 59.199 Thread 0x00007fe7dc23b000 2551       4       org.apache.kafka.clients.producer.internals.Sender::completeBatch (515 bytes)
Event: 59.222 Thread 0x00007fe7dc23b000 nmethod 2551 0x00007fe7cd33d210 code [0x00007fe7cd33d4e0, 0x00007fe7cd33e630]
Event: 59.260 Thread 0x00007fe7dc23d000 2552   !   4       org.apache.kafka.clients.producer.internals.RecordAccumulator::ready (392 bytes)
Event: 59.354 Thread 0x00007fe7dc23d000 nmethod 2552 0x00007fe7cd44fa10 code [0x00007fe7cd44fe60, 0x00007fe7cd453000]
Event: 61.800 Thread 0x00007fe7dc23f000 2553       3       java.util.concurrent.locks.ReentrantLock$Sync::nonfairTryAcquire (67 bytes)
Event: 61.800 Thread 0x00007fe7dc23f000 nmethod 2553 0x00007fe7cd506590 code [0x00007fe7cd506740, 0x00007fe7cd506e68]
Event: 62.188 Thread 0x00007fe7dc23b000 2554   !   4       org.apache.kafka.clients.producer.internals.BufferPool::allocate (737 bytes)
Event: 62.213 Thread 0x00007fe7dc23b000 nmethod 2554 0x00007fe7cd257750 code [0x00007fe7cd257ac0, 0x00007fe7cd258b00]
Event: 63.319 Thread 0x00007fe7dc23f000 2555       3       java.util.concurrent.locks.ReentrantLock$NonfairSync::tryAcquire (6 bytes)
Event: 63.319 Thread 0x00007fe7dc23f000 nmethod 2555 0x00007fe7cd33cdd0 code [0x00007fe7cd33cf40, 0x00007fe7cd33d148]

GC Heap History (10 events):
Event: 52.770 GC heap after
Heap after GC invocations=30 (full 2):
 PSYoungGen      total 599552K, used 14281K [0x00000000d7100000, 0x00000000fd780000, 0x0000000100000000)
  eden space 572928K, 0% used [0x00000000d7100000,0x00000000d7100000,0x00000000fa080000)
  from space 26624K, 53% used [0x00000000fbd80000,0x00000000fcb72670,0x00000000fd780000)
  to   space 28160K, 0% used [0x00000000fa080000,0x00000000fa080000,0x00000000fbc00000)
 ParOldGen       total 266240K, used 150849K [0x0000000085200000, 0x0000000095600000, 0x00000000d7100000)
  object space 266240K, 56% used [0x0000000085200000,0x000000008e550548,0x0000000095600000)
 Metaspace       used 15225K, capacity 15366K, committed 15616K, reserved 1062912K
  class space    used 1661K, capacity 1727K, committed 1792K, reserved 1048576K
}
Event: 54.889 GC heap before
{Heap before GC invocations=31 (full 2):
 PSYoungGen      total 599552K, used 587209K [0x00000000d7100000, 0x00000000fd780000, 0x0000000100000000)
  eden space 572928K, 100% used [0x00000000d7100000,0x00000000fa080000,0x00000000fa080000)
  from space 26624K, 53% used [0x00000000fbd80000,0x00000000fcb72670,0x00000000fd780000)
  to   space 28160K, 0% used [0x00000000fa080000,0x00000000fa080000,0x00000000fbc00000)
 ParOldGen       total 266240K, used 150849K [0x0000000085200000, 0x0000000095600000, 0x00000000d7100000)
  object space 266240K, 56% used [0x0000000085200000,0x000000008e550548,0x0000000095600000)
 Metaspace       used 15225K, capacity 15366K, committed 15616K, reserved 1062912K
  class space    used 1661K, capacity 1727K, committed 1792K, reserved 1048576K
Event: 54.908 GC heap after
Heap after GC invocations=31 (full 2):
 PSYoungGen      total 601088K, used 26823K [0x00000000d7100000, 0x00000000fe580000, 0x0000000100000000)
  eden space 572928K, 0% used [0x00000000d7100000,0x00000000d7100000,0x00000000fa080000)
  from space 28160K, 95% used [0x00000000fa080000,0x00000000fbab1f20,0x00000000fbc00000)
  to   space 31744K, 0% used [0x00000000fc680000,0x00000000fc680000,0x00000000fe580000)
 ParOldGen       total 266240K, used 150849K [0x0000000085200000, 0x0000000095600000, 0x00000000d7100000)
  object space 266240K, 56% used [0x0000000085200000,0x000000008e550548,0x0000000095600000)
 Metaspace       used 15225K, capacity 15366K, committed 15616K, reserved 1062912K
  class space    used 1661K, capacity 1727K, committed 1792K, reserved 1048576K
}
Event: 56.871 GC heap before
{Heap before GC invocations=32 (full 2):
 PSYoungGen      total 601088K, used 599751K [0x00000000d7100000, 0x00000000fe580000, 0x0000000100000000)
  eden space 572928K, 100% used [0x00000000d7100000,0x00000000fa080000,0x00000000fa080000)
  from space 28160K, 95% used [0x00000000fa080000,0x00000000fbab1f20,0x00000000fbc00000)
  to   space 31744K, 0% used [0x00000000fc680000,0x00000000fc680000,0x00000000fe580000)
 ParOldGen       total 266240K, used 150849K [0x0000000085200000, 0x0000000095600000, 0x00000000d7100000)
  object space 266240K, 56% used [0x0000000085200000,0x000000008e550548,0x0000000095600000)
 Metaspace       used 15225K, capacity 15366K, committed 15616K, reserved 1062912K
  class space    used 1661K, capacity 1727K, committed 1792K, reserved 1048576K
Event: 56.934 GC heap after
Heap after GC invocations=32 (full 2):
 PSYoungGen      total 604160K, used 31719K [0x00000000d7100000, 0x00000000ffa00000, 0x0000000100000000)
  eden space 572416K, 0% used [0x00000000d7100000,0x00000000d7100000,0x00000000fa000000)
  from space 31744K, 99% used [0x00000000fc680000,0x00000000fe579e00,0x00000000fe580000)
  to   space 39424K, 0% used [0x00000000fa000000,0x00000000fa000000,0x00000000fc680000)
 ParOldGen       total 266240K, used 159888K [0x0000000085200000, 0x0000000095600000, 0x00000000d7100000)
  object space 266240K, 60% used [0x0000000085200000,0x000000008ee24238,0x0000000095600000)
 Metaspace       used 15225K, capacity 15366K, committed 15616K, reserved 1062912K
  class space    used 1661K, capacity 1727K, committed 1792K, reserved 1048576K
}
Event: 62.455 GC heap before
{Heap before GC invocations=33 (full 2):
 PSYoungGen      total 604160K, used 604135K [0x00000000d7100000, 0x00000000ffa00000, 0x0000000100000000)
  eden space 572416K, 100% used [0x00000000d7100000,0x00000000fa000000,0x00000000fa000000)
  from space 31744K, 99% used [0x00000000fc680000,0x00000000fe579e00,0x00000000fe580000)
  to   space 39424K, 0% used [0x00000000fa000000,0x00000000fa000000,0x00000000fc680000)
 ParOldGen       total 266240K, used 159888K [0x0000000085200000, 0x0000000095600000, 0x00000000d7100000)
  object space 266240K, 60% used [0x0000000085200000,0x000000008ee24238,0x0000000095600000)
 Metaspace       used 15225K, capacity 15366K, committed 15616K, reserved 1062912K
  class space    used 1661K, capacity 1727K, committed 1792K, reserved 1048576K
Event: 62.479 GC heap after
Heap after GC invocations=33 (full 2):
 PSYoungGen      total 611840K, used 22704K [0x00000000d7100000, 0x00000000ff780000, 0x0000000100000000)
  eden space 572416K, 0% used [0x00000000d7100000,0x00000000d7100000,0x00000000fa000000)
  from space 39424K, 57% used [0x00000000fa000000,0x00000000fb62c3e0,0x00000000fc680000)
  to   space 39424K, 0% used [0x00000000fd100000,0x00000000fd100000,0x00000000ff780000)
 ParOldGen       total 266240K, used 165918K [0x0000000085200000, 0x0000000095600000, 0x00000000d7100000)
  object space 266240K, 62% used [0x0000000085200000,0x000000008f407998,0x0000000095600000)
 Metaspace       used 15225K, capacity 15366K, committed 15616K, reserved 1062912K
  class space    used 1661K, capacity 1727K, committed 1792K, reserved 1048576K
}
Event: 64.941 GC heap before
{Heap before GC invocations=34 (full 2):
 PSYoungGen      total 611840K, used 595120K [0x00000000d7100000, 0x00000000ff780000, 0x0000000100000000)
  eden space 572416K, 100% used [0x00000000d7100000,0x00000000fa000000,0x00000000fa000000)
  from space 39424K, 57% used [0x00000000fa000000,0x00000000fb62c3e0,0x00000000fc680000)
  to   space 39424K, 0% used [0x00000000fd100000,0x00000000fd100000,0x00000000ff780000)
 ParOldGen       total 266240K, used 165918K [0x0000000085200000, 0x0000000095600000, 0x00000000d7100000)
  object space 266240K, 62% used [0x0000000085200000,0x000000008f407998,0x0000000095600000)
 Metaspace       used 15225K, capacity 15366K, committed 15616K, reserved 1062912K
  class space    used 1661K, capacity 1727K, committed 1792K, reserved 1048576K
Event: 65.252 GC heap after
Heap after GC invocations=34 (full 2):
 PSYoungGen      total 562688K, used 39411K [0x00000000d7100000, 0x0000000100000000, 0x0000000100000000)
  eden space 523264K, 0% used [0x00000000d7100000,0x00000000d7100000,0x00000000f7000000)
  from space 39424K, 99% used [0x00000000fd100000,0x00000000ff77cd40,0x00000000ff780000)
  to   space 73728K, 0% used [0x00000000f7000000,0x00000000f7000000,0x00000000fb800000)
 ParOldGen       total 266240K, used 242980K [0x0000000085200000, 0x0000000095600000, 0x00000000d7100000)
  object space 266240K, 91% used [0x0000000085200000,0x0000000093f49228,0x0000000095600000)
 Metaspace       used 15225K, capacity 15366K, committed 15616K, reserved 1062912K
  class space    used 1661K, capacity 1727K, committed 1792K, reserved 1048576K
}
Event: 65.252 GC heap before
{Heap before GC invocations=35 (full 3):
 PSYoungGen      total 562688K, used 39411K [0x00000000d7100000, 0x0000000100000000, 0x0000000100000000)
  eden space 523264K, 0% used [0x00000000d7100000,0x00000000d7100000,0x00000000f7000000)
  from space 39424K, 99% used [0x00000000fd100000,0x00000000ff77cd40,0x00000000ff780000)
  to   space 73728K, 0% used [0x00000000f7000000,0x00000000f7000000,0x00000000fb800000)
 ParOldGen       total 266240K, used 242980K [0x0000000085200000, 0x0000000095600000, 0x00000000d7100000)
  object space 266240K, 91% used [0x0000000085200000,0x0000000093f49228,0x0000000095600000)
 Metaspace       used 15225K, capacity 15366K, committed 15616K, reserved 1062912K
  class space    used 1661K, capacity 1727K, committed 1792K, reserved 1048576K

Deoptimization events (10 events):
Event: 27.152 Thread 0x00007fe7dc00d000 Uncommon trap: reason=unloaded action=reinterpret pc=0x00007fe7cd6f5a48 method=sun.nio.cs.UTF_8$Encoder.encode([CII[B)I @ 153
Event: 28.695 Thread 0x00007fe7dc4d5000 Uncommon trap: reason=unstable_if action=reinterpret pc=0x00007fe7cd11984c method=org.apache.kafka.clients.producer.internals.RecordAccumulator.expiredBatches(IJ)Ljava/util/List; @ 146
Event: 32.643 Thread 0x00007fe7dc4d5000 Uncommon trap: reason=unstable_if action=reinterpret pc=0x00007fe7cd39b0a0 method=org.apache.kafka.clients.producer.internals.RecordAccumulator.ready(Lorg/apache/kafka/common/Cluster;J)Lorg/apache/kafka/clients/producer/internals/RecordAccumulator$ReadyCh
Event: 35.136 Thread 0x00007fe7dc4d5000 Uncommon trap: reason=unstable_if action=reinterpret pc=0x00007fe7cd735604 method=org.apache.kafka.common.metrics.stats.SampledStat$Sample.isComplete(JLorg/apache/kafka/common/metrics/MetricConfig;)Z @ 11
Event: 35.136 Thread 0x00007fe7dc4d5000 Uncommon trap: reason=unstable_if action=reinterpret pc=0x00007fe7cd671ec0 method=org.apache.kafka.common.metrics.stats.SampledStat$Sample.isComplete(JLorg/apache/kafka/common/metrics/MetricConfig;)Z @ 11
Event: 35.331 Thread 0x00007fe7dc4d5000 Uncommon trap: reason=unstable_if action=reinterpret pc=0x00007fe7cd803e84 method=java.lang.Math.max(DD)D @ 17
Event: 58.374 Thread 0x00007fe7dc00d000 Uncommon trap: reason=unloaded action=reinterpret pc=0x00007fe7cd28b688 method=org.apache.kafka.clients.producer.internals.BufferPool.allocate(IJ)Ljava/nio/ByteBuffer; @ 273
Event: 58.401 Thread 0x00007fe7dc4d5000 Uncommon trap: reason=null_assert action=make_not_entrant pc=0x00007fe7cd420750 method=org.apache.kafka.clients.producer.internals.BufferPool.deallocate(Ljava/nio/ByteBuffer;I)V @ 62
Event: 58.401 Thread 0x00007fe7dc4d5000 Uncommon trap: reason=unstable_if action=reinterpret pc=0x00007fe7cd5091c4 method=org.apache.kafka.clients.producer.internals.RecordAccumulator.ready(Lorg/apache/kafka/common/Cluster;J)Lorg/apache/kafka/clients/producer/internals/RecordAccumulator$ReadyCh
Event: 58.401 Thread 0x00007fe7dc00d000 Uncommon trap: reason=unstable_if action=reinterpret pc=0x00007fe7cd5b5acc method=org.apache.kafka.common.metrics.stats.SampledStat.current(J)Lorg/apache/kafka/common/metrics/stats/SampledStat$Sample; @ 9

Classes redefined (0 events):
No events

Internal exceptions (10 events):
Event: 5.103 Thread 0x00007fe7dc00d000 Exception <a 'java/lang/ArrayIndexOutOfBoundsException'> (0x00000000d8ae35f8) thrown at [/HUDSON/workspace/8-2-build-linux-amd64/jdk8u201/12317/hotspot/src/share/vm/runtime/sharedRuntime.cpp, line 605]
Event: 5.104 Thread 0x00007fe7dc00d000 Exception <a 'java/lang/ArrayIndexOutOfBoundsException'> (0x00000000d8aeb900) thrown at [/HUDSON/workspace/8-2-build-linux-amd64/jdk8u201/12317/hotspot/src/share/vm/runtime/sharedRuntime.cpp, line 605]
Event: 5.104 Thread 0x00007fe7dc00d000 Exception <a 'java/lang/ArrayIndexOutOfBoundsException'> (0x00000000d8aec968) thrown at [/HUDSON/workspace/8-2-build-linux-amd64/jdk8u201/12317/hotspot/src/share/vm/runtime/sharedRuntime.cpp, line 605]
Event: 5.104 Thread 0x00007fe7dc00d000 Exception <a 'java/lang/ArrayIndexOutOfBoundsException'> (0x00000000d8aed5d0) thrown at [/HUDSON/workspace/8-2-build-linux-amd64/jdk8u201/12317/hotspot/src/share/vm/runtime/sharedRuntime.cpp, line 605]
Event: 5.104 Thread 0x00007fe7dc00d000 Exception <a 'java/lang/ArrayIndexOutOfBoundsException'> (0x00000000d8aef340) thrown at [/HUDSON/workspace/8-2-build-linux-amd64/jdk8u201/12317/hotspot/src/share/vm/runtime/sharedRuntime.cpp, line 605]
Event: 5.104 Thread 0x00007fe7dc00d000 Exception <a 'java/lang/ArrayIndexOutOfBoundsException'> (0x00000000d8af0a38) thrown at [/HUDSON/workspace/8-2-build-linux-amd64/jdk8u201/12317/hotspot/src/share/vm/runtime/sharedRuntime.cpp, line 605]
Event: 5.105 Thread 0x00007fe7dc00d000 Exception <a 'java/lang/ArrayIndexOutOfBoundsException'> (0x00000000d8af89c0) thrown at [/HUDSON/workspace/8-2-build-linux-amd64/jdk8u201/12317/hotspot/src/share/vm/runtime/sharedRuntime.cpp, line 605]
Event: 5.107 Thread 0x00007fe7dc00d000 Exception <a 'java/lang/ArrayIndexOutOfBoundsException'> (0x00000000d8afb8e8) thrown at [/HUDSON/workspace/8-2-build-linux-amd64/jdk8u201/12317/hotspot/src/share/vm/runtime/sharedRuntime.cpp, line 605]
Event: 5.178 Thread 0x00007fe7dc4d5000 Exception <a 'java/lang/NoSuchFieldError': method resolution failed> (0x00000000d8eaa7c0) thrown at [/HUDSON/workspace/8-2-build-linux-amd64/jdk8u201/12317/hotspot/src/share/vm/prims/methodHandles.cpp, line 1167]
Event: 5.180 Thread 0x00007fe7dc4d5000 Exception <a 'java/lang/NoSuchFieldError': method resolution failed> (0x00000000d8eb8720) thrown at [/HUDSON/workspace/8-2-build-linux-amd64/jdk8u201/12317/hotspot/src/share/vm/prims/methodHandles.cpp, line 1167]

Events (10 events):
Event: 62.479 Executing VM operation: ParallelGCFailedAllocation done
Event: 63.319 Thread 0x00007fe7dc23f000 flushing nmethod 0x00007fe7cd59e310
Event: 63.319 Thread 0x00007fe7dc23f000 flushing nmethod 0x00007fe7cd59f450
Event: 63.319 Thread 0x00007fe7dc23f000 flushing nmethod 0x00007fe7cd5aad90
Event: 63.319 Thread 0x00007fe7dc23f000 flushing nmethod 0x00007fe7cd5ac9d0
Event: 63.319 Thread 0x00007fe7dc23f000 flushing nmethod 0x00007fe7cd5bdd50
Event: 63.319 Thread 0x00007fe7dc23f000 flushing nmethod 0x00007fe7cd5c50d0
Event: 63.319 Thread 0x00007fe7dc23f000 flushing nmethod 0x00007fe7cd5c8210
Event: 63.319 Thread 0x00007fe7dc23f000 flushing nmethod 0x00007fe7cd5c8690
Event: 64.941 Executing VM operation: ParallelGCFailedAllocation


Dynamic libraries:
00400000-00401000 r-xp 00000000 08:02 13770739                           /usr/lib/jvm/java-8-oracle/bin/java
00600000-00601000 r--p 00000000 08:02 13770739                           /usr/lib/jvm/java-8-oracle/bin/java
00601000-00602000 rw-p 00001000 08:02 13770739                           /usr/lib/jvm/java-8-oracle/bin/java
01c29000-01c4a000 rw-p 00000000 00:00 0                                  [heap]
85200000-95600000 rw-p 00000000 00:00 0 
9c880000-d7100000 ---p 00000000 00:00 0 
d7100000-100000000 rw-p 00000000 00:00 0 
100000000-1001c0000 rw-p 00000000 00:00 0 
1001c0000-140000000 ---p 00000000 00:00 0 
7fe77c000000-7fe77c021000 rw-p 00000000 00:00 0 
7fe77c021000-7fe780000000 ---p 00000000 00:00 0 
7fe784000000-7fe784021000 rw-p 00000000 00:00 0 
7fe784021000-7fe788000000 ---p 00000000 00:00 0 
7fe788000000-7fe7880b2000 rw-p 00000000 00:00 0 
7fe7880b2000-7fe78c000000 ---p 00000000 00:00 0 
7fe78c000000-7fe78c562000 rw-p 00000000 00:00 0 
7fe78c562000-7fe790000000 ---p 00000000 00:00 0 
7fe790000000-7fe790021000 rw-p 00000000 00:00 0 
7fe790021000-7fe794000000 ---p 00000000 00:00 0 
7fe794000000-7fe79614b000 rw-p 00000000 00:00 0 
7fe79614b000-7fe798000000 ---p 00000000 00:00 0 
7fe798fff000-7fe79c000000 rw-p 00000000 00:00 0 
7fe79c000000-7fe79c021000 rw-p 00000000 00:00 0 
7fe79c021000-7fe7a0000000 ---p 00000000 00:00 0 
7fe7a0000000-7fe7a1d26000 rw-p 00000000 00:00 0 
7fe7a1d26000-7fe7a4000000 ---p 00000000 00:00 0 
7fe7a4000000-7fe7a4021000 rw-p 00000000 00:00 0 
7fe7a4021000-7fe7a8000000 ---p 00000000 00:00 0 
7fe7a8000000-7fe7a8021000 rw-p 00000000 00:00 0 
7fe7a8021000-7fe7ac000000 ---p 00000000 00:00 0 
7fe7ae0c4000-7fe7ae244000 rw-p 00000000 00:00 0 
7fe7ae244000-7fe7ae2c4000 ---p 00000000 00:00 0 
7fe7ae2c4000-7fe7ae4c4000 rw-p 00000000 00:00 0 
7fe7ae4c4000-7fe7ae4c7000 ---p 00000000 00:00 0 
7fe7ae4c7000-7fe7ae5c5000 rw-p 00000000 00:00 0 
7fe7ae5c5000-7fe7ae5c8000 ---p 00000000 00:00 0 
7fe7ae5c8000-7fe7ae6c6000 rw-p 00000000 00:00 0 
7fe7ae6c6000-7fe7ae6d7000 r-xp 00000000 08:02 2495141                    /usr/lib/jvm/java-8-oracle/jre/lib/amd64/libnio.so
7fe7ae6d7000-7fe7ae8d6000 ---p 00011000 08:02 2495141                    /usr/lib/jvm/java-8-oracle/jre/lib/amd64/libnio.so
7fe7ae8d6000-7fe7ae8d7000 r--p 00010000 08:02 2495141                    /usr/lib/jvm/java-8-oracle/jre/lib/amd64/libnio.so
7fe7ae8d7000-7fe7ae8d8000 rw-p 00011000 08:02 2495141                    /usr/lib/jvm/java-8-oracle/jre/lib/amd64/libnio.so
7fe7ae8d8000-7fe7aead8000 rw-p 00000000 00:00 0 
7fe7aead8000-7fe7aeae1000 r-xp 00000000 08:02 2495146                    /usr/lib/jvm/java-8-oracle/jre/lib/amd64/libmanagement.so
7fe7aeae1000-7fe7aece0000 ---p 00009000 08:02 2495146                    /usr/lib/jvm/java-8-oracle/jre/lib/amd64/libmanagement.so
7fe7aece0000-7fe7aece1000 r--p 00008000 08:02 2495146                    /usr/lib/jvm/java-8-oracle/jre/lib/amd64/libmanagement.so
7fe7aece1000-7fe7aece2000 rw-p 00009000 08:02 2495146                    /usr/lib/jvm/java-8-oracle/jre/lib/amd64/libmanagement.so
7fe7aece2000-7fe7aece3000 ---p 00000000 00:00 0 
7fe7aece3000-7fe7aede3000 rw-p 00000000 00:00 0 
7fe7aede3000-7fe7aede6000 ---p 00000000 00:00 0 
7fe7aede6000-7fe7aeee4000 rw-p 00000000 00:00 0 
7fe7aeee4000-7fe7aeee5000 ---p 00000000 00:00 0 
7fe7aeee5000-7fe7aeee8000 ---p 00000000 00:00 0 
7fe7aeee8000-7fe7aefe5000 rw-p 00000000 00:00 0 
7fe7aefe5000-7fe7aeffb000 r-xp 00000000 08:02 2495138                    /usr/lib/jvm/java-8-oracle/jre/lib/amd64/libnet.so
7fe7aeffb000-7fe7af1fb000 ---p 00016000 08:02 2495138                    /usr/lib/jvm/java-8-oracle/jre/lib/amd64/libnet.so
7fe7af1fb000-7fe7af1fc000 r--p 00016000 08:02 2495138                    /usr/lib/jvm/java-8-oracle/jre/lib/amd64/libnet.so
7fe7af1fc000-7fe7af1fd000 rw-p 00017000 08:02 2495138                    /usr/lib/jvm/java-8-oracle/jre/lib/amd64/libnet.so
7fe7af1fd000-7fe7af1fe000 ---p 00000000 00:00 0 
7fe7af1fe000-7fe7af201000 ---p 00000000 00:00 0 
7fe7af201000-7fe7af2fe000 rw-p 00000000 00:00 0 
7fe7af2fe000-7fe7af2ff000 ---p 00000000 00:00 0 
7fe7af2ff000-7fe7af302000 ---p 00000000 00:00 0 
7fe7af302000-7fe7af3ff000 rw-p 00000000 00:00 0 
7fe7af3ff000-7fe7af402000 ---p 00000000 00:00 0 
7fe7af402000-7fe7af500000 rw-p 00000000 00:00 0 
7fe7af500000-7fe7b0000000 r--p 00000000 08:02 13113874                   /usr/lib/locale/locale-archive
7fe7b0000000-7fe7b029e000 rw-p 00000000 00:00 0 
7fe7b029e000-7fe7b4000000 ---p 00000000 00:00 0 
7fe7b4000000-7fe7b4021000 rw-p 00000000 00:00 0 
7fe7b4021000-7fe7b8000000 ---p 00000000 00:00 0 
7fe7b8000000-7fe7b8021000 rw-p 00000000 00:00 0 
7fe7b8021000-7fe7bc000000 ---p 00000000 00:00 0 
7fe7bc08e000-7fe7bc091000 ---p 00000000 00:00 0 
7fe7bc091000-7fe7bc18f000 rw-p 00000000 00:00 0 
7fe7bc18f000-7fe7bc192000 ---p 00000000 00:00 0 
7fe7bc192000-7fe7c0000000 rw-p 00000000 00:00 0 
7fe7c0000000-7fe7c0021000 rw-p 00000000 00:00 0 
7fe7c0021000-7fe7c4000000 ---p 00000000 00:00 0 
7fe7c4000000-7fe7c4021000 rw-p 00000000 00:00 0 
7fe7c4021000-7fe7c8000000 ---p 00000000 00:00 0 
7fe7c8000000-7fe7c8021000 rw-p 00000000 00:00 0 
7fe7c8021000-7fe7cc000000 ---p 00000000 00:00 0 
7fe7cc0f1000-7fe7cc0f4000 ---p 00000000 00:00 0 
7fe7cc0f4000-7fe7cc1f2000 rw-p 00000000 00:00 0 
7fe7cc1f2000-7fe7cc1f3000 ---p 00000000 00:00 0 
7fe7cc1f3000-7fe7cd000000 rw-p 00000000 00:00 0 
7fe7cd000000-7fe7cd9a0000 rwxp 00000000 00:00 0 
7fe7cd9a0000-7fe7dc000000 ---p 00000000 00:00 0 
7fe7dc000000-7fe7dc772000 rw-p 00000000 00:00 0 
7fe7dc772000-7fe7e0000000 ---p 00000000 00:00 0 
7fe7e0027000-7fe7e0029000 r--s 0001b000 08:02 4981136                    /opt/idea-IU-191.6183.87/lib/idea_rt.jar
7fe7e0029000-7fe7e002d000 r--s 0004c000 08:02 3276835                    /home/delinvas/.m2/repository/com/fasterxml/jackson/core/jackson-core/2.9.9/jackson-core-2.9.9.jar
7fe7e002d000-7fe7e0030000 r--s 0000e000 08:02 4587756                    /home/delinvas/.m2/repository/com/fasterxml/jackson/core/jackson-annotations/2.9.0/jackson-annotations-2.9.0.jar
7fe7e0030000-7fe7e0043000 r--s 00137000 08:02 3276833                    /home/delinvas/.m2/repository/com/fasterxml/jackson/core/jackson-databind/2.9.9/jackson-databind-2.9.9.jar
7fe7e0043000-7fe7e0045000 r--s 00009000 08:02 11142453                   /home/delinvas/.m2/repository/org/slf4j/slf4j-api/1.7.25/slf4j-api-1.7.25.jar
7fe7e0045000-7fe7e0047000 r--s 001eb000 08:02 4066881                    /home/delinvas/.m2/repository/org/xerial/snappy/snappy-java/1.1.7.1/snappy-java-1.1.7.1.jar
7fe7e0047000-7fe7e004a000 r--s 00058000 08:02 5771032                    /home/delinvas/.m2/repository/org/lz4/lz4-java/1.4/lz4-java-1.4.jar
7fe7e004a000-7fe7e0068000 r--s 00187000 08:02 5771030                    /home/delinvas/.m2/repository/org/apache/kafka/kafka-clients/1.1.0/kafka-clients-1.1.0.jar
7fe7e0068000-7fe7e007b000 r--s 00345000 08:02 923591                     /usr/lib/jvm/java-8-oracle/jre/lib/resources.jar
7fe7e007b000-7fe7e008e000 r--s 000d6000 08:02 923578                     /usr/lib/jvm/java-8-oracle/jre/lib/plugin.jar
7fe7e008e000-7fe7e00a9000 r--s 0020c000 08:02 923565                     /usr/lib/jvm/java-8-oracle/jre/lib/deploy.jar
7fe7e00a9000-7fe7e02ab000 rw-p 00000000 00:00 0 
7fe7e02ab000-7fe7e0485000 r--s 03d6f000 08:02 923587                     /usr/lib/jvm/java-8-oracle/jre/lib/rt.jar
7fe7e0485000-7fe7e10d2000 rw-p 00000000 00:00 0 
7fe7e10d2000-7fe7e10d3000 ---p 00000000 00:00 0 
7fe7e10d3000-7fe7e11d3000 rw-p 00000000 00:00 0 
7fe7e11d3000-7fe7e11d4000 ---p 00000000 00:00 0 
7fe7e11d4000-7fe7e12d4000 rw-p 00000000 00:00 0 
7fe7e12d4000-7fe7e12d5000 ---p 00000000 00:00 0 
7fe7e12d5000-7fe7e13d5000 rw-p 00000000 00:00 0 
7fe7e13d5000-7fe7e13d6000 ---p 00000000 00:00 0 
7fe7e13d6000-7fe7e1558000 rw-p 00000000 00:00 0 
7fe7e1558000-7fe7e1766000 ---p 00000000 00:00 0 
7fe7e1766000-7fe7e17e8000 rw-p 00000000 00:00 0 
7fe7e17e8000-7fe7e19f5000 ---p 00000000 00:00 0 
7fe7e19f5000-7fe7e1b3d000 rw-p 00000000 00:00 0 
7fe7e1b3d000-7fe7e1b65000 rw-p 00000000 00:00 0 
7fe7e1b65000-7fe7e1efe000 ---p 00000000 00:00 0 
7fe7e1efe000-7fe7e1f19000 r-xp 00000000 08:02 2495134                    /usr/lib/jvm/java-8-oracle/jre/lib/amd64/libzip.so
7fe7e1f19000-7fe7e2118000 ---p 0001b000 08:02 2495134                    /usr/lib/jvm/java-8-oracle/jre/lib/amd64/libzip.so
7fe7e2118000-7fe7e2119000 r--p 0001a000 08:02 2495134                    /usr/lib/jvm/java-8-oracle/jre/lib/amd64/libzip.so
7fe7e2119000-7fe7e211a000 rw-p 0001b000 08:02 2495134                    /usr/lib/jvm/java-8-oracle/jre/lib/amd64/libzip.so
7fe7e211a000-7fe7e2125000 r-xp 00000000 08:02 6558458                    /lib/x86_64-linux-gnu/libnss_files-2.27.so
7fe7e2125000-7fe7e2324000 ---p 0000b000 08:02 6558458                    /lib/x86_64-linux-gnu/libnss_files-2.27.so
7fe7e2324000-7fe7e2325000 r--p 0000a000 08:02 6558458                    /lib/x86_64-linux-gnu/libnss_files-2.27.so
7fe7e2325000-7fe7e2326000 rw-p 0000b000 08:02 6558458                    /lib/x86_64-linux-gnu/libnss_files-2.27.so
7fe7e2326000-7fe7e232c000 rw-p 00000000 00:00 0 
7fe7e232c000-7fe7e2343000 r-xp 00000000 08:02 6558452                    /lib/x86_64-linux-gnu/libnsl-2.27.so
7fe7e2343000-7fe7e2542000 ---p 00017000 08:02 6558452                    /lib/x86_64-linux-gnu/libnsl-2.27.so
7fe7e2542000-7fe7e2543000 r--p 00016000 08:02 6558452                    /lib/x86_64-linux-gnu/libnsl-2.27.so
7fe7e2543000-7fe7e2544000 rw-p 00017000 08:02 6558452                    /lib/x86_64-linux-gnu/libnsl-2.27.so
7fe7e2544000-7fe7e2546000 rw-p 00000000 00:00 0 
7fe7e2546000-7fe7e2551000 r-xp 00000000 08:02 6558469                    /lib/x86_64-linux-gnu/libnss_nis-2.27.so
7fe7e2551000-7fe7e2750000 ---p 0000b000 08:02 6558469                    /lib/x86_64-linux-gnu/libnss_nis-2.27.so
7fe7e2750000-7fe7e2751000 r--p 0000a000 08:02 6558469                    /lib/x86_64-linux-gnu/libnss_nis-2.27.so
7fe7e2751000-7fe7e2752000 rw-p 0000b000 08:02 6558469                    /lib/x86_64-linux-gnu/libnss_nis-2.27.so
7fe7e2752000-7fe7e275a000 r-xp 00000000 08:02 6558454                    /lib/x86_64-linux-gnu/libnss_compat-2.27.so
7fe7e275a000-7fe7e295a000 ---p 00008000 08:02 6558454                    /lib/x86_64-linux-gnu/libnss_compat-2.27.so
7fe7e295a000-7fe7e295b000 r--p 00008000 08:02 6558454                    /lib/x86_64-linux-gnu/libnss_compat-2.27.so
7fe7e295b000-7fe7e295c000 rw-p 00009000 08:02 6558454                    /lib/x86_64-linux-gnu/libnss_compat-2.27.so
7fe7e295c000-7fe7e2966000 r-xp 00000000 08:02 2495143                    /usr/lib/jvm/java-8-oracle/jre/lib/amd64/libinstrument.so
7fe7e2966000-7fe7e2b65000 ---p 0000a000 08:02 2495143                    /usr/lib/jvm/java-8-oracle/jre/lib/amd64/libinstrument.so
7fe7e2b65000-7fe7e2b66000 r--p 00009000 08:02 2495143                    /usr/lib/jvm/java-8-oracle/jre/lib/amd64/libinstrument.so
7fe7e2b66000-7fe7e2b67000 rw-p 0000a000 08:02 2495143                    /usr/lib/jvm/java-8-oracle/jre/lib/amd64/libinstrument.so
7fe7e2b67000-7fe7e2b93000 r-xp 00000000 08:02 2495128                    /usr/lib/jvm/java-8-oracle/jre/lib/amd64/libjava.so
7fe7e2b93000-7fe7e2d93000 ---p 0002c000 08:02 2495128                    /usr/lib/jvm/java-8-oracle/jre/lib/amd64/libjava.so
7fe7e2d93000-7fe7e2d94000 r--p 0002c000 08:02 2495128                    /usr/lib/jvm/java-8-oracle/jre/lib/amd64/libjava.so
7fe7e2d94000-7fe7e2d96000 rw-p 0002d000 08:02 2495128                    /usr/lib/jvm/java-8-oracle/jre/lib/amd64/libjava.so
7fe7e2d96000-7fe7e2da3000 r-xp 00000000 08:02 2495133                    /usr/lib/jvm/java-8-oracle/jre/lib/amd64/libverify.so
7fe7e2da3000-7fe7e2fa2000 ---p 0000d000 08:02 2495133                    /usr/lib/jvm/java-8-oracle/jre/lib/amd64/libverify.so
7fe7e2fa2000-7fe7e2fa4000 r--p 0000c000 08:02 2495133                    /usr/lib/jvm/java-8-oracle/jre/lib/amd64/libverify.so
7fe7e2fa4000-7fe7e2fa5000 rw-p 0000e000 08:02 2495133                    /usr/lib/jvm/java-8-oracle/jre/lib/amd64/libverify.so
7fe7e2fa5000-7fe7e2fac000 r-xp 00000000 08:02 6558509                    /lib/x86_64-linux-gnu/librt-2.27.so
7fe7e2fac000-7fe7e31ab000 ---p 00007000 08:02 6558509                    /lib/x86_64-linux-gnu/librt-2.27.so
7fe7e31ab000-7fe7e31ac000 r--p 00006000 08:02 6558509                    /lib/x86_64-linux-gnu/librt-2.27.so
7fe7e31ac000-7fe7e31ad000 rw-p 00007000 08:02 6558509                    /lib/x86_64-linux-gnu/librt-2.27.so
7fe7e31ad000-7fe7e334a000 r-xp 00000000 08:02 6558431                    /lib/x86_64-linux-gnu/libm-2.27.so
7fe7e334a000-7fe7e3549000 ---p 0019d000 08:02 6558431                    /lib/x86_64-linux-gnu/libm-2.27.so
7fe7e3549000-7fe7e354a000 r--p 0019c000 08:02 6558431                    /lib/x86_64-linux-gnu/libm-2.27.so
7fe7e354a000-7fe7e354b000 rw-p 0019d000 08:02 6558431                    /lib/x86_64-linux-gnu/libm-2.27.so
7fe7e354b000-7fe7e4233000 r-xp 00000000 08:02 2495110                    /usr/lib/jvm/java-8-oracle/jre/lib/amd64/server/libjvm.so
7fe7e4233000-7fe7e4432000 ---p 00ce8000 08:02 2495110                    /usr/lib/jvm/java-8-oracle/jre/lib/amd64/server/libjvm.so
7fe7e4432000-7fe7e44c8000 r--p 00ce7000 08:02 2495110                    /usr/lib/jvm/java-8-oracle/jre/lib/amd64/server/libjvm.so
7fe7e44c8000-7fe7e44f9000 rw-p 00d7d000 08:02 2495110                    /usr/lib/jvm/java-8-oracle/jre/lib/amd64/server/libjvm.so
7fe7e44f9000-7fe7e4534000 rw-p 00000000 00:00 0 
7fe7e4534000-7fe7e471b000 r-xp 00000000 08:02 6558368                    /lib/x86_64-linux-gnu/libc-2.27.so
7fe7e471b000-7fe7e491b000 ---p 001e7000 08:02 6558368                    /lib/x86_64-linux-gnu/libc-2.27.so
7fe7e491b000-7fe7e491f000 r--p 001e7000 08:02 6558368                    /lib/x86_64-linux-gnu/libc-2.27.so
7fe7e491f000-7fe7e4921000 rw-p 001eb000 08:02 6558368                    /lib/x86_64-linux-gnu/libc-2.27.so
7fe7e4921000-7fe7e4925000 rw-p 00000000 00:00 0 
7fe7e4925000-7fe7e4928000 r-xp 00000000 08:02 6558391                    /lib/x86_64-linux-gnu/libdl-2.27.so
7fe7e4928000-7fe7e4b27000 ---p 00003000 08:02 6558391                    /lib/x86_64-linux-gnu/libdl-2.27.so
7fe7e4b27000-7fe7e4b28000 r--p 00002000 08:02 6558391                    /lib/x86_64-linux-gnu/libdl-2.27.so
7fe7e4b28000-7fe7e4b29000 rw-p 00003000 08:02 6558391                    /lib/x86_64-linux-gnu/libdl-2.27.so
7fe7e4b29000-7fe7e4b40000 r-xp 00000000 08:02 2236600                    /usr/lib/jvm/java-8-oracle/lib/amd64/jli/libjli.so
7fe7e4b40000-7fe7e4d3f000 ---p 00017000 08:02 2236600                    /usr/lib/jvm/java-8-oracle/lib/amd64/jli/libjli.so
7fe7e4d3f000-7fe7e4d40000 r--p 00016000 08:02 2236600                    /usr/lib/jvm/java-8-oracle/lib/amd64/jli/libjli.so
7fe7e4d40000-7fe7e4d41000 rw-p 00017000 08:02 2236600                    /usr/lib/jvm/java-8-oracle/lib/amd64/jli/libjli.so
7fe7e4d41000-7fe7e4d5b000 r-xp 00000000 08:02 6558501                    /lib/x86_64-linux-gnu/libpthread-2.27.so
7fe7e4d5b000-7fe7e4f5a000 ---p 0001a000 08:02 6558501                    /lib/x86_64-linux-gnu/libpthread-2.27.so
7fe7e4f5a000-7fe7e4f5b000 r--p 00019000 08:02 6558501                    /lib/x86_64-linux-gnu/libpthread-2.27.so
7fe7e4f5b000-7fe7e4f5c000 rw-p 0001a000 08:02 6558501                    /lib/x86_64-linux-gnu/libpthread-2.27.so
7fe7e4f5c000-7fe7e4f60000 rw-p 00000000 00:00 0 
7fe7e4f60000-7fe7e4f87000 r-xp 00000000 08:02 6558340                    /lib/x86_64-linux-gnu/ld-2.27.so
7fe7e4f88000-7fe7e4f8c000 r--s 000a1000 08:02 923592                     /usr/lib/jvm/java-8-oracle/jre/lib/jsse.jar
7fe7e4f8c000-7fe7e4f91000 r--s 00084000 08:02 923564                     /usr/lib/jvm/java-8-oracle/jre/lib/jfr.jar
7fe7e4f91000-7fe7e4f9b000 r--s 0006e000 08:02 923574                     /usr/lib/jvm/java-8-oracle/jre/lib/javaws.jar
7fe7e4f9b000-7fe7e506c000 rw-p 00000000 00:00 0 
7fe7e506c000-7fe7e506d000 ---p 00000000 00:00 0 
7fe7e506d000-7fe7e5070000 ---p 00000000 00:00 0 
7fe7e5070000-7fe7e5171000 rw-p 00000000 00:00 0 
7fe7e5172000-7fe7e5173000 r--s 00000000 08:02 923571                     /usr/lib/jvm/java-8-oracle/jre/lib/management-agent.jar
7fe7e5173000-7fe7e5175000 r--s 00007000 08:02 923600                     /usr/lib/jvm/java-8-oracle/jre/lib/jfxswt.jar
7fe7e5175000-7fe7e5178000 r--s 0001a000 08:02 923598                     /usr/lib/jvm/java-8-oracle/jre/lib/jce.jar
7fe7e5178000-7fe7e517d000 r--s 002f9000 08:02 923585                     /usr/lib/jvm/java-8-oracle/jre/lib/charsets.jar
7fe7e517d000-7fe7e5185000 rw-s 00000000 08:02 3146940                    /tmp/hsperfdata_delinvas/2744
7fe7e5185000-7fe7e5186000 rw-p 00000000 00:00 0 
7fe7e5186000-7fe7e5187000 ---p 00000000 00:00 0 
7fe7e5187000-7fe7e5188000 r--p 00027000 08:02 6558340                    /lib/x86_64-linux-gnu/ld-2.27.so
7fe7e5188000-7fe7e5189000 rw-p 00028000 08:02 6558340                    /lib/x86_64-linux-gnu/ld-2.27.so
7fe7e5189000-7fe7e518a000 rw-p 00000000 00:00 0 
7ffc35689000-7ffc356ab000 rw-p 00000000 00:00 0                          [stack]
7ffc356d8000-7ffc356db000 r--p 00000000 00:00 0                          [vvar]
7ffc356db000-7ffc356dd000 r-xp 00000000 00:00 0                          [vdso]
ffffffffff600000-ffffffffff601000 r-xp 00000000 00:00 0                  [vsyscall]

VM Arguments:
jvm_args: -DentityExpansionLimit=2500000 -javaagent:/opt/idea-IU-191.6183.87/lib/idea_rt.jar=46857:/opt/idea-IU-191.6183.87/bin -Dfile.encoding=UTF-8 
java_command: stream.ScipiKafkaStream
java_class_path (initial): /usr/lib/jvm/java-8-oracle/jre/lib/charsets.jar:/usr/lib/jvm/java-8-oracle/jre/lib/deploy.jar:/usr/lib/jvm/java-8-oracle/jre/lib/ext/cldrdata.jar:/usr/lib/jvm/java-8-oracle/jre/lib/ext/dnsns.jar:/usr/lib/jvm/java-8-oracle/jre/lib/ext/jaccess.jar:/usr/lib/jvm/java-8-oracle/jre/lib/ext/jfxrt.jar:/usr/lib/jvm/java-8-oracle/jre/lib/ext/localedata.jar:/usr/lib/jvm/java-8-oracle/jre/lib/ext/nashorn.jar:/usr/lib/jvm/java-8-oracle/jre/lib/ext/sunec.jar:/usr/lib/jvm/java-8-oracle/jre/lib/ext/sunjce_provider.jar:/usr/lib/jvm/java-8-oracle/jre/lib/ext/sunpkcs11.jar:/usr/lib/jvm/java-8-oracle/jre/lib/ext/zipfs.jar:/usr/lib/jvm/java-8-oracle/jre/lib/javaws.jar:/usr/lib/jvm/java-8-oracle/jre/lib/jce.jar:/usr/lib/jvm/java-8-oracle/jre/lib/jfr.jar:/usr/lib/jvm/java-8-oracle/jre/lib/jfxswt.jar:/usr/lib/jvm/java-8-oracle/jre/lib/jsse.jar:/usr/lib/jvm/java-8-oracle/jre/lib/management-agent.jar:/usr/lib/jvm/java-8-oracle/jre/lib/plugin.jar:/usr/lib/jvm/java-8-oracle/jre/lib/resources.jar:/usr/lib/jvm/java-8-oracle/jre/lib/rt.jar:/home/delinvas/repos/SciPi/src/scipikafka/target/classes:/home/delinvas/.m2/repository/org/apache/kafka/kafka-clients/1.1.0/kafka-clients-1.1.0.jar:/home/delinvas/.m2/repository/org/lz4/lz4-java/1.4/lz4-java-1.4.jar:/home/delinvas/.m2/repository/org/xerial/snappy/snappy-java/1.1.7.1/snappy-java-1.1.7.1.jar:/home/delinvas/.m2/repository/org/slf4j/slf4j-api/1.7.25/slf4j-api-1.7.25.jar:/home/delinvas/.m2/repository/com/fasterxml/jackson/core/jackson-databind/2.9.9/jackson-databind-2.9.9.jar:/home/delinvas/.m2/repository/com/fasterxml/jackson/core/jackson-annotations/2.9.0/jackson-annotations-2.9.0.jar:/home/delinvas/.m2/repository/com/fasterxml/jackson/core/jackson-core/2.9.9/jackson-core-2.9.9.jar:/opt/idea-IU-191.6183.87/lib/idea_rt.jar
Launcher Type: SUN_STANDARD

Environment Variables:
JAVA_HOME=/usr/lib/jvm/java-8-oracle
PATH=/home/delinvas/.local/bin:/usr/local/sbin:/usr/local/bin:/usr/sbin:/usr/bin:/sbin:/bin:/usr/games:/usr/local/games:/opt/apache-maven-3.2.5/bin:/snap/bin:/usr/lib/jvm/java-8-oracle/bin:/usr/lib/jvm/java-8-oracle/db/bin:/usr/lib/jvm/java-8-oracle/jre/bin
USERNAME=delinvas
SHELL=/bin/bash
DISPLAY=:0

Signal Handlers:
SIGSEGV: [libjvm.so+0xad3e60], sa_mask[0]=11111111011111111101111111111110, sa_flags=SA_RESTART|SA_SIGINFO
SIGBUS: [libjvm.so+0xad3e60], sa_mask[0]=11111111011111111101111111111110, sa_flags=SA_RESTART|SA_SIGINFO
SIGFPE: [libjvm.so+0x90b880], sa_mask[0]=11111111011111111101111111111110, sa_flags=SA_RESTART|SA_SIGINFO
SIGPIPE: [libjvm.so+0x90b880], sa_mask[0]=11111111011111111101111111111110, sa_flags=SA_RESTART|SA_SIGINFO
SIGXFSZ: [libjvm.so+0x90b880], sa_mask[0]=11111111011111111101111111111110, sa_flags=SA_RESTART|SA_SIGINFO
SIGILL: [libjvm.so+0x90b880], sa_mask[0]=11111111011111111101111111111110, sa_flags=SA_RESTART|SA_SIGINFO
SIGUSR1: SIG_DFL, sa_mask[0]=00000000000000000000000000000000, sa_flags=none
SIGUSR2: [libjvm.so+0x90b750], sa_mask[0]=00100000000000000000000000000000, sa_flags=SA_RESTART|SA_SIGINFO
SIGHUP: [libjvm.so+0x90bd70], sa_mask[0]=11111111011111111101111111111110, sa_flags=SA_RESTART|SA_SIGINFO
SIGINT: [libjvm.so+0x90bd70], sa_mask[0]=11111111011111111101111111111110, sa_flags=SA_RESTART|SA_SIGINFO
SIGTERM: [libjvm.so+0x90bd70], sa_mask[0]=11111111011111111101111111111110, sa_flags=SA_RESTART|SA_SIGINFO
SIGQUIT: [libjvm.so+0x90bd70], sa_mask[0]=11111111011111111101111111111110, sa_flags=SA_RESTART|SA_SIGINFO


---------------  S Y S T E M  ---------------

OS:DISTRIB_ID=Ubuntu
DISTRIB_RELEASE=18.04
DISTRIB_CODENAME=bionic
DISTRIB_DESCRIPTION="Ubuntu 18.04.1 LTS"

uname:Linux 4.15.0-50-generic #54-Ubuntu SMP Mon May 6 18:46:08 UTC 2019 x86_64
libc:glibc 2.27 NPTL 2.27 
rlimit: STACK 8192k, CORE 0k, NPROC 30433, NOFILE 1048576, AS infinity
load average:4.53 1.79 1.17

/proc/meminfo:
MemTotal:        8049120 kB
MemFree:          125964 kB
MemAvailable:      32136 kB
Buffers:             796 kB
Cached:           201312 kB
SwapCached:         5104 kB
Active:          4646000 kB
Inactive:         679364 kB
Active(anon):    4638696 kB
Inactive(anon):   666248 kB
Active(file):       7304 kB
Inactive(file):    13116 kB
Unevictable:     2239756 kB
Mlocked:         2239756 kB
SwapTotal:       2097148 kB
SwapFree:             20 kB
Dirty:               524 kB
Writeback:             0 kB
AnonPages:       7359152 kB
Mapped:           118708 kB
Shmem:            147384 kB
Slab:             167608 kB
SReclaimable:      63788 kB
SUnreclaim:       103820 kB
KernelStack:       21376 kB
PageTables:        86832 kB
NFS_Unstable:          0 kB
Bounce:                0 kB
WritebackTmp:          0 kB
CommitLimit:     6121708 kB
Committed_AS:   20620848 kB
VmallocTotal:   34359738367 kB
VmallocUsed:           0 kB
VmallocChunk:          0 kB
HardwareCorrupted:     0 kB
AnonHugePages:         0 kB
ShmemHugePages:        0 kB
ShmemPmdMapped:        0 kB
CmaTotal:              0 kB
CmaFree:               0 kB
HugePages_Total:       0
HugePages_Free:        0
HugePages_Rsvd:        0
HugePages_Surp:        0
Hugepagesize:       2048 kB
DirectMap4k:      294340 kB
DirectMap2M:     4829184 kB
DirectMap1G:     3145728 kB

container (cgroup) information:
container_type: cgroupv1
cpu_cpuset_cpus: 0-3
cpu_memory_nodes: 0
active_processor_count: 4
cpu_quota: -1
cpu_period: 100000
cpu_shares: -1
memory_limit_in_bytes: -1
memory_and_swap_limit_in_bytes: -2
memory_soft_limit_in_bytes: -1
memory_usage_in_bytes: 5602791424
memory_max_usage_in_bytes: 5631406080


CPU:total 4 (initial active 4) (2 cores per cpu, 2 threads per core) family 6 model 69 stepping 1, cmov, cx8, fxsr, mmx, sse, sse2, sse3, ssse3, sse4.1, sse4.2, popcnt, avx, avx2, aes, clmul, erms, lzcnt, ht, tsc, tscinvbit, bmi1, bmi2

/proc/cpuinfo:
processor	: 0
vendor_id	: GenuineIntel
cpu family	: 6
model		: 69
model name	: Intel(R) Core(TM) i7-4510U CPU @ 2.00GHz
stepping	: 1
microcode	: 0x25
cpu MHz		: 1987.376
cache size	: 4096 KB
physical id	: 0
siblings	: 4
core id		: 0
cpu cores	: 2
apicid		: 0
initial apicid	: 0
fpu		: yes
fpu_exception	: yes
cpuid level	: 13
wp		: yes
flags		: fpu vme de pse tsc msr pae mce cx8 apic sep mtrr pge mca cmov pat pse36 clflush dts acpi mmx fxsr sse sse2 ss ht tm pbe syscall nx pdpe1gb rdtscp lm constant_tsc arch_perfmon pebs bts rep_good nopl xtopology nonstop_tsc cpuid aperfmperf pni pclmulqdq dtes64 monitor ds_cpl vmx est tm2 ssse3 sdbg fma cx16 xtpr pdcm pcid sse4_1 sse4_2 movbe popcnt tsc_deadline_timer aes xsave avx f16c rdrand lahf_lm abm cpuid_fault epb invpcid_single pti ssbd ibrs ibpb stibp tpr_shadow vnmi flexpriority ept vpid fsgsbase tsc_adjust bmi1 avx2 smep bmi2 erms invpcid xsaveopt dtherm ida arat pln pts md_clear flush_l1d
bugs		: cpu_meltdown spectre_v1 spectre_v2 spec_store_bypass l1tf mds
bogomips	: 5187.52
clflush size	: 64
cache_alignment	: 64
address sizes	: 39 bits physical, 48 bits virtual
power management:

processor	: 1
vendor_id	: GenuineIntel
cpu family	: 6
model		: 69
model name	: Intel(R) Core(TM) i7-4510U CPU @ 2.00GHz
stepping	: 1
microcode	: 0x25
cpu MHz		: 2012.843
cache size	: 4096 KB
physical id	: 0
siblings	: 4
core id		: 1
cpu cores	: 2
apicid		: 2
initial apicid	: 2
fpu		: yes
fpu_exception	: yes
cpuid level	: 13
wp		: yes
flags		: fpu vme de pse tsc msr pae mce cx8 apic sep mtrr pge mca cmov pat pse36 clflush dts acpi mmx fxsr sse sse2 ss ht tm pbe syscall nx pdpe1gb rdtscp lm constant_tsc arch_perfmon pebs bts rep_good nopl xtopology nonstop_tsc cpuid aperfmperf pni pclmulqdq dtes64 monitor ds_cpl vmx est tm2 ssse3 sdbg fma cx16 xtpr pdcm pcid sse4_1 sse4_2 movbe popcnt tsc_deadline_timer aes xsave avx f16c rdrand lahf_lm abm cpuid_fault epb invpcid_single pti ssbd ibrs ibpb stibp tpr_shadow vnmi flexpriority ept vpid fsgsbase tsc_adjust bmi1 avx2 smep bmi2 erms invpcid xsaveopt dtherm ida arat pln pts md_clear flush_l1d
bugs		: cpu_meltdown spectre_v1 spectre_v2 spec_store_bypass l1tf mds
bogomips	: 5187.52
clflush size	: 64
cache_alignment	: 64
address sizes	: 39 bits physical, 48 bits virtual
power management:

processor	: 2
vendor_id	: GenuineIntel
cpu family	: 6
model		: 69
model name	: Intel(R) Core(TM) i7-4510U CPU @ 2.00GHz
stepping	: 1
microcode	: 0x25
cpu MHz		: 2013.146
cache size	: 4096 KB
physical id	: 0
siblings	: 4
core id		: 0
cpu cores	: 2
apicid		: 1
initial apicid	: 1
fpu		: yes
fpu_exception	: yes
cpuid level	: 13
wp		: yes
flags		: fpu vme de pse tsc msr pae mce cx8 apic sep mtrr pge mca cmov pat pse36 clflush dts acpi mmx fxsr sse sse2 ss ht tm pbe syscall nx pdpe1gb rdtscp lm constant_tsc arch_perfmon pebs bts rep_good nopl xtopology nonstop_tsc cpuid aperfmperf pni pclmulqdq dtes64 monitor ds_cpl vmx est tm2 ssse3 sdbg fma cx16 xtpr pdcm pcid sse4_1 sse4_2 movbe popcnt tsc_deadline_timer aes xsave avx f16c rdrand lahf_lm abm cpuid_fault epb invpcid_single pti ssbd ibrs ibpb stibp tpr_shadow vnmi flexpriority ept vpid fsgsbase tsc_adjust bmi1 avx2 smep bmi2 erms invpcid xsaveopt dtherm ida arat pln pts md_clear flush_l1d
bugs		: cpu_meltdown spectre_v1 spectre_v2 spec_store_bypass l1tf mds
bogomips	: 5187.52
clflush size	: 64
cache_alignment	: 64
address sizes	: 39 bits physical, 48 bits virtual
power management:

processor	: 3
vendor_id	: GenuineIntel
cpu family	: 6
model		: 69
model name	: Intel(R) Core(TM) i7-4510U CPU @ 2.00GHz
stepping	: 1
microcode	: 0x25
cpu MHz		: 2008.258
cache size	: 4096 KB
physical id	: 0
siblings	: 4
core id		: 1
cpu cores	: 2
apicid		: 3
initial apicid	: 3
fpu		: yes
fpu_exception	: yes
cpuid level	: 13
wp		: yes
flags		: fpu vme de pse tsc msr pae mce cx8 apic sep mtrr pge mca cmov pat pse36 clflush dts acpi mmx fxsr sse sse2 ss ht tm pbe syscall nx pdpe1gb rdtscp lm constant_tsc arch_perfmon pebs bts rep_good nopl xtopology nonstop_tsc cpuid aperfmperf pni pclmulqdq dtes64 monitor ds_cpl vmx est tm2 ssse3 sdbg fma cx16 xtpr pdcm pcid sse4_1 sse4_2 movbe popcnt tsc_deadline_timer aes xsave avx f16c rdrand lahf_lm abm cpuid_fault epb invpcid_single pti ssbd ibrs ibpb stibp tpr_shadow vnmi flexpriority ept vpid fsgsbase tsc_adjust bmi1 avx2 smep bmi2 erms invpcid xsaveopt dtherm ida arat pln pts md_clear flush_l1d
bugs		: cpu_meltdown spectre_v1 spectre_v2 spec_store_bypass l1tf mds
bogomips	: 5187.52
clflush size	: 64
cache_alignment	: 64
address sizes	: 39 bits physical, 48 bits virtual
power management:



Memory: 4k page, physical 8049120k(120136k free), swap 2097148k(124k free)

vm_info: Java HotSpot(TM) 64-Bit Server VM (25.201-b09) for linux-amd64 JRE (1.8.0_201-b09), built on Dec 15 2018 11:35:59 by "java_re" with gcc 7.3.0

time: Wed Jun  5 23:26:37 2019
timezone: CEST
elapsed time: 66 seconds (0d 0h 1m 6s)

