#
# There is insufficient memory for the Java Runtime Environment to continue.
# Native memory allocation (mmap) failed to map 210239488 bytes for committing reserved memory.
# Possible reasons:
#   The system is out of physical RAM or swap space
#   The process is running with CompressedOops enabled, and the Java Heap may be blocking the growth of the native heap
# Possible solutions:
#   Reduce memory load on the system
#   Increase physical memory or swap space
#   Check if swap backing store is full
#   Decrease Java heap size (-Xmx/-Xms)
#   Decrease number of Java threads
#   Decrease Java thread stack sizes (-Xss)
#   Set larger code cache with -XX:ReservedCodeCacheSize=
#   JVM is running with Unscaled Compressed Oops mode in which the Java heap is
#     placed in the first 4GB address space. The Java Heap base address is the
#     maximum limit for the native heap growth. Please use -XX:HeapBaseMinAddress
#     to set the Java Heap base and to place the Java Heap above 4GB virtual address.
# This output file may be truncated or incomplete.
#
#  Out of Memory Error (os_linux.cpp:2749), pid=9482, tid=0x00007fce51e46700
#
# JRE version: Java(TM) SE Runtime Environment (8.0_201-b09) (build 1.8.0_201-b09)
# Java VM: Java HotSpot(TM) 64-Bit Server VM (25.201-b09 mixed mode linux-amd64 compressed oops)
# Failed to write core dump. Core dumps have been disabled. To enable core dumping, try "ulimit -c unlimited" before starting Java again
#

---------------  T H R E A D  ---------------

Current thread (0x00007fce68142800):  VMThread [stack: 0x00007fce51d47000,0x00007fce51e47000] [id=9488]

Stack: [0x00007fce51d47000,0x00007fce51e47000],  sp=0x00007fce51e453d0,  free space=1016k
Native frames: (J=compiled Java code, j=interpreted, Vv=VM code, C=native code)
V  [libjvm.so+0xad3525]  VMError::report_and_die()+0x2e5
V  [libjvm.so+0x4e0457]  report_vm_out_of_memory(char const*, int, unsigned long, VMErrorType, char const*)+0x67
V  [libjvm.so+0x9102f0]  os::pd_commit_memory(char*, unsigned long, unsigned long, bool)+0x100
V  [libjvm.so+0x90791f]  os::commit_memory(char*, unsigned long, unsigned long, bool)+0x1f
V  [libjvm.so+0x98c806]  PSVirtualSpace::expand_by(unsigned long)+0x56
V  [libjvm.so+0x97badb]  PSOldGen::expand_by(unsigned long) [clone .part.28]+0x1b
V  [libjvm.so+0x97bc98]  PSOldGen::expand(unsigned long) [clone .part.29]+0xa8
V  [libjvm.so+0x97c841]  PSOldGen::resize(unsigned long)+0xe1
V  [libjvm.so+0x98297c]  PSParallelCompact::invoke_no_policy(bool) [clone .part.118]+0xa2c
V  [libjvm.so+0x98a795]  PSScavenge::invoke()+0x215
V  [libjvm.so+0x93a318]  ParallelScavengeHeap::failed_mem_allocate(unsigned long)+0x68
V  [libjvm.so+0xad5073]  VM_ParallelGCFailedAllocation::doit()+0x93
V  [libjvm.so+0xada296]  VM_Operation::evaluate()+0x46
V  [libjvm.so+0xad85cd]  VMThread::evaluate_operation(VM_Operation*) [clone .constprop.44]+0xcd
V  [libjvm.so+0xad8bb3]  VMThread::loop()+0x3a3
V  [libjvm.so+0xad8f88]  VMThread::run()+0x78
V  [libjvm.so+0x90d922]  java_start(Thread*)+0x102

VM_Operation (0x00007fce6e9f3250): ParallelGCFailedAllocation, mode: safepoint, requested by thread 0x00007fce6800d000


---------------  P R O C E S S  ---------------

Java Threads: ( => current thread )
  0x00007fce30001000 JavaThread "Attach Listener" daemon [_thread_blocked, id=9520, stack(0x00007fce48dfd000,0x00007fce48efe000)]
  0x00007fce68544800 JavaThread "kafka-producer-network-thread | producer-1" daemon [_thread_blocked, id=9516, stack(0x00007fce48efe000,0x00007fce48fff000)]
  0x00007fce68244000 JavaThread "Service Thread" daemon [_thread_blocked, id=9511, stack(0x00007fce50811000,0x00007fce50912000)]
  0x00007fce6823f000 JavaThread "C1 CompilerThread2" daemon [_thread_blocked, id=9510, stack(0x00007fce50913000,0x00007fce50a13000)]
  0x00007fce6823d000 JavaThread "C2 CompilerThread1" daemon [_thread_blocked, id=9509, stack(0x00007fce50c2c000,0x00007fce50d2c000)]
  0x00007fce6823b000 JavaThread "C2 CompilerThread0" daemon [_thread_blocked, id=9508, stack(0x00007fce50d2d000,0x00007fce50e2d000)]
  0x00007fce68239800 JavaThread "Monitor Ctrl-Break" daemon [_thread_in_native, id=9507, stack(0x00007fce50e2d000,0x00007fce50f2e000)]
  0x00007fce68182800 JavaThread "Signal Dispatcher" daemon [_thread_blocked, id=9499, stack(0x00007fce50f43000,0x00007fce51044000)]
  0x00007fce6814e800 JavaThread "Finalizer" daemon [_thread_blocked, id=9492, stack(0x00007fce51b44000,0x00007fce51c45000)]
  0x00007fce6814c000 JavaThread "Reference Handler" daemon [_thread_blocked, id=9490, stack(0x00007fce51c45000,0x00007fce51d46000)]
  0x00007fce6800d000 JavaThread "main" [_thread_blocked, id=9483, stack(0x00007fce6e8f5000,0x00007fce6e9f5000)]

Other Threads:
=>0x00007fce68142800 VMThread [stack: 0x00007fce51d47000,0x00007fce51e47000] [id=9488]
  0x00007fce68246800 WatcherThread [stack: 0x00007fce50711000,0x00007fce50811000] [id=9512]

VM state:at safepoint (normal execution)

VM Mutex/Monitor currently owned by a thread:  ([mutex/lock_event])
[0x00007fce68009250] ExpandHeap_lock - owner thread: 0x00007fce68142800
[0x00007fce680098d0] Threads_lock - owner thread: 0x00007fce68142800
[0x00007fce68009dd0] Heap_lock - owner thread: 0x00007fce6800d000

heap address: 0x0000000085200000, size: 1966 MB, Compressed Oops mode: 32-bit
Narrow klass base: 0x0000000000000000, Narrow klass shift: 3
Compressed class space size: 1073741824 Address: 0x0000000100000000

Heap:
 PSYoungGen      total 375296K, used 0K [0x00000000d7100000, 0x00000000fb380000, 0x0000000100000000)
  eden space 360960K, 0% used [0x00000000d7100000,0x00000000d7100000,0x00000000ed180000)
  from space 14336K, 0% used [0x00000000f1900000,0x00000000f1900000,0x00000000f2700000)
  to   space 73216K, 0% used [0x00000000ed180000,0x00000000ed180000,0x00000000f1900000)
 ParOldGen       total 302080K, used 298212K [0x0000000085200000, 0x0000000097900000, 0x00000000d7100000)
  object space 302080K, 98% used [0x0000000085200000,0x0000000097539250,0x0000000097900000)
 Metaspace       used 15229K, capacity 15430K, committed 15616K, reserved 1062912K
  class space    used 1660K, capacity 1727K, committed 1792K, reserved 1048576K

Card table byte_map: [0x00007fce57e0a000,0x00007fce581e2000] byte_map_base: 0x00007fce579e1000

Marking Bits: (ParMarkBitMap*) 0x00007fce6dd9ed80
 Begin Bits: [0x00007fce53b07000, 0x00007fce559bf000)
 End Bits:   [0x00007fce559bf000, 0x00007fce57877000)

Polling page: 0x00007fce6ea0e000

CodeCache: size=245760Kb used=8448Kb max_used=9322Kb free=237311Kb
 bounds [0x00007fce585a2000, 0x00007fce58f32000, 0x00007fce675a2000]
 total_blobs=2576 nmethods=2118 adapters=371
 compilation: enabled

Compilation events (10 events):
Event: 29.349 Thread 0x00007fce6823d000 2535       4       com.fasterxml.jackson.core.json.WriterBasedJsonGenerator::_prependOrWriteCharacterEscape (484 bytes)
Event: 29.350 Thread 0x00007fce6823d000 nmethod 2535 0x00007fce589854d0 code [0x00007fce58985620, 0x00007fce58985758]
Event: 34.262 Thread 0x00007fce6823f000 2536       3       org.apache.kafka.common.metrics.stats.SampledStat::record (50 bytes)
Event: 34.262 Thread 0x00007fce6823f000 nmethod 2536 0x00007fce586dbb10 code [0x00007fce586dbcc0, 0x00007fce586dc268]
Event: 34.262 Thread 0x00007fce6823f000 2537       3       org.apache.kafka.common.metrics.stats.Meter::record (23 bytes)
Event: 34.262 Thread 0x00007fce6823f000 nmethod 2537 0x00007fce586e8790 code [0x00007fce586e8920, 0x00007fce586e8c48]
Event: 34.281 Thread 0x00007fce6823d000 2538       4       org.apache.kafka.common.metrics.stats.SampledStat::record (50 bytes)
Event: 34.285 Thread 0x00007fce6823d000 nmethod 2538 0x00007fce587c9e10 code [0x00007fce587c9fa0, 0x00007fce587ca228]
Event: 34.301 Thread 0x00007fce6823b000 2539       4       org.apache.kafka.common.metrics.stats.Meter::record (23 bytes)
Event: 34.306 Thread 0x00007fce6823b000 nmethod 2539 0x00007fce586ded10 code [0x00007fce586deea0, 0x00007fce586df1a8]

GC Heap History (10 events):
Event: 47.793 GC heap after
Heap after GC invocations=40 (full 2):
 PSYoungGen      total 432128K, used 32K [0x00000000d7100000, 0x00000000f2980000, 0x0000000100000000)
  eden space 415232K, 0% used [0x00000000d7100000,0x00000000d7100000,0x00000000f0680000)
  from space 16896K, 0% used [0x00000000f1900000,0x00000000f1908000,0x00000000f2980000)
  to   space 17920K, 0% used [0x00000000f0680000,0x00000000f0680000,0x00000000f1800000)
 ParOldGen       total 291328K, used 150805K [0x0000000085200000, 0x0000000096e80000, 0x00000000d7100000)
  object space 291328K, 51% used [0x0000000085200000,0x000000008e545678,0x0000000096e80000)
 Metaspace       used 15229K, capacity 15430K, committed 15616K, reserved 1062912K
  class space    used 1660K, capacity 1727K, committed 1792K, reserved 1048576K
}
Event: 48.965 GC heap before
{Heap before GC invocations=41 (full 2):
 PSYoungGen      total 432128K, used 415264K [0x00000000d7100000, 0x00000000f2980000, 0x0000000100000000)
  eden space 415232K, 100% used [0x00000000d7100000,0x00000000f0680000,0x00000000f0680000)
  from space 16896K, 0% used [0x00000000f1900000,0x00000000f1908000,0x00000000f2980000)
  to   space 17920K, 0% used [0x00000000f0680000,0x00000000f0680000,0x00000000f1800000)
 ParOldGen       total 291328K, used 150805K [0x0000000085200000, 0x0000000096e80000, 0x00000000d7100000)
  object space 291328K, 51% used [0x0000000085200000,0x000000008e545678,0x0000000096e80000)
 Metaspace       used 15229K, capacity 15430K, committed 15616K, reserved 1062912K
  class space    used 1660K, capacity 1727K, committed 1792K, reserved 1048576K
Event: 48.969 GC heap after
Heap after GC invocations=41 (full 2):
 PSYoungGen      total 433152K, used 64K [0x00000000d7100000, 0x00000000f2900000, 0x0000000100000000)
  eden space 415232K, 0% used [0x00000000d7100000,0x00000000d7100000,0x00000000f0680000)
  from space 17920K, 0% used [0x00000000f0680000,0x00000000f0690000,0x00000000f1800000)
  to   space 16384K, 0% used [0x00000000f1900000,0x00000000f1900000,0x00000000f2900000)
 ParOldGen       total 291328K, used 150805K [0x0000000085200000, 0x0000000096e80000, 0x00000000d7100000)
  object space 291328K, 51% used [0x0000000085200000,0x000000008e545678,0x0000000096e80000)
 Metaspace       used 15229K, capacity 15430K, committed 15616K, reserved 1062912K
  class space    used 1660K, capacity 1727K, committed 1792K, reserved 1048576K
}
Event: 50.116 GC heap before
{Heap before GC invocations=42 (full 2):
 PSYoungGen      total 433152K, used 415296K [0x00000000d7100000, 0x00000000f2900000, 0x0000000100000000)
  eden space 415232K, 100% used [0x00000000d7100000,0x00000000f0680000,0x00000000f0680000)
  from space 17920K, 0% used [0x00000000f0680000,0x00000000f0690000,0x00000000f1800000)
  to   space 16384K, 0% used [0x00000000f1900000,0x00000000f1900000,0x00000000f2900000)
 ParOldGen       total 291328K, used 150805K [0x0000000085200000, 0x0000000096e80000, 0x00000000d7100000)
  object space 291328K, 51% used [0x0000000085200000,0x000000008e545678,0x0000000096e80000)
 Metaspace       used 15229K, capacity 15430K, committed 15616K, reserved 1062912K
  class space    used 1660K, capacity 1727K, committed 1792K, reserved 1048576K
Event: 50.121 GC heap after
Heap after GC invocations=42 (full 2):
 PSYoungGen      total 432128K, used 64K [0x00000000d7100000, 0x00000000f2700000, 0x0000000100000000)
  eden space 417792K, 0% used [0x00000000d7100000,0x00000000d7100000,0x00000000f0900000)
  from space 14336K, 0% used [0x00000000f1900000,0x00000000f1910000,0x00000000f2700000)
  to   space 15360K, 0% used [0x00000000f0900000,0x00000000f0900000,0x00000000f1800000)
 ParOldGen       total 291328K, used 150805K [0x0000000085200000, 0x0000000096e80000, 0x00000000d7100000)
  object space 291328K, 51% used [0x0000000085200000,0x000000008e545678,0x0000000096e80000)
 Metaspace       used 15229K, capacity 15430K, committed 15616K, reserved 1062912K
  class space    used 1660K, capacity 1727K, committed 1792K, reserved 1048576K
}
Event: 51.336 GC heap before
{Heap before GC invocations=43 (full 2):
 PSYoungGen      total 432128K, used 417856K [0x00000000d7100000, 0x00000000f2700000, 0x0000000100000000)
  eden space 417792K, 100% used [0x00000000d7100000,0x00000000f0900000,0x00000000f0900000)
  from space 14336K, 0% used [0x00000000f1900000,0x00000000f1910000,0x00000000f2700000)
  to   space 15360K, 0% used [0x00000000f0900000,0x00000000f0900000,0x00000000f1800000)
 ParOldGen       total 291328K, used 150805K [0x0000000085200000, 0x0000000096e80000, 0x00000000d7100000)
  object space 291328K, 51% used [0x0000000085200000,0x000000008e545678,0x0000000096e80000)
 Metaspace       used 15229K, capacity 15430K, committed 15616K, reserved 1062912K
  class space    used 1660K, capacity 1727K, committed 1792K, reserved 1048576K
Event: 51.340 GC heap after
Heap after GC invocations=43 (full 2):
 PSYoungGen      total 433152K, used 64K [0x00000000d7100000, 0x00000000f2700000, 0x0000000100000000)
  eden space 417792K, 0% used [0x00000000d7100000,0x00000000d7100000,0x00000000f0900000)
  from space 15360K, 0% used [0x00000000f0900000,0x00000000f0910000,0x00000000f1800000)
  to   space 14336K, 0% used [0x00000000f1900000,0x00000000f1900000,0x00000000f2700000)
 ParOldGen       total 291328K, used 150805K [0x0000000085200000, 0x0000000096e80000, 0x00000000d7100000)
  object space 291328K, 51% used [0x0000000085200000,0x000000008e545678,0x0000000096e80000)
 Metaspace       used 15229K, capacity 15430K, committed 15616K, reserved 1062912K
  class space    used 1660K, capacity 1727K, committed 1792K, reserved 1048576K
}
Event: 52.061 GC heap before
{Heap before GC invocations=44 (full 2):
 PSYoungGen      total 433152K, used 417856K [0x00000000d7100000, 0x00000000f2700000, 0x0000000100000000)
  eden space 417792K, 100% used [0x00000000d7100000,0x00000000f0900000,0x00000000f0900000)
  from space 15360K, 0% used [0x00000000f0900000,0x00000000f0910000,0x00000000f1800000)
  to   space 14336K, 0% used [0x00000000f1900000,0x00000000f1900000,0x00000000f2700000)
 ParOldGen       total 291328K, used 150805K [0x0000000085200000, 0x0000000096e80000, 0x00000000d7100000)
  object space 291328K, 51% used [0x0000000085200000,0x000000008e545678,0x0000000096e80000)
 Metaspace       used 15229K, capacity 15430K, committed 15616K, reserved 1062912K
  class space    used 1660K, capacity 1727K, committed 1792K, reserved 1048576K
Event: 52.340 GC heap after
Heap after GC invocations=44 (full 2):
 PSYoungGen      total 375296K, used 14336K [0x00000000d7100000, 0x00000000fb380000, 0x0000000100000000)
  eden space 360960K, 0% used [0x00000000d7100000,0x00000000d7100000,0x00000000ed180000)
  from space 14336K, 100% used [0x00000000f1900000,0x00000000f2700000,0x00000000f2700000)
  to   space 73216K, 0% used [0x00000000ed180000,0x00000000ed180000,0x00000000f1900000)
 ParOldGen       total 302080K, used 300837K [0x0000000085200000, 0x0000000097900000, 0x00000000d7100000)
  object space 302080K, 99% used [0x0000000085200000,0x00000000977c9688,0x0000000097900000)
 Metaspace       used 15229K, capacity 15430K, committed 15616K, reserved 1062912K
  class space    used 1660K, capacity 1727K, committed 1792K, reserved 1048576K
}
Event: 52.340 GC heap before
{Heap before GC invocations=45 (full 3):
 PSYoungGen      total 375296K, used 14336K [0x00000000d7100000, 0x00000000fb380000, 0x0000000100000000)
  eden space 360960K, 0% used [0x00000000d7100000,0x00000000d7100000,0x00000000ed180000)
  from space 14336K, 100% used [0x00000000f1900000,0x00000000f2700000,0x00000000f2700000)
  to   space 73216K, 0% used [0x00000000ed180000,0x00000000ed180000,0x00000000f1900000)
 ParOldGen       total 302080K, used 300837K [0x0000000085200000, 0x0000000097900000, 0x00000000d7100000)
  object space 302080K, 99% used [0x0000000085200000,0x00000000977c9688,0x0000000097900000)
 Metaspace       used 15229K, capacity 15430K, committed 15616K, reserved 1062912K
  class space    used 1660K, capacity 1727K, committed 1792K, reserved 1048576K

Deoptimization events (10 events):
Event: 18.752 Thread 0x00007fce6800d000 Uncommon trap: reason=unstable_if action=reinterpret pc=0x00007fce58c16df4 method=com.fasterxml.jackson.core.json.WriterBasedJsonGenerator._writeString2(I)V @ 21
Event: 18.855 Thread 0x00007fce6800d000 Uncommon trap: reason=unstable_if action=reinterpret pc=0x00007fce58e6bd70 method=java.lang.String.trim()Ljava/lang/String; @ 15
Event: 18.855 Thread 0x00007fce6800d000 Uncommon trap: reason=unstable_if action=reinterpret pc=0x00007fce58eab34c method=java.lang.String.trim()Ljava/lang/String; @ 15
Event: 18.855 Thread 0x00007fce6800d000 Uncommon trap: reason=unstable_if action=reinterpret pc=0x00007fce586b2f44 method=java.lang.String.trim()Ljava/lang/String; @ 15
Event: 20.163 Thread 0x00007fce6800d000 Uncommon trap: reason=unstable_if action=reinterpret pc=0x00007fce58ea293c method=org.apache.kafka.common.utils.ByteUtils.sizeOfVarlong(J)I @ 19
Event: 20.163 Thread 0x00007fce6800d000 Uncommon trap: reason=unstable_if action=reinterpret pc=0x00007fce58df16f4 method=org.apache.kafka.common.utils.ByteUtils.sizeOfVarlong(J)I @ 19
Event: 22.553 Thread 0x00007fce6800d000 Uncommon trap: reason=unloaded action=reinterpret pc=0x00007fce58ca2b48 method=sun.nio.cs.UTF_8$Encoder.encode([CII[B)I @ 153
Event: 25.722 Thread 0x00007fce6800d000 Uncommon trap: reason=unstable_if action=reinterpret pc=0x00007fce58c28f70 method=com.fasterxml.jackson.core.json.WriterBasedJsonGenerator._writeString2(I)V @ 21
Event: 34.261 Thread 0x00007fce68544800 Uncommon trap: reason=unstable_if action=reinterpret pc=0x00007fce58cc1e04 method=org.apache.kafka.common.metrics.stats.SampledStat$Sample.isComplete(JLorg/apache/kafka/common/metrics/MetricConfig;)Z @ 11
Event: 34.261 Thread 0x00007fce68544800 Uncommon trap: reason=unstable_if action=reinterpret pc=0x00007fce58c45140 method=org.apache.kafka.common.metrics.stats.SampledStat$Sample.isComplete(JLorg/apache/kafka/common/metrics/MetricConfig;)Z @ 11

Classes redefined (0 events):
No events

Internal exceptions (10 events):
Event: 4.238 Thread 0x00007fce6800d000 Exception <a 'java/lang/ArrayIndexOutOfBoundsException'> (0x00000000d8aaf808) thrown at [/HUDSON/workspace/8-2-build-linux-amd64/jdk8u201/12317/hotspot/src/share/vm/runtime/sharedRuntime.cpp, line 605]
Event: 4.238 Thread 0x00007fce6800d000 Exception <a 'java/lang/ArrayIndexOutOfBoundsException'> (0x00000000d8ab7b10) thrown at [/HUDSON/workspace/8-2-build-linux-amd64/jdk8u201/12317/hotspot/src/share/vm/runtime/sharedRuntime.cpp, line 605]
Event: 4.238 Thread 0x00007fce6800d000 Exception <a 'java/lang/ArrayIndexOutOfBoundsException'> (0x00000000d8ab8b78) thrown at [/HUDSON/workspace/8-2-build-linux-amd64/jdk8u201/12317/hotspot/src/share/vm/runtime/sharedRuntime.cpp, line 605]
Event: 4.238 Thread 0x00007fce6800d000 Exception <a 'java/lang/ArrayIndexOutOfBoundsException'> (0x00000000d8ab97e0) thrown at [/HUDSON/workspace/8-2-build-linux-amd64/jdk8u201/12317/hotspot/src/share/vm/runtime/sharedRuntime.cpp, line 605]
Event: 4.238 Thread 0x00007fce6800d000 Exception <a 'java/lang/ArrayIndexOutOfBoundsException'> (0x00000000d8abb530) thrown at [/HUDSON/workspace/8-2-build-linux-amd64/jdk8u201/12317/hotspot/src/share/vm/runtime/sharedRuntime.cpp, line 605]
Event: 4.238 Thread 0x00007fce6800d000 Exception <a 'java/lang/ArrayIndexOutOfBoundsException'> (0x00000000d8abcc28) thrown at [/HUDSON/workspace/8-2-build-linux-amd64/jdk8u201/12317/hotspot/src/share/vm/runtime/sharedRuntime.cpp, line 605]
Event: 4.239 Thread 0x00007fce6800d000 Exception <a 'java/lang/ArrayIndexOutOfBoundsException'> (0x00000000d8ac4bb0) thrown at [/HUDSON/workspace/8-2-build-linux-amd64/jdk8u201/12317/hotspot/src/share/vm/runtime/sharedRuntime.cpp, line 605]
Event: 4.240 Thread 0x00007fce6800d000 Exception <a 'java/lang/ArrayIndexOutOfBoundsException'> (0x00000000d8ac7ad8) thrown at [/HUDSON/workspace/8-2-build-linux-amd64/jdk8u201/12317/hotspot/src/share/vm/runtime/sharedRuntime.cpp, line 605]
Event: 4.300 Thread 0x00007fce68544800 Exception <a 'java/lang/NoSuchFieldError': method resolution failed> (0x00000000d8dca4d8) thrown at [/HUDSON/workspace/8-2-build-linux-amd64/jdk8u201/12317/hotspot/src/share/vm/prims/methodHandles.cpp, line 1167]
Event: 4.302 Thread 0x00007fce68544800 Exception <a 'java/lang/NoSuchFieldError': method resolution failed> (0x00000000d8dd8438) thrown at [/HUDSON/workspace/8-2-build-linux-amd64/jdk8u201/12317/hotspot/src/share/vm/prims/methodHandles.cpp, line 1167]

Events (10 events):
Event: 46.665 Executing VM operation: ParallelGCFailedAllocation done
Event: 47.789 Executing VM operation: ParallelGCFailedAllocation
Event: 47.793 Executing VM operation: ParallelGCFailedAllocation done
Event: 48.964 Executing VM operation: ParallelGCFailedAllocation
Event: 48.969 Executing VM operation: ParallelGCFailedAllocation done
Event: 50.116 Executing VM operation: ParallelGCFailedAllocation
Event: 50.121 Executing VM operation: ParallelGCFailedAllocation done
Event: 51.336 Executing VM operation: ParallelGCFailedAllocation
Event: 51.340 Executing VM operation: ParallelGCFailedAllocation done
Event: 52.061 Executing VM operation: ParallelGCFailedAllocation


Dynamic libraries:
00400000-00401000 r-xp 00000000 08:02 13770739                           /usr/lib/jvm/java-8-oracle/bin/java
00600000-00601000 r--p 00000000 08:02 13770739                           /usr/lib/jvm/java-8-oracle/bin/java
00601000-00602000 rw-p 00001000 08:02 13770739                           /usr/lib/jvm/java-8-oracle/bin/java
008fd000-0091e000 rw-p 00000000 00:00 0                                  [heap]
85200000-97900000 rw-p 00000000 00:00 0 
a4180000-d7100000 ---p 00000000 00:00 0 
d7100000-fb380000 rw-p 00000000 00:00 0 
fb380000-100000000 ---p 00000000 00:00 0 
100000000-1001c0000 rw-p 00000000 00:00 0 
1001c0000-140000000 ---p 00000000 00:00 0 
7fce0c000000-7fce0c0b2000 rw-p 00000000 00:00 0 
7fce0c0b2000-7fce10000000 ---p 00000000 00:00 0 
7fce10000000-7fce10021000 rw-p 00000000 00:00 0 
7fce10021000-7fce14000000 ---p 00000000 00:00 0 
7fce14000000-7fce14021000 rw-p 00000000 00:00 0 
7fce14021000-7fce18000000 ---p 00000000 00:00 0 
7fce18000000-7fce18021000 rw-p 00000000 00:00 0 
7fce18021000-7fce1c000000 ---p 00000000 00:00 0 
7fce1c000000-7fce1e587000 rw-p 00000000 00:00 0 
7fce1e587000-7fce20000000 ---p 00000000 00:00 0 
7fce20000000-7fce20575000 rw-p 00000000 00:00 0 
7fce20575000-7fce24000000 ---p 00000000 00:00 0 
7fce24000000-7fce24021000 rw-p 00000000 00:00 0 
7fce24021000-7fce28000000 ---p 00000000 00:00 0 
7fce28000000-7fce29de1000 rw-p 00000000 00:00 0 
7fce29de1000-7fce2c000000 ---p 00000000 00:00 0 
7fce2c000000-7fce2c021000 rw-p 00000000 00:00 0 
7fce2c021000-7fce30000000 ---p 00000000 00:00 0 
7fce30000000-7fce30021000 rw-p 00000000 00:00 0 
7fce30021000-7fce34000000 ---p 00000000 00:00 0 
7fce34000000-7fce342c6000 rw-p 00000000 00:00 0 
7fce342c6000-7fce38000000 ---p 00000000 00:00 0 
7fce38000000-7fce38021000 rw-p 00000000 00:00 0 
7fce38021000-7fce3c000000 ---p 00000000 00:00 0 
7fce3c000000-7fce3c021000 rw-p 00000000 00:00 0 
7fce3c021000-7fce40000000 ---p 00000000 00:00 0 
7fce40000000-7fce40021000 rw-p 00000000 00:00 0 
7fce40021000-7fce44000000 ---p 00000000 00:00 0 
7fce44000000-7fce447f3000 rw-p 00000000 00:00 0 
7fce447f3000-7fce48000000 ---p 00000000 00:00 0 
7fce489fd000-7fce48b7d000 rw-p 00000000 00:00 0 
7fce48b7d000-7fce48bfd000 ---p 00000000 00:00 0 
7fce48bfd000-7fce48dfd000 rw-p 00000000 00:00 0 
7fce48dfd000-7fce48e00000 ---p 00000000 00:00 0 
7fce48e00000-7fce48efe000 rw-p 00000000 00:00 0 
7fce48efe000-7fce48f01000 ---p 00000000 00:00 0 
7fce48f01000-7fce4c000000 rw-p 00000000 00:00 0 
7fce4c000000-7fce4c021000 rw-p 00000000 00:00 0 
7fce4c021000-7fce50000000 ---p 00000000 00:00 0 
7fce500f4000-7fce50105000 r-xp 00000000 08:02 2495141                    /usr/lib/jvm/java-8-oracle/jre/lib/amd64/libnio.so
7fce50105000-7fce50304000 ---p 00011000 08:02 2495141                    /usr/lib/jvm/java-8-oracle/jre/lib/amd64/libnio.so
7fce50304000-7fce50305000 r--p 00010000 08:02 2495141                    /usr/lib/jvm/java-8-oracle/jre/lib/amd64/libnio.so
7fce50305000-7fce50306000 rw-p 00011000 08:02 2495141                    /usr/lib/jvm/java-8-oracle/jre/lib/amd64/libnio.so
7fce50306000-7fce50506000 rw-p 00000000 00:00 0 
7fce50506000-7fce5050f000 r-xp 00000000 08:02 2495146                    /usr/lib/jvm/java-8-oracle/jre/lib/amd64/libmanagement.so
7fce5050f000-7fce5070e000 ---p 00009000 08:02 2495146                    /usr/lib/jvm/java-8-oracle/jre/lib/amd64/libmanagement.so
7fce5070e000-7fce5070f000 r--p 00008000 08:02 2495146                    /usr/lib/jvm/java-8-oracle/jre/lib/amd64/libmanagement.so
7fce5070f000-7fce50710000 rw-p 00009000 08:02 2495146                    /usr/lib/jvm/java-8-oracle/jre/lib/amd64/libmanagement.so
7fce50710000-7fce50711000 ---p 00000000 00:00 0 
7fce50711000-7fce50811000 rw-p 00000000 00:00 0 
7fce50811000-7fce50814000 ---p 00000000 00:00 0 
7fce50814000-7fce50912000 rw-p 00000000 00:00 0 
7fce50912000-7fce50913000 ---p 00000000 00:00 0 
7fce50913000-7fce50916000 ---p 00000000 00:00 0 
7fce50916000-7fce50a13000 rw-p 00000000 00:00 0 
7fce50a13000-7fce50a29000 r-xp 00000000 08:02 2495138                    /usr/lib/jvm/java-8-oracle/jre/lib/amd64/libnet.so
7fce50a29000-7fce50c29000 ---p 00016000 08:02 2495138                    /usr/lib/jvm/java-8-oracle/jre/lib/amd64/libnet.so
7fce50c29000-7fce50c2a000 r--p 00016000 08:02 2495138                    /usr/lib/jvm/java-8-oracle/jre/lib/amd64/libnet.so
7fce50c2a000-7fce50c2b000 rw-p 00017000 08:02 2495138                    /usr/lib/jvm/java-8-oracle/jre/lib/amd64/libnet.so
7fce50c2b000-7fce50c2c000 ---p 00000000 00:00 0 
7fce50c2c000-7fce50c2f000 ---p 00000000 00:00 0 
7fce50c2f000-7fce50d2c000 rw-p 00000000 00:00 0 
7fce50d2c000-7fce50d2d000 ---p 00000000 00:00 0 
7fce50d2d000-7fce50d30000 ---p 00000000 00:00 0 
7fce50d30000-7fce50e2d000 rw-p 00000000 00:00 0 
7fce50e2d000-7fce50e30000 ---p 00000000 00:00 0 
7fce50e30000-7fce50f2e000 rw-p 00000000 00:00 0 
7fce50f2e000-7fce50f30000 r--s 0001b000 08:02 4981136                    /opt/idea-IU-191.6183.87/lib/idea_rt.jar
7fce50f30000-7fce50f43000 r--s 00137000 08:02 3276833                    /home/delinvas/.m2/repository/com/fasterxml/jackson/core/jackson-databind/2.9.9/jackson-databind-2.9.9.jar
7fce50f43000-7fce50f46000 ---p 00000000 00:00 0 
7fce50f46000-7fce51044000 rw-p 00000000 00:00 0 
7fce51044000-7fce51b44000 r--p 00000000 08:02 13113874                   /usr/lib/locale/locale-archive
7fce51b44000-7fce51b47000 ---p 00000000 00:00 0 
7fce51b47000-7fce51c45000 rw-p 00000000 00:00 0 
7fce51c45000-7fce51c48000 ---p 00000000 00:00 0 
7fce51c48000-7fce51d46000 rw-p 00000000 00:00 0 
7fce51d46000-7fce51d47000 ---p 00000000 00:00 0 
7fce51d47000-7fce52d56000 rw-p 00000000 00:00 0 
7fce52d56000-7fce52f30000 r--s 03d6f000 08:02 923587                     /usr/lib/jvm/java-8-oracle/jre/lib/rt.jar
7fce52f30000-7fce57877000 rw-p 00000000 00:00 0 
7fce57877000-7fce57878000 ---p 00000000 00:00 0 
7fce57878000-7fce57978000 rw-p 00000000 00:00 0 
7fce57978000-7fce57979000 ---p 00000000 00:00 0 
7fce57979000-7fce57a79000 rw-p 00000000 00:00 0 
7fce57a79000-7fce57a7a000 ---p 00000000 00:00 0 
7fce57a7a000-7fce57c0e000 rw-p 00000000 00:00 0 
7fce57c0e000-7fce57e0a000 ---p 00000000 00:00 0 
7fce57e0a000-7fce57e9e000 rw-p 00000000 00:00 0 
7fce57e9e000-7fce58099000 ---p 00000000 00:00 0 
7fce58099000-7fce581bb000 rw-p 00000000 00:00 0 
7fce581bb000-7fce581e1000 ---p 00000000 00:00 0 
7fce581e1000-7fce58209000 rw-p 00000000 00:00 0 
7fce58209000-7fce585a2000 ---p 00000000 00:00 0 
7fce585a2000-7fce58f32000 rwxp 00000000 00:00 0 
7fce58f32000-7fce675a2000 ---p 00000000 00:00 0 
7fce675a2000-7fce675bd000 r-xp 00000000 08:02 2495134                    /usr/lib/jvm/java-8-oracle/jre/lib/amd64/libzip.so
7fce675bd000-7fce677bc000 ---p 0001b000 08:02 2495134                    /usr/lib/jvm/java-8-oracle/jre/lib/amd64/libzip.so
7fce677bc000-7fce677bd000 r--p 0001a000 08:02 2495134                    /usr/lib/jvm/java-8-oracle/jre/lib/amd64/libzip.so
7fce677bd000-7fce677be000 rw-p 0001b000 08:02 2495134                    /usr/lib/jvm/java-8-oracle/jre/lib/amd64/libzip.so
7fce677be000-7fce677c9000 r-xp 00000000 08:02 6558458                    /lib/x86_64-linux-gnu/libnss_files-2.27.so
7fce677c9000-7fce679c8000 ---p 0000b000 08:02 6558458                    /lib/x86_64-linux-gnu/libnss_files-2.27.so
7fce679c8000-7fce679c9000 r--p 0000a000 08:02 6558458                    /lib/x86_64-linux-gnu/libnss_files-2.27.so
7fce679c9000-7fce679ca000 rw-p 0000b000 08:02 6558458                    /lib/x86_64-linux-gnu/libnss_files-2.27.so
7fce679ca000-7fce679d0000 rw-p 00000000 00:00 0 
7fce679d0000-7fce679e7000 r-xp 00000000 08:02 6558452                    /lib/x86_64-linux-gnu/libnsl-2.27.so
7fce679e7000-7fce67be6000 ---p 00017000 08:02 6558452                    /lib/x86_64-linux-gnu/libnsl-2.27.so
7fce67be6000-7fce67be7000 r--p 00016000 08:02 6558452                    /lib/x86_64-linux-gnu/libnsl-2.27.so
7fce67be7000-7fce67be8000 rw-p 00017000 08:02 6558452                    /lib/x86_64-linux-gnu/libnsl-2.27.so
7fce67be8000-7fce67bea000 rw-p 00000000 00:00 0 
7fce67bea000-7fce67bf5000 r-xp 00000000 08:02 6558469                    /lib/x86_64-linux-gnu/libnss_nis-2.27.so
7fce67bf5000-7fce67df4000 ---p 0000b000 08:02 6558469                    /lib/x86_64-linux-gnu/libnss_nis-2.27.so
7fce67df4000-7fce67df5000 r--p 0000a000 08:02 6558469                    /lib/x86_64-linux-gnu/libnss_nis-2.27.so
7fce67df5000-7fce67df6000 rw-p 0000b000 08:02 6558469                    /lib/x86_64-linux-gnu/libnss_nis-2.27.so
7fce67df6000-7fce67dfe000 r-xp 00000000 08:02 6558454                    /lib/x86_64-linux-gnu/libnss_compat-2.27.so
7fce67dfe000-7fce67ffe000 ---p 00008000 08:02 6558454                    /lib/x86_64-linux-gnu/libnss_compat-2.27.so
7fce67ffe000-7fce67fff000 r--p 00008000 08:02 6558454                    /lib/x86_64-linux-gnu/libnss_compat-2.27.so
7fce67fff000-7fce68000000 rw-p 00009000 08:02 6558454                    /lib/x86_64-linux-gnu/libnss_compat-2.27.so
7fce68000000-7fce687e1000 rw-p 00000000 00:00 0 
7fce687e1000-7fce6c000000 ---p 00000000 00:00 0 
7fce6c000000-7fce6c004000 r--s 0004c000 08:02 3276835                    /home/delinvas/.m2/repository/com/fasterxml/jackson/core/jackson-core/2.9.9/jackson-core-2.9.9.jar
7fce6c004000-7fce6c007000 r--s 0000e000 08:02 4587756                    /home/delinvas/.m2/repository/com/fasterxml/jackson/core/jackson-annotations/2.9.0/jackson-annotations-2.9.0.jar
7fce6c007000-7fce6c009000 r--s 00009000 08:02 11142453                   /home/delinvas/.m2/repository/org/slf4j/slf4j-api/1.7.25/slf4j-api-1.7.25.jar
7fce6c009000-7fce6c00b000 r--s 001eb000 08:02 4066881                    /home/delinvas/.m2/repository/org/xerial/snappy/snappy-java/1.1.7.1/snappy-java-1.1.7.1.jar
7fce6c00b000-7fce6c00e000 r--s 00058000 08:02 5771032                    /home/delinvas/.m2/repository/org/lz4/lz4-java/1.4/lz4-java-1.4.jar
7fce6c00e000-7fce6c02c000 r--s 00187000 08:02 5771030                    /home/delinvas/.m2/repository/org/apache/kafka/kafka-clients/1.1.0/kafka-clients-1.1.0.jar
7fce6c02c000-7fce6c03f000 r--s 00345000 08:02 923591                     /usr/lib/jvm/java-8-oracle/jre/lib/resources.jar
7fce6c03f000-7fce6c052000 r--s 000d6000 08:02 923578                     /usr/lib/jvm/java-8-oracle/jre/lib/plugin.jar
7fce6c052000-7fce6c06d000 r--s 0020c000 08:02 923565                     /usr/lib/jvm/java-8-oracle/jre/lib/deploy.jar
7fce6c06d000-7fce6c0e3000 rw-p 00000000 00:00 0 
7fce6c0e3000-7fce6c0e4000 ---p 00000000 00:00 0 
7fce6c0e4000-7fce6c1e4000 rw-p 00000000 00:00 0 
7fce6c1e4000-7fce6c1ee000 r-xp 00000000 08:02 2495143                    /usr/lib/jvm/java-8-oracle/jre/lib/amd64/libinstrument.so
7fce6c1ee000-7fce6c3ed000 ---p 0000a000 08:02 2495143                    /usr/lib/jvm/java-8-oracle/jre/lib/amd64/libinstrument.so
7fce6c3ed000-7fce6c3ee000 r--p 00009000 08:02 2495143                    /usr/lib/jvm/java-8-oracle/jre/lib/amd64/libinstrument.so
7fce6c3ee000-7fce6c3ef000 rw-p 0000a000 08:02 2495143                    /usr/lib/jvm/java-8-oracle/jre/lib/amd64/libinstrument.so
7fce6c3ef000-7fce6c41b000 r-xp 00000000 08:02 2495128                    /usr/lib/jvm/java-8-oracle/jre/lib/amd64/libjava.so
7fce6c41b000-7fce6c61b000 ---p 0002c000 08:02 2495128                    /usr/lib/jvm/java-8-oracle/jre/lib/amd64/libjava.so
7fce6c61b000-7fce6c61c000 r--p 0002c000 08:02 2495128                    /usr/lib/jvm/java-8-oracle/jre/lib/amd64/libjava.so
7fce6c61c000-7fce6c61e000 rw-p 0002d000 08:02 2495128                    /usr/lib/jvm/java-8-oracle/jre/lib/amd64/libjava.so
7fce6c61e000-7fce6c62b000 r-xp 00000000 08:02 2495133                    /usr/lib/jvm/java-8-oracle/jre/lib/amd64/libverify.so
7fce6c62b000-7fce6c82a000 ---p 0000d000 08:02 2495133                    /usr/lib/jvm/java-8-oracle/jre/lib/amd64/libverify.so
7fce6c82a000-7fce6c82c000 r--p 0000c000 08:02 2495133                    /usr/lib/jvm/java-8-oracle/jre/lib/amd64/libverify.so
7fce6c82c000-7fce6c82d000 rw-p 0000e000 08:02 2495133                    /usr/lib/jvm/java-8-oracle/jre/lib/amd64/libverify.so
7fce6c82d000-7fce6c834000 r-xp 00000000 08:02 6558509                    /lib/x86_64-linux-gnu/librt-2.27.so
7fce6c834000-7fce6ca33000 ---p 00007000 08:02 6558509                    /lib/x86_64-linux-gnu/librt-2.27.so
7fce6ca33000-7fce6ca34000 r--p 00006000 08:02 6558509                    /lib/x86_64-linux-gnu/librt-2.27.so
7fce6ca34000-7fce6ca35000 rw-p 00007000 08:02 6558509                    /lib/x86_64-linux-gnu/librt-2.27.so
7fce6ca35000-7fce6cbd2000 r-xp 00000000 08:02 6558431                    /lib/x86_64-linux-gnu/libm-2.27.so
7fce6cbd2000-7fce6cdd1000 ---p 0019d000 08:02 6558431                    /lib/x86_64-linux-gnu/libm-2.27.so
7fce6cdd1000-7fce6cdd2000 r--p 0019c000 08:02 6558431                    /lib/x86_64-linux-gnu/libm-2.27.so
7fce6cdd2000-7fce6cdd3000 rw-p 0019d000 08:02 6558431                    /lib/x86_64-linux-gnu/libm-2.27.so
7fce6cdd3000-7fce6dabb000 r-xp 00000000 08:02 2495110                    /usr/lib/jvm/java-8-oracle/jre/lib/amd64/server/libjvm.so
7fce6dabb000-7fce6dcba000 ---p 00ce8000 08:02 2495110                    /usr/lib/jvm/java-8-oracle/jre/lib/amd64/server/libjvm.so
7fce6dcba000-7fce6dd50000 r--p 00ce7000 08:02 2495110                    /usr/lib/jvm/java-8-oracle/jre/lib/amd64/server/libjvm.so
7fce6dd50000-7fce6dd81000 rw-p 00d7d000 08:02 2495110                    /usr/lib/jvm/java-8-oracle/jre/lib/amd64/server/libjvm.so
7fce6dd81000-7fce6ddbc000 rw-p 00000000 00:00 0 
7fce6ddbc000-7fce6dfa3000 r-xp 00000000 08:02 6558368                    /lib/x86_64-linux-gnu/libc-2.27.so
7fce6dfa3000-7fce6e1a3000 ---p 001e7000 08:02 6558368                    /lib/x86_64-linux-gnu/libc-2.27.so
7fce6e1a3000-7fce6e1a7000 r--p 001e7000 08:02 6558368                    /lib/x86_64-linux-gnu/libc-2.27.so
7fce6e1a7000-7fce6e1a9000 rw-p 001eb000 08:02 6558368                    /lib/x86_64-linux-gnu/libc-2.27.so
7fce6e1a9000-7fce6e1ad000 rw-p 00000000 00:00 0 
7fce6e1ad000-7fce6e1b0000 r-xp 00000000 08:02 6558391                    /lib/x86_64-linux-gnu/libdl-2.27.so
7fce6e1b0000-7fce6e3af000 ---p 00003000 08:02 6558391                    /lib/x86_64-linux-gnu/libdl-2.27.so
7fce6e3af000-7fce6e3b0000 r--p 00002000 08:02 6558391                    /lib/x86_64-linux-gnu/libdl-2.27.so
7fce6e3b0000-7fce6e3b1000 rw-p 00003000 08:02 6558391                    /lib/x86_64-linux-gnu/libdl-2.27.so
7fce6e3b1000-7fce6e3c8000 r-xp 00000000 08:02 2236600                    /usr/lib/jvm/java-8-oracle/lib/amd64/jli/libjli.so
7fce6e3c8000-7fce6e5c7000 ---p 00017000 08:02 2236600                    /usr/lib/jvm/java-8-oracle/lib/amd64/jli/libjli.so
7fce6e5c7000-7fce6e5c8000 r--p 00016000 08:02 2236600                    /usr/lib/jvm/java-8-oracle/lib/amd64/jli/libjli.so
7fce6e5c8000-7fce6e5c9000 rw-p 00017000 08:02 2236600                    /usr/lib/jvm/java-8-oracle/lib/amd64/jli/libjli.so
7fce6e5c9000-7fce6e5e3000 r-xp 00000000 08:02 6558501                    /lib/x86_64-linux-gnu/libpthread-2.27.so
7fce6e5e3000-7fce6e7e2000 ---p 0001a000 08:02 6558501                    /lib/x86_64-linux-gnu/libpthread-2.27.so
7fce6e7e2000-7fce6e7e3000 r--p 00019000 08:02 6558501                    /lib/x86_64-linux-gnu/libpthread-2.27.so
7fce6e7e3000-7fce6e7e4000 rw-p 0001a000 08:02 6558501                    /lib/x86_64-linux-gnu/libpthread-2.27.so
7fce6e7e4000-7fce6e7e8000 rw-p 00000000 00:00 0 
7fce6e7e8000-7fce6e80f000 r-xp 00000000 08:02 6558340                    /lib/x86_64-linux-gnu/ld-2.27.so
7fce6e810000-7fce6e814000 r--s 000a1000 08:02 923592                     /usr/lib/jvm/java-8-oracle/jre/lib/jsse.jar
7fce6e814000-7fce6e819000 r--s 00084000 08:02 923564                     /usr/lib/jvm/java-8-oracle/jre/lib/jfr.jar
7fce6e819000-7fce6e823000 r--s 0006e000 08:02 923574                     /usr/lib/jvm/java-8-oracle/jre/lib/javaws.jar
7fce6e823000-7fce6e8f4000 rw-p 00000000 00:00 0 
7fce6e8f4000-7fce6e8f5000 ---p 00000000 00:00 0 
7fce6e8f5000-7fce6e8f8000 ---p 00000000 00:00 0 
7fce6e8f8000-7fce6e9f9000 rw-p 00000000 00:00 0 
7fce6e9fa000-7fce6e9fb000 r--s 00000000 08:02 923571                     /usr/lib/jvm/java-8-oracle/jre/lib/management-agent.jar
7fce6e9fb000-7fce6e9fd000 r--s 00007000 08:02 923600                     /usr/lib/jvm/java-8-oracle/jre/lib/jfxswt.jar
7fce6e9fd000-7fce6ea00000 r--s 0001a000 08:02 923598                     /usr/lib/jvm/java-8-oracle/jre/lib/jce.jar
7fce6ea00000-7fce6ea05000 r--s 002f9000 08:02 923585                     /usr/lib/jvm/java-8-oracle/jre/lib/charsets.jar
7fce6ea05000-7fce6ea0d000 rw-s 00000000 08:02 3146907                    /tmp/hsperfdata_delinvas/9482
7fce6ea0d000-7fce6ea0e000 rw-p 00000000 00:00 0 
7fce6ea0e000-7fce6ea0f000 ---p 00000000 00:00 0 
7fce6ea0f000-7fce6ea10000 r--p 00027000 08:02 6558340                    /lib/x86_64-linux-gnu/ld-2.27.so
7fce6ea10000-7fce6ea11000 rw-p 00028000 08:02 6558340                    /lib/x86_64-linux-gnu/ld-2.27.so
7fce6ea11000-7fce6ea12000 rw-p 00000000 00:00 0 
7ffcddf97000-7ffcddfb9000 rw-p 00000000 00:00 0                          [stack]
7ffcddff8000-7ffcddffb000 r--p 00000000 00:00 0                          [vvar]
7ffcddffb000-7ffcddffd000 r-xp 00000000 00:00 0                          [vdso]
ffffffffff600000-ffffffffff601000 r-xp 00000000 00:00 0                  [vsyscall]

VM Arguments:
jvm_args: -DentityExpansionLimit=2500000 -javaagent:/opt/idea-IU-191.6183.87/lib/idea_rt.jar=41933:/opt/idea-IU-191.6183.87/bin -Dfile.encoding=UTF-8 
java_command: stream.ScipiKafkaStream
java_class_path (initial): /usr/lib/jvm/java-8-oracle/jre/lib/charsets.jar:/usr/lib/jvm/java-8-oracle/jre/lib/deploy.jar:/usr/lib/jvm/java-8-oracle/jre/lib/ext/cldrdata.jar:/usr/lib/jvm/java-8-oracle/jre/lib/ext/dnsns.jar:/usr/lib/jvm/java-8-oracle/jre/lib/ext/jaccess.jar:/usr/lib/jvm/java-8-oracle/jre/lib/ext/jfxrt.jar:/usr/lib/jvm/java-8-oracle/jre/lib/ext/localedata.jar:/usr/lib/jvm/java-8-oracle/jre/lib/ext/nashorn.jar:/usr/lib/jvm/java-8-oracle/jre/lib/ext/sunec.jar:/usr/lib/jvm/java-8-oracle/jre/lib/ext/sunjce_provider.jar:/usr/lib/jvm/java-8-oracle/jre/lib/ext/sunpkcs11.jar:/usr/lib/jvm/java-8-oracle/jre/lib/ext/zipfs.jar:/usr/lib/jvm/java-8-oracle/jre/lib/javaws.jar:/usr/lib/jvm/java-8-oracle/jre/lib/jce.jar:/usr/lib/jvm/java-8-oracle/jre/lib/jfr.jar:/usr/lib/jvm/java-8-oracle/jre/lib/jfxswt.jar:/usr/lib/jvm/java-8-oracle/jre/lib/jsse.jar:/usr/lib/jvm/java-8-oracle/jre/lib/management-agent.jar:/usr/lib/jvm/java-8-oracle/jre/lib/plugin.jar:/usr/lib/jvm/java-8-oracle/jre/lib/resources.jar:/usr/lib/jvm/java-8-oracle/jre/lib/rt.jar:/home/delinvas/repos/SciPi/src/scipikafka/target/classes:/home/delinvas/.m2/repository/org/apache/kafka/kafka-clients/1.1.0/kafka-clients-1.1.0.jar:/home/delinvas/.m2/repository/org/lz4/lz4-java/1.4/lz4-java-1.4.jar:/home/delinvas/.m2/repository/org/xerial/snappy/snappy-java/1.1.7.1/snappy-java-1.1.7.1.jar:/home/delinvas/.m2/repository/org/slf4j/slf4j-api/1.7.25/slf4j-api-1.7.25.jar:/home/delinvas/.m2/repository/com/fasterxml/jackson/core/jackson-databind/2.9.9/jackson-databind-2.9.9.jar:/home/delinvas/.m2/repository/com/fasterxml/jackson/core/jackson-annotations/2.9.0/jackson-annotations-2.9.0.jar:/home/delinvas/.m2/repository/com/fasterxml/jackson/core/jackson-core/2.9.9/jackson-core-2.9.9.jar:/opt/idea-IU-191.6183.87/lib/idea_rt.jar
Launcher Type: SUN_STANDARD

Environment Variables:
JAVA_HOME=/usr/lib/jvm/java-8-oracle
PATH=/home/delinvas/.local/bin:/usr/local/sbin:/usr/local/bin:/usr/sbin:/usr/bin:/sbin:/bin:/usr/games:/usr/local/games:/opt/apache-maven-3.2.5/bin:/snap/bin:/usr/lib/jvm/java-8-oracle/bin:/usr/lib/jvm/java-8-oracle/db/bin:/usr/lib/jvm/java-8-oracle/jre/bin
USERNAME=delinvas
SHELL=/bin/bash
DISPLAY=:0

Signal Handlers:
SIGSEGV: [libjvm.so+0xad3e60], sa_mask[0]=11111111011111111101111111111110, sa_flags=SA_RESTART|SA_SIGINFO
SIGBUS: [libjvm.so+0xad3e60], sa_mask[0]=11111111011111111101111111111110, sa_flags=SA_RESTART|SA_SIGINFO
SIGFPE: [libjvm.so+0x90b880], sa_mask[0]=11111111011111111101111111111110, sa_flags=SA_RESTART|SA_SIGINFO
SIGPIPE: [libjvm.so+0x90b880], sa_mask[0]=11111111011111111101111111111110, sa_flags=SA_RESTART|SA_SIGINFO
SIGXFSZ: [libjvm.so+0x90b880], sa_mask[0]=11111111011111111101111111111110, sa_flags=SA_RESTART|SA_SIGINFO
SIGILL: [libjvm.so+0x90b880], sa_mask[0]=11111111011111111101111111111110, sa_flags=SA_RESTART|SA_SIGINFO
SIGUSR1: SIG_DFL, sa_mask[0]=00000000000000000000000000000000, sa_flags=none
SIGUSR2: [libjvm.so+0x90b750], sa_mask[0]=00100000000000000000000000000000, sa_flags=SA_RESTART|SA_SIGINFO
SIGHUP: [libjvm.so+0x90bd70], sa_mask[0]=11111111011111111101111111111110, sa_flags=SA_RESTART|SA_SIGINFO
SIGINT: [libjvm.so+0x90bd70], sa_mask[0]=11111111011111111101111111111110, sa_flags=SA_RESTART|SA_SIGINFO
SIGTERM: [libjvm.so+0x90bd70], sa_mask[0]=11111111011111111101111111111110, sa_flags=SA_RESTART|SA_SIGINFO
SIGQUIT: [libjvm.so+0x90bd70], sa_mask[0]=11111111011111111101111111111110, sa_flags=SA_RESTART|SA_SIGINFO


---------------  S Y S T E M  ---------------

OS:DISTRIB_ID=Ubuntu
DISTRIB_RELEASE=18.04
DISTRIB_CODENAME=bionic
DISTRIB_DESCRIPTION="Ubuntu 18.04.1 LTS"

uname:Linux 4.15.0-50-generic #54-Ubuntu SMP Mon May 6 18:46:08 UTC 2019 x86_64
libc:glibc 2.27 NPTL 2.27 
rlimit: STACK 8192k, CORE 0k, NPROC 30433, NOFILE 1048576, AS infinity
load average:2.10 1.44 1.14

/proc/meminfo:
MemTotal:        8049120 kB
MemFree:          119156 kB
MemAvailable:      37596 kB
Buffers:            5060 kB
Cached:           241984 kB
SwapCached:         3296 kB
Active:          4638944 kB
Inactive:         691108 kB
Active(anon):    4620136 kB
Inactive(anon):   665264 kB
Active(file):      18808 kB
Inactive(file):    25844 kB
Unevictable:     2239756 kB
Mlocked:         2239756 kB
SwapTotal:       2097148 kB
SwapFree:          23348 kB
Dirty:               168 kB
Writeback:             0 kB
AnonPages:       7320716 kB
Mapped:           122284 kB
Shmem:            168484 kB
Slab:             167740 kB
SReclaimable:      64096 kB
SUnreclaim:       103644 kB
KernelStack:       21664 kB
PageTables:        87076 kB
NFS_Unstable:          0 kB
Bounce:                0 kB
WritebackTmp:          0 kB
CommitLimit:     6121708 kB
Committed_AS:   20813868 kB
VmallocTotal:   34359738367 kB
VmallocUsed:           0 kB
VmallocChunk:          0 kB
HardwareCorrupted:     0 kB
AnonHugePages:         0 kB
ShmemHugePages:        0 kB
ShmemPmdMapped:        0 kB
CmaTotal:              0 kB
CmaFree:               0 kB
HugePages_Total:       0
HugePages_Free:        0
HugePages_Rsvd:        0
HugePages_Surp:        0
Hugepagesize:       2048 kB
DirectMap4k:      294340 kB
DirectMap2M:     4829184 kB
DirectMap1G:     3145728 kB

container (cgroup) information:
container_type: cgroupv1
cpu_cpuset_cpus: 0-3
cpu_memory_nodes: 0
active_processor_count: 4
cpu_quota: -1
cpu_period: 100000
cpu_shares: -1
memory_limit_in_bytes: -1
memory_and_swap_limit_in_bytes: -2
memory_soft_limit_in_bytes: -1
memory_usage_in_bytes: 5598175232
memory_max_usage_in_bytes: 5631406080


CPU:total 4 (initial active 4) (2 cores per cpu, 2 threads per core) family 6 model 69 stepping 1, cmov, cx8, fxsr, mmx, sse, sse2, sse3, ssse3, sse4.1, sse4.2, popcnt, avx, avx2, aes, clmul, erms, lzcnt, ht, tsc, tscinvbit, bmi1, bmi2

/proc/cpuinfo:
processor	: 0
vendor_id	: GenuineIntel
cpu family	: 6
model		: 69
model name	: Intel(R) Core(TM) i7-4510U CPU @ 2.00GHz
stepping	: 1
microcode	: 0x25
cpu MHz		: 2811.469
cache size	: 4096 KB
physical id	: 0
siblings	: 4
core id		: 0
cpu cores	: 2
apicid		: 0
initial apicid	: 0
fpu		: yes
fpu_exception	: yes
cpuid level	: 13
wp		: yes
flags		: fpu vme de pse tsc msr pae mce cx8 apic sep mtrr pge mca cmov pat pse36 clflush dts acpi mmx fxsr sse sse2 ss ht tm pbe syscall nx pdpe1gb rdtscp lm constant_tsc arch_perfmon pebs bts rep_good nopl xtopology nonstop_tsc cpuid aperfmperf pni pclmulqdq dtes64 monitor ds_cpl vmx est tm2 ssse3 sdbg fma cx16 xtpr pdcm pcid sse4_1 sse4_2 movbe popcnt tsc_deadline_timer aes xsave avx f16c rdrand lahf_lm abm cpuid_fault epb invpcid_single pti ssbd ibrs ibpb stibp tpr_shadow vnmi flexpriority ept vpid fsgsbase tsc_adjust bmi1 avx2 smep bmi2 erms invpcid xsaveopt dtherm ida arat pln pts md_clear flush_l1d
bugs		: cpu_meltdown spectre_v1 spectre_v2 spec_store_bypass l1tf mds
bogomips	: 5187.52
clflush size	: 64
cache_alignment	: 64
address sizes	: 39 bits physical, 48 bits virtual
power management:

processor	: 1
vendor_id	: GenuineIntel
cpu family	: 6
model		: 69
model name	: Intel(R) Core(TM) i7-4510U CPU @ 2.00GHz
stepping	: 1
microcode	: 0x25
cpu MHz		: 2772.208
cache size	: 4096 KB
physical id	: 0
siblings	: 4
core id		: 1
cpu cores	: 2
apicid		: 2
initial apicid	: 2
fpu		: yes
fpu_exception	: yes
cpuid level	: 13
wp		: yes
flags		: fpu vme de pse tsc msr pae mce cx8 apic sep mtrr pge mca cmov pat pse36 clflush dts acpi mmx fxsr sse sse2 ss ht tm pbe syscall nx pdpe1gb rdtscp lm constant_tsc arch_perfmon pebs bts rep_good nopl xtopology nonstop_tsc cpuid aperfmperf pni pclmulqdq dtes64 monitor ds_cpl vmx est tm2 ssse3 sdbg fma cx16 xtpr pdcm pcid sse4_1 sse4_2 movbe popcnt tsc_deadline_timer aes xsave avx f16c rdrand lahf_lm abm cpuid_fault epb invpcid_single pti ssbd ibrs ibpb stibp tpr_shadow vnmi flexpriority ept vpid fsgsbase tsc_adjust bmi1 avx2 smep bmi2 erms invpcid xsaveopt dtherm ida arat pln pts md_clear flush_l1d
bugs		: cpu_meltdown spectre_v1 spectre_v2 spec_store_bypass l1tf mds
bogomips	: 5187.52
clflush size	: 64
cache_alignment	: 64
address sizes	: 39 bits physical, 48 bits virtual
power management:

processor	: 2
vendor_id	: GenuineIntel
cpu family	: 6
model		: 69
model name	: Intel(R) Core(TM) i7-4510U CPU @ 2.00GHz
stepping	: 1
microcode	: 0x25
cpu MHz		: 2932.436
cache size	: 4096 KB
physical id	: 0
siblings	: 4
core id		: 0
cpu cores	: 2
apicid		: 1
initial apicid	: 1
fpu		: yes
fpu_exception	: yes
cpuid level	: 13
wp		: yes
flags		: fpu vme de pse tsc msr pae mce cx8 apic sep mtrr pge mca cmov pat pse36 clflush dts acpi mmx fxsr sse sse2 ss ht tm pbe syscall nx pdpe1gb rdtscp lm constant_tsc arch_perfmon pebs bts rep_good nopl xtopology nonstop_tsc cpuid aperfmperf pni pclmulqdq dtes64 monitor ds_cpl vmx est tm2 ssse3 sdbg fma cx16 xtpr pdcm pcid sse4_1 sse4_2 movbe popcnt tsc_deadline_timer aes xsave avx f16c rdrand lahf_lm abm cpuid_fault epb invpcid_single pti ssbd ibrs ibpb stibp tpr_shadow vnmi flexpriority ept vpid fsgsbase tsc_adjust bmi1 avx2 smep bmi2 erms invpcid xsaveopt dtherm ida arat pln pts md_clear flush_l1d
bugs		: cpu_meltdown spectre_v1 spectre_v2 spec_store_bypass l1tf mds
bogomips	: 5187.52
clflush size	: 64
cache_alignment	: 64
address sizes	: 39 bits physical, 48 bits virtual
power management:

processor	: 3
vendor_id	: GenuineIntel
cpu family	: 6
model		: 69
model name	: Intel(R) Core(TM) i7-4510U CPU @ 2.00GHz
stepping	: 1
microcode	: 0x25
cpu MHz		: 2783.181
cache size	: 4096 KB
physical id	: 0
siblings	: 4
core id		: 1
cpu cores	: 2
apicid		: 3
initial apicid	: 3
fpu		: yes
fpu_exception	: yes
cpuid level	: 13
wp		: yes
flags		: fpu vme de pse tsc msr pae mce cx8 apic sep mtrr pge mca cmov pat pse36 clflush dts acpi mmx fxsr sse sse2 ss ht tm pbe syscall nx pdpe1gb rdtscp lm constant_tsc arch_perfmon pebs bts rep_good nopl xtopology nonstop_tsc cpuid aperfmperf pni pclmulqdq dtes64 monitor ds_cpl vmx est tm2 ssse3 sdbg fma cx16 xtpr pdcm pcid sse4_1 sse4_2 movbe popcnt tsc_deadline_timer aes xsave avx f16c rdrand lahf_lm abm cpuid_fault epb invpcid_single pti ssbd ibrs ibpb stibp tpr_shadow vnmi flexpriority ept vpid fsgsbase tsc_adjust bmi1 avx2 smep bmi2 erms invpcid xsaveopt dtherm ida arat pln pts md_clear flush_l1d
bugs		: cpu_meltdown spectre_v1 spectre_v2 spec_store_bypass l1tf mds
bogomips	: 5187.52
clflush size	: 64
cache_alignment	: 64
address sizes	: 39 bits physical, 48 bits virtual
power management:



Memory: 4k page, physical 8049120k(127004k free), swap 2097148k(22424k free)

vm_info: Java HotSpot(TM) 64-Bit Server VM (25.201-b09) for linux-amd64 JRE (1.8.0_201-b09), built on Dec 15 2018 11:35:59 by "java_re" with gcc 7.3.0

time: Wed Jun  5 23:35:09 2019
timezone: CEST
elapsed time: 54 seconds (0d 0h 0m 54s)

