#
# There is insufficient memory for the Java Runtime Environment to continue.
# Native memory allocation (mmap) failed to map 85983232 bytes for committing reserved memory.
# Possible reasons:
#   The system is out of physical RAM or swap space
#   The process is running with CompressedOops enabled, and the Java Heap may be blocking the growth of the native heap
# Possible solutions:
#   Reduce memory load on the system
#   Increase physical memory or swap space
#   Check if swap backing store is full
#   Decrease Java heap size (-Xmx/-Xms)
#   Decrease number of Java threads
#   Decrease Java thread stack sizes (-Xss)
#   Set larger code cache with -XX:ReservedCodeCacheSize=
#   JVM is running with Unscaled Compressed Oops mode in which the Java heap is
#     placed in the first 4GB address space. The Java Heap base address is the
#     maximum limit for the native heap growth. Please use -XX:HeapBaseMinAddress
#     to set the Java Heap base and to place the Java Heap above 4GB virtual address.
# This output file may be truncated or incomplete.
#
#  Out of Memory Error (os_linux.cpp:2749), pid=20728, tid=0x00007f380d46c700
#
# JRE version: Java(TM) SE Runtime Environment (8.0_201-b09) (build 1.8.0_201-b09)
# Java VM: Java HotSpot(TM) 64-Bit Server VM (25.201-b09 mixed mode linux-amd64 compressed oops)
# Failed to write core dump. Core dumps have been disabled. To enable core dumping, try "ulimit -c unlimited" before starting Java again
#

---------------  T H R E A D  ---------------

Current thread (0x00007f3820142800):  VMThread [stack: 0x00007f380d36d000,0x00007f380d46d000] [id=20734]

Stack: [0x00007f380d36d000,0x00007f380d46d000],  sp=0x00007f380d46b3d0,  free space=1016k
Native frames: (J=compiled Java code, j=interpreted, Vv=VM code, C=native code)
V  [libjvm.so+0xad3525]  VMError::report_and_die()+0x2e5
V  [libjvm.so+0x4e0457]  report_vm_out_of_memory(char const*, int, unsigned long, VMErrorType, char const*)+0x67
V  [libjvm.so+0x9102f0]  os::pd_commit_memory(char*, unsigned long, unsigned long, bool)+0x100
V  [libjvm.so+0x90791f]  os::commit_memory(char*, unsigned long, unsigned long, bool)+0x1f
V  [libjvm.so+0x98c806]  PSVirtualSpace::expand_by(unsigned long)+0x56
V  [libjvm.so+0x97badb]  PSOldGen::expand_by(unsigned long) [clone .part.28]+0x1b
V  [libjvm.so+0x97bc98]  PSOldGen::expand(unsigned long) [clone .part.29]+0xa8
V  [libjvm.so+0x97c841]  PSOldGen::resize(unsigned long)+0xe1
V  [libjvm.so+0x98297c]  PSParallelCompact::invoke_no_policy(bool) [clone .part.118]+0xa2c
V  [libjvm.so+0x98a795]  PSScavenge::invoke()+0x215
V  [libjvm.so+0x93a318]  ParallelScavengeHeap::failed_mem_allocate(unsigned long)+0x68
V  [libjvm.so+0xad5073]  VM_ParallelGCFailedAllocation::doit()+0x93
V  [libjvm.so+0xada296]  VM_Operation::evaluate()+0x46
V  [libjvm.so+0xad85cd]  VMThread::evaluate_operation(VM_Operation*) [clone .constprop.44]+0xcd
V  [libjvm.so+0xad8bb3]  VMThread::loop()+0x3a3
V  [libjvm.so+0xad8f88]  VMThread::run()+0x78
V  [libjvm.so+0x90d922]  java_start(Thread*)+0x102

VM_Operation (0x00007f382626c250): ParallelGCFailedAllocation, mode: safepoint, requested by thread 0x00007f382000d000


---------------  P R O C E S S  ---------------

Java Threads: ( => current thread )
  0x00007f37ec001000 JavaThread "Attach Listener" daemon [_thread_blocked, id=20762, stack(0x00007f37dc6e0000,0x00007f37dc7e1000)]
  0x00007f38204b4800 JavaThread "kafka-producer-network-thread | producer-1" daemon [_thread_blocked, id=20760, stack(0x00007f37dc7e1000,0x00007f37dc8e2000)]
  0x00007f3820242000 JavaThread "Service Thread" daemon [_thread_blocked, id=20751, stack(0x00007f380c012000,0x00007f380c113000)]
  0x00007f382023f000 JavaThread "C1 CompilerThread2" daemon [_thread_blocked, id=20750, stack(0x00007f380c114000,0x00007f380c214000)]
  0x00007f382023d000 JavaThread "C2 CompilerThread1" daemon [_thread_blocked, id=20749, stack(0x00007f380c215000,0x00007f380c315000)]
  0x00007f382023b000 JavaThread "C2 CompilerThread0" daemon [_thread_blocked, id=20748, stack(0x00007f380c316000,0x00007f380c416000)]
  0x00007f3820239800 JavaThread "Monitor Ctrl-Break" daemon [_thread_in_native, id=20747, stack(0x00007f380c416000,0x00007f380c517000)]
  0x00007f3820182800 JavaThread "Signal Dispatcher" daemon [_thread_blocked, id=20743, stack(0x00007f380c569000,0x00007f380c66a000)]
  0x00007f382014e800 JavaThread "Finalizer" daemon [_thread_blocked, id=20736, stack(0x00007f380d16a000,0x00007f380d26b000)]
  0x00007f382014c000 JavaThread "Reference Handler" daemon [_thread_blocked, id=20735, stack(0x00007f380d26b000,0x00007f380d36c000)]
  0x00007f382000d000 JavaThread "main" [_thread_blocked, id=20729, stack(0x00007f382616e000,0x00007f382626e000)]

Other Threads:
=>0x00007f3820142800 VMThread [stack: 0x00007f380d36d000,0x00007f380d46d000] [id=20734]
  0x00007f3820244800 WatcherThread [stack: 0x00007f37dceff000,0x00007f37dcfff000] [id=20752]

VM state:at safepoint (normal execution)

VM Mutex/Monitor currently owned by a thread:  ([mutex/lock_event])
[0x00007f3820009250] ExpandHeap_lock - owner thread: 0x00007f3820142800
[0x00007f38200098d0] Threads_lock - owner thread: 0x00007f3820142800
[0x00007f3820009dd0] Heap_lock - owner thread: 0x00007f382000d000

heap address: 0x0000000085200000, size: 1966 MB, Compressed Oops mode: 32-bit
Narrow klass base: 0x0000000000000000, Narrow klass shift: 3
Compressed class space size: 1073741824 Address: 0x0000000100000000

Heap:
 PSYoungGen      total 563200K, used 21036K [0x00000000d7100000, 0x00000000fad80000, 0x0000000100000000)
  eden space 540672K, 3% used [0x00000000d7100000,0x00000000d858b2c0,0x00000000f8100000)
  from space 22528K, 0% used [0x00000000f8100000,0x00000000f8100000,0x00000000f9700000)
  to   space 20480K, 0% used [0x00000000f9980000,0x00000000f9980000,0x00000000fad80000)
 ParOldGen       total 278528K, used 278512K [0x0000000085200000, 0x0000000096200000, 0x00000000d7100000)
  object space 278528K, 99% used [0x0000000085200000,0x00000000961fc2c8,0x0000000096200000)
 Metaspace       used 15227K, capacity 15430K, committed 15616K, reserved 1062912K
  class space    used 1660K, capacity 1727K, committed 1792K, reserved 1048576K

Card table byte_map: [0x00007f380f7c1000,0x00007f380fb99000] byte_map_base: 0x00007f380f398000

Marking Bits: (ParMarkBitMap*) 0x00007f3825617d80
 Begin Bits: [0x00007f3804290000, 0x00007f3806148000)
 End Bits:   [0x00007f3806148000, 0x00007f3808000000)

Polling page: 0x00007f3826287000

CodeCache: size=245760Kb used=8231Kb max_used=9205Kb free=237528Kb
 bounds [0x00007f380ff59000, 0x00007f38108c9000, 0x00007f381ef59000]
 total_blobs=2492 nmethods=2034 adapters=371
 compilation: enabled

Compilation events (10 events):
Event: 34.484 Thread 0x00007f382023d000 2551       4       org.apache.kafka.common.metrics.stats.Meter::record (23 bytes)
Event: 34.489 Thread 0x00007f382023d000 nmethod 2551 0x00007f3810220410 code [0x00007f38102205a0, 0x00007f38102208a8]
Event: 37.118 Thread 0x00007f382023b000 2552   !   4       org.apache.kafka.common.record.MemoryRecordsBuilder::closeForRecordAppends (48 bytes)
Event: 37.119 Thread 0x00007f382023b000 nmethod 2552 0x00007f38100ed8d0 code [0x00007f38100eda20, 0x00007f38100edaf8]
Event: 112.780 Thread 0x00007f382023f000 2553       3       java.util.concurrent.locks.AbstractQueuedSynchronizer::acquire (27 bytes)
Event: 112.780 Thread 0x00007f382023f000 nmethod 2553 0x00007f3810761750 code [0x00007f3810761900, 0x00007f3810761db8]
Event: 115.474 Thread 0x00007f382023f000 2554       3       java.util.concurrent.locks.ReentrantLock$NonfairSync::tryAcquire (6 bytes)
Event: 115.474 Thread 0x00007f382023f000 nmethod 2554 0x00007f3810092250 code [0x00007f38100923c0, 0x00007f38100925c8]
Event: 115.474 Thread 0x00007f382023f000 2555       3       java.util.concurrent.locks.ReentrantLock$Sync::nonfairTryAcquire (67 bytes)
Event: 115.475 Thread 0x00007f382023f000 nmethod 2555 0x00007f3810372490 code [0x00007f3810372640, 0x00007f3810372d68]

GC Heap History (10 events):
Event: 113.836 GC heap after
Heap after GC invocations=31 (full 1):
 PSYoungGen      total 558080K, used 848K [0x00000000d7100000, 0x00000000fad80000, 0x0000000100000000)
  eden space 535040K, 0% used [0x00000000d7100000,0x00000000d7100000,0x00000000f7b80000)
  from space 23040K, 3% used [0x00000000f9700000,0x00000000f97d4310,0x00000000fad80000)
  to   space 25600K, 0% used [0x00000000f7b80000,0x00000000f7b80000,0x00000000f9480000)
 ParOldGen       total 204800K, used 151171K [0x0000000085200000, 0x0000000091a00000, 0x00000000d7100000)
  object space 204800K, 73% used [0x0000000085200000,0x000000008e5a0f50,0x0000000091a00000)
 Metaspace       used 15227K, capacity 15430K, committed 15616K, reserved 1062912K
  class space    used 1660K, capacity 1727K, committed 1792K, reserved 1048576K
}
Event: 115.641 GC heap before
{Heap before GC invocations=32 (full 1):
 PSYoungGen      total 558080K, used 535888K [0x00000000d7100000, 0x00000000fad80000, 0x0000000100000000)
  eden space 535040K, 100% used [0x00000000d7100000,0x00000000f7b80000,0x00000000f7b80000)
  from space 23040K, 3% used [0x00000000f9700000,0x00000000f97d4310,0x00000000fad80000)
  to   space 25600K, 0% used [0x00000000f7b80000,0x00000000f7b80000,0x00000000f9480000)
 ParOldGen       total 204800K, used 151171K [0x0000000085200000, 0x0000000091a00000, 0x00000000d7100000)
  object space 204800K, 73% used [0x0000000085200000,0x000000008e5a0f50,0x0000000091a00000)
 Metaspace       used 15227K, capacity 15430K, committed 15616K, reserved 1062912K
  class space    used 1660K, capacity 1727K, committed 1792K, reserved 1048576K
Event: 115.644 GC heap after
Heap after GC invocations=32 (full 1):
 PSYoungGen      total 560640K, used 944K [0x00000000d7100000, 0x00000000fb080000, 0x0000000100000000)
  eden space 535040K, 0% used [0x00000000d7100000,0x00000000d7100000,0x00000000f7b80000)
  from space 25600K, 3% used [0x00000000f7b80000,0x00000000f7c6c2d0,0x00000000f9480000)
  to   space 24064K, 0% used [0x00000000f9900000,0x00000000f9900000,0x00000000fb080000)
 ParOldGen       total 204800K, used 151179K [0x0000000085200000, 0x0000000091a00000, 0x00000000d7100000)
  object space 204800K, 73% used [0x0000000085200000,0x000000008e5a2f50,0x0000000091a00000)
 Metaspace       used 15227K, capacity 15430K, committed 15616K, reserved 1062912K
  class space    used 1660K, capacity 1727K, committed 1792K, reserved 1048576K
}
Event: 117.708 GC heap before
{Heap before GC invocations=33 (full 1):
 PSYoungGen      total 560640K, used 535984K [0x00000000d7100000, 0x00000000fb080000, 0x0000000100000000)
  eden space 535040K, 100% used [0x00000000d7100000,0x00000000f7b80000,0x00000000f7b80000)
  from space 25600K, 3% used [0x00000000f7b80000,0x00000000f7c6c2d0,0x00000000f9480000)
  to   space 24064K, 0% used [0x00000000f9900000,0x00000000f9900000,0x00000000fb080000)
 ParOldGen       total 204800K, used 151179K [0x0000000085200000, 0x0000000091a00000, 0x00000000d7100000)
  object space 204800K, 73% used [0x0000000085200000,0x000000008e5a2f50,0x0000000091a00000)
 Metaspace       used 15227K, capacity 15430K, committed 15616K, reserved 1062912K
  class space    used 1660K, capacity 1727K, committed 1792K, reserved 1048576K
Event: 117.710 GC heap after
Heap after GC invocations=33 (full 1):
 PSYoungGen      total 561152K, used 848K [0x00000000d7100000, 0x00000000fad00000, 0x0000000100000000)
  eden space 540672K, 0% used [0x00000000d7100000,0x00000000d7100000,0x00000000f8100000)
  from space 20480K, 4% used [0x00000000f9900000,0x00000000f99d42f0,0x00000000fad00000)
  to   space 22528K, 0% used [0x00000000f8100000,0x00000000f8100000,0x00000000f9700000)
 ParOldGen       total 204800K, used 151179K [0x0000000085200000, 0x0000000091a00000, 0x00000000d7100000)
  object space 204800K, 73% used [0x0000000085200000,0x000000008e5a2f50,0x0000000091a00000)
 Metaspace       used 15227K, capacity 15430K, committed 15616K, reserved 1062912K
  class space    used 1660K, capacity 1727K, committed 1792K, reserved 1048576K
}
Event: 119.739 GC heap before
{Heap before GC invocations=34 (full 1):
 PSYoungGen      total 561152K, used 541520K [0x00000000d7100000, 0x00000000fad00000, 0x0000000100000000)
  eden space 540672K, 100% used [0x00000000d7100000,0x00000000f8100000,0x00000000f8100000)
  from space 20480K, 4% used [0x00000000f9900000,0x00000000f99d42f0,0x00000000fad00000)
  to   space 22528K, 0% used [0x00000000f8100000,0x00000000f8100000,0x00000000f9700000)
 ParOldGen       total 204800K, used 151179K [0x0000000085200000, 0x0000000091a00000, 0x00000000d7100000)
  object space 204800K, 73% used [0x0000000085200000,0x000000008e5a2f50,0x0000000091a00000)
 Metaspace       used 15227K, capacity 15430K, committed 15616K, reserved 1062912K
  class space    used 1660K, capacity 1727K, committed 1792K, reserved 1048576K
Event: 119.742 GC heap after
Heap after GC invocations=34 (full 1):
 PSYoungGen      total 563200K, used 1281K [0x00000000d7100000, 0x00000000fad80000, 0x0000000100000000)
  eden space 540672K, 0% used [0x00000000d7100000,0x00000000d7100000,0x00000000f8100000)
  from space 22528K, 5% used [0x00000000f8100000,0x00000000f82404a0,0x00000000f9700000)
  to   space 20480K, 0% used [0x00000000f9980000,0x00000000f9980000,0x00000000fad80000)
 ParOldGen       total 204800K, used 151179K [0x0000000085200000, 0x0000000091a00000, 0x00000000d7100000)
  object space 204800K, 73% used [0x0000000085200000,0x000000008e5a2f50,0x0000000091a00000)
 Metaspace       used 15227K, capacity 15430K, committed 15616K, reserved 1062912K
  class space    used 1660K, capacity 1727K, committed 1792K, reserved 1048576K
}
Event: 121.047 GC heap before
{Heap before GC invocations=35 (full 1):
 PSYoungGen      total 563200K, used 541953K [0x00000000d7100000, 0x00000000fad80000, 0x0000000100000000)
  eden space 540672K, 100% used [0x00000000d7100000,0x00000000f8100000,0x00000000f8100000)
  from space 22528K, 5% used [0x00000000f8100000,0x00000000f82404a0,0x00000000f9700000)
  to   space 20480K, 0% used [0x00000000f9980000,0x00000000f9980000,0x00000000fad80000)
 ParOldGen       total 204800K, used 151179K [0x0000000085200000, 0x0000000091a00000, 0x00000000d7100000)
  object space 204800K, 73% used [0x0000000085200000,0x000000008e5a2f50,0x0000000091a00000)
 Metaspace       used 15227K, capacity 15430K, committed 15616K, reserved 1062912K
  class space    used 1660K, capacity 1727K, committed 1792K, reserved 1048576K
Event: 124.895 GC heap after
Heap after GC invocations=35 (full 1):
 PSYoungGen      total 563200K, used 541953K [0x00000000d7100000, 0x00000000fad80000, 0x0000000100000000)
  eden space 540672K, 100% used [0x00000000d7100000,0x00000000f8100000,0x00000000f8100000)
  from space 22528K, 5% used [0x00000000f8100000,0x00000000f82404a0,0x00000000f9700000)
  to   space 20480K, 99% used [0x00000000f9980000,0x00000000fad78480,0x00000000fad80000)
 ParOldGen       total 278528K, used 278491K [0x0000000085200000, 0x0000000096200000, 0x00000000d7100000)
  object space 278528K, 99% used [0x0000000085200000,0x00000000961f6f60,0x0000000096200000)
 Metaspace       used 15227K, capacity 15430K, committed 15616K, reserved 1062912K
  class space    used 1660K, capacity 1727K, committed 1792K, reserved 1048576K
}
Event: 124.895 GC heap before
{Heap before GC invocations=36 (full 2):
 PSYoungGen      total 563200K, used 541953K [0x00000000d7100000, 0x00000000fad80000, 0x0000000100000000)
  eden space 540672K, 100% used [0x00000000d7100000,0x00000000f8100000,0x00000000f8100000)
  from space 22528K, 5% used [0x00000000f8100000,0x00000000f82404a0,0x00000000f9700000)
  to   space 20480K, 99% used [0x00000000f9980000,0x00000000fad78480,0x00000000fad80000)
 ParOldGen       total 278528K, used 278491K [0x0000000085200000, 0x0000000096200000, 0x00000000d7100000)
  object space 278528K, 99% used [0x0000000085200000,0x00000000961f6f60,0x0000000096200000)
 Metaspace       used 15227K, capacity 15430K, committed 15616K, reserved 1062912K
  class space    used 1660K, capacity 1727K, committed 1792K, reserved 1048576K

Deoptimization events (10 events):
Event: 20.823 Thread 0x00007f382000d000 Uncommon trap: reason=unstable_if action=reinterpret pc=0x00007f38100bf75c method=org.apache.kafka.common.record.MemoryRecordsBuilder.isFull()Z @ 25
Event: 21.865 Thread 0x00007f382000d000 Uncommon trap: reason=unstable_if action=reinterpret pc=0x00007f38100da294 method=org.apache.kafka.common.record.MemoryRecordsBuilder.isFull()Z @ 25
Event: 22.448 Thread 0x00007f382000d000 Uncommon trap: reason=unloaded action=reinterpret pc=0x00007f38104f6ffc method=sun.nio.cs.UTF_8$Encoder.encode([CII[B)I @ 153
Event: 22.448 Thread 0x00007f382000d000 Uncommon trap: reason=unstable_if action=reinterpret pc=0x00007f381009889c method=sun.nio.cs.UTF_8$Encoder.encode([CII[B)I @ 33
Event: 24.621 Thread 0x00007f38204b4800 Uncommon trap: reason=unstable_if action=reinterpret pc=0x00007f3810826cec method=org.apache.kafka.common.record.MemoryRecordsBuilder.isFull()Z @ 25
Event: 24.621 Thread 0x00007f38204b4800 Uncommon trap: reason=unstable_if action=reinterpret pc=0x00007f38107e691c method=org.apache.kafka.common.record.MemoryRecordsBuilder.isFull()Z @ 25
Event: 26.195 Thread 0x00007f382000d000 Uncommon trap: reason=unstable_if action=reinterpret pc=0x00007f38105c25f0 method=com.fasterxml.jackson.core.json.WriterBasedJsonGenerator._writeString2(I)V @ 21
Event: 27.471 Thread 0x00007f38204b4800 Uncommon trap: reason=unstable_if action=reinterpret pc=0x00007f38107c5254 method=org.apache.kafka.common.record.MemoryRecordsBuilder.isFull()Z @ 25
Event: 34.444 Thread 0x00007f38204b4800 Uncommon trap: reason=unstable_if action=reinterpret pc=0x00007f3810691344 method=org.apache.kafka.common.metrics.stats.SampledStat$Sample.isComplete(JLorg/apache/kafka/common/metrics/MetricConfig;)Z @ 11
Event: 34.444 Thread 0x00007f38204b4800 Uncommon trap: reason=unstable_if action=reinterpret pc=0x00007f381060c200 method=org.apache.kafka.common.metrics.stats.SampledStat$Sample.isComplete(JLorg/apache/kafka/common/metrics/MetricConfig;)Z @ 11

Classes redefined (0 events):
No events

Internal exceptions (10 events):
Event: 4.420 Thread 0x00007f382000d000 Exception <a 'java/lang/ArrayIndexOutOfBoundsException'> (0x00000000d8ae5bf0) thrown at [/HUDSON/workspace/8-2-build-linux-amd64/jdk8u201/12317/hotspot/src/share/vm/runtime/sharedRuntime.cpp, line 605]
Event: 4.421 Thread 0x00007f382000d000 Exception <a 'java/lang/ArrayIndexOutOfBoundsException'> (0x00000000d8aedef8) thrown at [/HUDSON/workspace/8-2-build-linux-amd64/jdk8u201/12317/hotspot/src/share/vm/runtime/sharedRuntime.cpp, line 605]
Event: 4.421 Thread 0x00007f382000d000 Exception <a 'java/lang/ArrayIndexOutOfBoundsException'> (0x00000000d8aeef60) thrown at [/HUDSON/workspace/8-2-build-linux-amd64/jdk8u201/12317/hotspot/src/share/vm/runtime/sharedRuntime.cpp, line 605]
Event: 4.421 Thread 0x00007f382000d000 Exception <a 'java/lang/ArrayIndexOutOfBoundsException'> (0x00000000d8aefbc8) thrown at [/HUDSON/workspace/8-2-build-linux-amd64/jdk8u201/12317/hotspot/src/share/vm/runtime/sharedRuntime.cpp, line 605]
Event: 4.421 Thread 0x00007f382000d000 Exception <a 'java/lang/ArrayIndexOutOfBoundsException'> (0x00000000d8af1918) thrown at [/HUDSON/workspace/8-2-build-linux-amd64/jdk8u201/12317/hotspot/src/share/vm/runtime/sharedRuntime.cpp, line 605]
Event: 4.421 Thread 0x00007f382000d000 Exception <a 'java/lang/ArrayIndexOutOfBoundsException'> (0x00000000d8af3010) thrown at [/HUDSON/workspace/8-2-build-linux-amd64/jdk8u201/12317/hotspot/src/share/vm/runtime/sharedRuntime.cpp, line 605]
Event: 4.422 Thread 0x00007f382000d000 Exception <a 'java/lang/ArrayIndexOutOfBoundsException'> (0x00000000d8afaf98) thrown at [/HUDSON/workspace/8-2-build-linux-amd64/jdk8u201/12317/hotspot/src/share/vm/runtime/sharedRuntime.cpp, line 605]
Event: 4.423 Thread 0x00007f382000d000 Exception <a 'java/lang/ArrayIndexOutOfBoundsException'> (0x00000000d8afdec0) thrown at [/HUDSON/workspace/8-2-build-linux-amd64/jdk8u201/12317/hotspot/src/share/vm/runtime/sharedRuntime.cpp, line 605]
Event: 4.484 Thread 0x00007f38204b4800 Exception <a 'java/lang/NoSuchFieldError': method resolution failed> (0x00000000d8e97d28) thrown at [/HUDSON/workspace/8-2-build-linux-amd64/jdk8u201/12317/hotspot/src/share/vm/prims/methodHandles.cpp, line 1167]
Event: 4.486 Thread 0x00007f38204b4800 Exception <a 'java/lang/NoSuchFieldError': method resolution failed> (0x00000000d8ea5c88) thrown at [/HUDSON/workspace/8-2-build-linux-amd64/jdk8u201/12317/hotspot/src/share/vm/prims/methodHandles.cpp, line 1167]

Events (10 events):
Event: 113.831 Executing VM operation: ParallelGCFailedAllocation
Event: 113.836 Executing VM operation: ParallelGCFailedAllocation done
Event: 115.474 Thread 0x00007f382023f000 flushing nmethod 0x00007f38100b7f10
Event: 115.640 Executing VM operation: ParallelGCFailedAllocation
Event: 115.644 Executing VM operation: ParallelGCFailedAllocation done
Event: 117.707 Executing VM operation: ParallelGCFailedAllocation
Event: 117.710 Executing VM operation: ParallelGCFailedAllocation done
Event: 119.738 Executing VM operation: ParallelGCFailedAllocation
Event: 119.742 Executing VM operation: ParallelGCFailedAllocation done
Event: 121.044 Executing VM operation: ParallelGCFailedAllocation


Dynamic libraries:
00400000-00401000 r-xp 00000000 08:02 13770739                           /usr/lib/jvm/java-8-oracle/bin/java
00600000-00601000 r--p 00000000 08:02 13770739                           /usr/lib/jvm/java-8-oracle/bin/java
00601000-00602000 rw-p 00001000 08:02 13770739                           /usr/lib/jvm/java-8-oracle/bin/java
01a46000-01a67000 rw-p 00000000 00:00 0                                  [heap]
85200000-96200000 rw-p 00000000 00:00 0 
9b400000-d7100000 ---p 00000000 00:00 0 
d7100000-fad80000 rw-p 00000000 00:00 0 
fad80000-100000000 ---p 00000000 00:00 0 
100000000-1001c0000 rw-p 00000000 00:00 0 
1001c0000-140000000 ---p 00000000 00:00 0 
7f37c4000000-7f37c40b6000 rw-p 00000000 00:00 0 
7f37c40b6000-7f37c8000000 ---p 00000000 00:00 0 
7f37c8000000-7f37c8021000 rw-p 00000000 00:00 0 
7f37c8021000-7f37cc000000 ---p 00000000 00:00 0 
7f37cc000000-7f37cc021000 rw-p 00000000 00:00 0 
7f37cc021000-7f37d0000000 ---p 00000000 00:00 0 
7f37d0000000-7f37d0021000 rw-p 00000000 00:00 0 
7f37d0021000-7f37d4000000 ---p 00000000 00:00 0 
7f37d4000000-7f37d443c000 rw-p 00000000 00:00 0 
7f37d443c000-7f37d8000000 ---p 00000000 00:00 0 
7f37d8000000-7f37d9fb6000 rw-p 00000000 00:00 0 
7f37d9fb6000-7f37dc000000 ---p 00000000 00:00 0 
7f37dc2e0000-7f37dc460000 rw-p 00000000 00:00 0 
7f37dc460000-7f37dc4e0000 ---p 00000000 00:00 0 
7f37dc4e0000-7f37dc6e0000 rw-p 00000000 00:00 0 
7f37dc6e0000-7f37dc6e3000 ---p 00000000 00:00 0 
7f37dc6e3000-7f37dc7e1000 rw-p 00000000 00:00 0 
7f37dc7e1000-7f37dc7e4000 ---p 00000000 00:00 0 
7f37dc7e4000-7f37dc8e2000 rw-p 00000000 00:00 0 
7f37dc8e2000-7f37dc8f3000 r-xp 00000000 08:02 2495141                    /usr/lib/jvm/java-8-oracle/jre/lib/amd64/libnio.so
7f37dc8f3000-7f37dcaf2000 ---p 00011000 08:02 2495141                    /usr/lib/jvm/java-8-oracle/jre/lib/amd64/libnio.so
7f37dcaf2000-7f37dcaf3000 r--p 00010000 08:02 2495141                    /usr/lib/jvm/java-8-oracle/jre/lib/amd64/libnio.so
7f37dcaf3000-7f37dcaf4000 rw-p 00011000 08:02 2495141                    /usr/lib/jvm/java-8-oracle/jre/lib/amd64/libnio.so
7f37dcaf4000-7f37dccf4000 rw-p 00000000 00:00 0 
7f37dccf4000-7f37dccfd000 r-xp 00000000 08:02 2495146                    /usr/lib/jvm/java-8-oracle/jre/lib/amd64/libmanagement.so
7f37dccfd000-7f37dcefc000 ---p 00009000 08:02 2495146                    /usr/lib/jvm/java-8-oracle/jre/lib/amd64/libmanagement.so
7f37dcefc000-7f37dcefd000 r--p 00008000 08:02 2495146                    /usr/lib/jvm/java-8-oracle/jre/lib/amd64/libmanagement.so
7f37dcefd000-7f37dcefe000 rw-p 00009000 08:02 2495146                    /usr/lib/jvm/java-8-oracle/jre/lib/amd64/libmanagement.so
7f37dcefe000-7f37dceff000 ---p 00000000 00:00 0 
7f37dceff000-7f37e0000000 rw-p 00000000 00:00 0 
7f37e0000000-7f37e0025000 rw-p 00000000 00:00 0 
7f37e0025000-7f37e4000000 ---p 00000000 00:00 0 
7f37e4000000-7f37e5e7d000 rw-p 00000000 00:00 0 
7f37e5e7d000-7f37e8000000 ---p 00000000 00:00 0 
7f37e8000000-7f37e8021000 rw-p 00000000 00:00 0 
7f37e8021000-7f37ec000000 ---p 00000000 00:00 0 
7f37ec000000-7f37ec021000 rw-p 00000000 00:00 0 
7f37ec021000-7f37f0000000 ---p 00000000 00:00 0 
7f37f0000000-7f37f02c6000 rw-p 00000000 00:00 0 
7f37f02c6000-7f37f4000000 ---p 00000000 00:00 0 
7f37f4000000-7f37f4021000 rw-p 00000000 00:00 0 
7f37f4021000-7f37f8000000 ---p 00000000 00:00 0 
7f37f8000000-7f37f88b3000 rw-p 00000000 00:00 0 
7f37f88b3000-7f37fc000000 ---p 00000000 00:00 0 
7f37fc000000-7f37fc021000 rw-p 00000000 00:00 0 
7f37fc021000-7f3800000000 ---p 00000000 00:00 0 
7f3800000000-7f3800021000 rw-p 00000000 00:00 0 
7f3800021000-7f3804000000 ---p 00000000 00:00 0 
7f3804078000-7f380408e000 r-xp 00000000 08:02 2495138                    /usr/lib/jvm/java-8-oracle/jre/lib/amd64/libnet.so
7f380408e000-7f380428e000 ---p 00016000 08:02 2495138                    /usr/lib/jvm/java-8-oracle/jre/lib/amd64/libnet.so
7f380428e000-7f380428f000 r--p 00016000 08:02 2495138                    /usr/lib/jvm/java-8-oracle/jre/lib/amd64/libnet.so
7f380428f000-7f3804290000 rw-p 00017000 08:02 2495138                    /usr/lib/jvm/java-8-oracle/jre/lib/amd64/libnet.so
7f3804290000-7f3808000000 rw-p 00000000 00:00 0 
7f3808000000-7f3808021000 rw-p 00000000 00:00 0 
7f3808021000-7f380c000000 ---p 00000000 00:00 0 
7f380c012000-7f380c015000 ---p 00000000 00:00 0 
7f380c015000-7f380c113000 rw-p 00000000 00:00 0 
7f380c113000-7f380c114000 ---p 00000000 00:00 0 
7f380c114000-7f380c117000 ---p 00000000 00:00 0 
7f380c117000-7f380c214000 rw-p 00000000 00:00 0 
7f380c214000-7f380c215000 ---p 00000000 00:00 0 
7f380c215000-7f380c218000 ---p 00000000 00:00 0 
7f380c218000-7f380c315000 rw-p 00000000 00:00 0 
7f380c315000-7f380c316000 ---p 00000000 00:00 0 
7f380c316000-7f380c319000 ---p 00000000 00:00 0 
7f380c319000-7f380c416000 rw-p 00000000 00:00 0 
7f380c416000-7f380c419000 ---p 00000000 00:00 0 
7f380c419000-7f380c517000 rw-p 00000000 00:00 0 
7f380c517000-7f380c519000 r--s 0001b000 08:02 4981136                    /opt/idea-IU-191.6183.87/lib/idea_rt.jar
7f380c519000-7f380c51d000 r--s 0004c000 08:02 3276835                    /home/delinvas/.m2/repository/com/fasterxml/jackson/core/jackson-core/2.9.9/jackson-core-2.9.9.jar
7f380c51d000-7f380c520000 r--s 0000e000 08:02 4587756                    /home/delinvas/.m2/repository/com/fasterxml/jackson/core/jackson-annotations/2.9.0/jackson-annotations-2.9.0.jar
7f380c520000-7f380c533000 r--s 00137000 08:02 3276833                    /home/delinvas/.m2/repository/com/fasterxml/jackson/core/jackson-databind/2.9.9/jackson-databind-2.9.9.jar
7f380c533000-7f380c535000 r--s 00009000 08:02 11142453                   /home/delinvas/.m2/repository/org/slf4j/slf4j-api/1.7.25/slf4j-api-1.7.25.jar
7f380c535000-7f380c538000 r--s 00058000 08:02 5771032                    /home/delinvas/.m2/repository/org/lz4/lz4-java/1.4/lz4-java-1.4.jar
7f380c538000-7f380c556000 r--s 00187000 08:02 5771030                    /home/delinvas/.m2/repository/org/apache/kafka/kafka-clients/1.1.0/kafka-clients-1.1.0.jar
7f380c556000-7f380c569000 r--s 00345000 08:02 923591                     /usr/lib/jvm/java-8-oracle/jre/lib/resources.jar
7f380c569000-7f380c56c000 ---p 00000000 00:00 0 
7f380c56c000-7f380c66a000 rw-p 00000000 00:00 0 
7f380c66a000-7f380d16a000 r--p 00000000 08:02 13113874                   /usr/lib/locale/locale-archive
7f380d16a000-7f380d16d000 ---p 00000000 00:00 0 
7f380d16d000-7f380d26b000 rw-p 00000000 00:00 0 
7f380d26b000-7f380d26e000 ---p 00000000 00:00 0 
7f380d26e000-7f380d36c000 rw-p 00000000 00:00 0 
7f380d36c000-7f380d36d000 ---p 00000000 00:00 0 
7f380d36d000-7f380e37c000 rw-p 00000000 00:00 0 
7f380e37c000-7f380e556000 r--s 03d6f000 08:02 923587                     /usr/lib/jvm/java-8-oracle/jre/lib/rt.jar
7f380e556000-7f380f12d000 rw-p 00000000 00:00 0 
7f380f12d000-7f380f12e000 ---p 00000000 00:00 0 
7f380f12e000-7f380f22e000 rw-p 00000000 00:00 0 
7f380f22e000-7f380f22f000 ---p 00000000 00:00 0 
7f380f22f000-7f380f32f000 rw-p 00000000 00:00 0 
7f380f32f000-7f380f330000 ---p 00000000 00:00 0 
7f380f330000-7f380f430000 rw-p 00000000 00:00 0 
7f380f430000-7f380f431000 ---p 00000000 00:00 0 
7f380f431000-7f380f5b9000 rw-p 00000000 00:00 0 
7f380f5b9000-7f380f7c1000 ---p 00000000 00:00 0 
7f380f7c1000-7f380f849000 rw-p 00000000 00:00 0 
7f380f849000-7f380fa50000 ---p 00000000 00:00 0 
7f380fa50000-7f380fb6f000 rw-p 00000000 00:00 0 
7f380fb6f000-7f380fb98000 ---p 00000000 00:00 0 
7f380fb98000-7f380fbbf000 rw-p 00000000 00:00 0 
7f380fbbf000-7f380ff59000 ---p 00000000 00:00 0 
7f380ff59000-7f38108c9000 rwxp 00000000 00:00 0 
7f38108c9000-7f381ef59000 ---p 00000000 00:00 0 
7f381ef59000-7f381ef74000 r-xp 00000000 08:02 2495134                    /usr/lib/jvm/java-8-oracle/jre/lib/amd64/libzip.so
7f381ef74000-7f381f173000 ---p 0001b000 08:02 2495134                    /usr/lib/jvm/java-8-oracle/jre/lib/amd64/libzip.so
7f381f173000-7f381f174000 r--p 0001a000 08:02 2495134                    /usr/lib/jvm/java-8-oracle/jre/lib/amd64/libzip.so
7f381f174000-7f381f175000 rw-p 0001b000 08:02 2495134                    /usr/lib/jvm/java-8-oracle/jre/lib/amd64/libzip.so
7f381f175000-7f381f180000 r-xp 00000000 08:02 6558458                    /lib/x86_64-linux-gnu/libnss_files-2.27.so
7f381f180000-7f381f37f000 ---p 0000b000 08:02 6558458                    /lib/x86_64-linux-gnu/libnss_files-2.27.so
7f381f37f000-7f381f380000 r--p 0000a000 08:02 6558458                    /lib/x86_64-linux-gnu/libnss_files-2.27.so
7f381f380000-7f381f381000 rw-p 0000b000 08:02 6558458                    /lib/x86_64-linux-gnu/libnss_files-2.27.so
7f381f381000-7f381f387000 rw-p 00000000 00:00 0 
7f381f387000-7f381f39e000 r-xp 00000000 08:02 6558452                    /lib/x86_64-linux-gnu/libnsl-2.27.so
7f381f39e000-7f381f59d000 ---p 00017000 08:02 6558452                    /lib/x86_64-linux-gnu/libnsl-2.27.so
7f381f59d000-7f381f59e000 r--p 00016000 08:02 6558452                    /lib/x86_64-linux-gnu/libnsl-2.27.so
7f381f59e000-7f381f59f000 rw-p 00017000 08:02 6558452                    /lib/x86_64-linux-gnu/libnsl-2.27.so
7f381f59f000-7f381f5a1000 rw-p 00000000 00:00 0 
7f381f5a1000-7f381f5ac000 r-xp 00000000 08:02 6558469                    /lib/x86_64-linux-gnu/libnss_nis-2.27.so
7f381f5ac000-7f381f7ab000 ---p 0000b000 08:02 6558469                    /lib/x86_64-linux-gnu/libnss_nis-2.27.so
7f381f7ab000-7f381f7ac000 r--p 0000a000 08:02 6558469                    /lib/x86_64-linux-gnu/libnss_nis-2.27.so
7f381f7ac000-7f381f7ad000 rw-p 0000b000 08:02 6558469                    /lib/x86_64-linux-gnu/libnss_nis-2.27.so
7f381f7ad000-7f381f7b5000 r-xp 00000000 08:02 6558454                    /lib/x86_64-linux-gnu/libnss_compat-2.27.so
7f381f7b5000-7f381f9b5000 ---p 00008000 08:02 6558454                    /lib/x86_64-linux-gnu/libnss_compat-2.27.so
7f381f9b5000-7f381f9b6000 r--p 00008000 08:02 6558454                    /lib/x86_64-linux-gnu/libnss_compat-2.27.so
7f381f9b6000-7f381f9b7000 rw-p 00009000 08:02 6558454                    /lib/x86_64-linux-gnu/libnss_compat-2.27.so
7f381f9b7000-7f381f9c1000 r-xp 00000000 08:02 2495143                    /usr/lib/jvm/java-8-oracle/jre/lib/amd64/libinstrument.so
7f381f9c1000-7f381fbc0000 ---p 0000a000 08:02 2495143                    /usr/lib/jvm/java-8-oracle/jre/lib/amd64/libinstrument.so
7f381fbc0000-7f381fbc1000 r--p 00009000 08:02 2495143                    /usr/lib/jvm/java-8-oracle/jre/lib/amd64/libinstrument.so
7f381fbc1000-7f381fbc2000 rw-p 0000a000 08:02 2495143                    /usr/lib/jvm/java-8-oracle/jre/lib/amd64/libinstrument.so
7f381fbc2000-7f381fbee000 r-xp 00000000 08:02 2495128                    /usr/lib/jvm/java-8-oracle/jre/lib/amd64/libjava.so
7f381fbee000-7f381fdee000 ---p 0002c000 08:02 2495128                    /usr/lib/jvm/java-8-oracle/jre/lib/amd64/libjava.so
7f381fdee000-7f381fdef000 r--p 0002c000 08:02 2495128                    /usr/lib/jvm/java-8-oracle/jre/lib/amd64/libjava.so
7f381fdef000-7f381fdf1000 rw-p 0002d000 08:02 2495128                    /usr/lib/jvm/java-8-oracle/jre/lib/amd64/libjava.so
7f381fdf1000-7f381fdfe000 r-xp 00000000 08:02 2495133                    /usr/lib/jvm/java-8-oracle/jre/lib/amd64/libverify.so
7f381fdfe000-7f381fffd000 ---p 0000d000 08:02 2495133                    /usr/lib/jvm/java-8-oracle/jre/lib/amd64/libverify.so
7f381fffd000-7f381ffff000 r--p 0000c000 08:02 2495133                    /usr/lib/jvm/java-8-oracle/jre/lib/amd64/libverify.so
7f381ffff000-7f3820000000 rw-p 0000e000 08:02 2495133                    /usr/lib/jvm/java-8-oracle/jre/lib/amd64/libverify.so
7f3820000000-7f3820751000 rw-p 00000000 00:00 0 
7f3820751000-7f3824000000 ---p 00000000 00:00 0 
7f3824000000-7f3824002000 r--s 001eb000 08:02 4066881                    /home/delinvas/.m2/repository/org/xerial/snappy/snappy-java/1.1.7.1/snappy-java-1.1.7.1.jar
7f3824002000-7f3824015000 r--s 000d6000 08:02 923578                     /usr/lib/jvm/java-8-oracle/jre/lib/plugin.jar
7f3824015000-7f3824030000 r--s 0020c000 08:02 923565                     /usr/lib/jvm/java-8-oracle/jre/lib/deploy.jar
7f3824030000-7f38240a6000 rw-p 00000000 00:00 0 
7f38240a6000-7f38240ad000 r-xp 00000000 08:02 6558509                    /lib/x86_64-linux-gnu/librt-2.27.so
7f38240ad000-7f38242ac000 ---p 00007000 08:02 6558509                    /lib/x86_64-linux-gnu/librt-2.27.so
7f38242ac000-7f38242ad000 r--p 00006000 08:02 6558509                    /lib/x86_64-linux-gnu/librt-2.27.so
7f38242ad000-7f38242ae000 rw-p 00007000 08:02 6558509                    /lib/x86_64-linux-gnu/librt-2.27.so
7f38242ae000-7f382444b000 r-xp 00000000 08:02 6558431                    /lib/x86_64-linux-gnu/libm-2.27.so
7f382444b000-7f382464a000 ---p 0019d000 08:02 6558431                    /lib/x86_64-linux-gnu/libm-2.27.so
7f382464a000-7f382464b000 r--p 0019c000 08:02 6558431                    /lib/x86_64-linux-gnu/libm-2.27.so
7f382464b000-7f382464c000 rw-p 0019d000 08:02 6558431                    /lib/x86_64-linux-gnu/libm-2.27.so
7f382464c000-7f3825334000 r-xp 00000000 08:02 2495110                    /usr/lib/jvm/java-8-oracle/jre/lib/amd64/server/libjvm.so
7f3825334000-7f3825533000 ---p 00ce8000 08:02 2495110                    /usr/lib/jvm/java-8-oracle/jre/lib/amd64/server/libjvm.so
7f3825533000-7f38255c9000 r--p 00ce7000 08:02 2495110                    /usr/lib/jvm/java-8-oracle/jre/lib/amd64/server/libjvm.so
7f38255c9000-7f38255fa000 rw-p 00d7d000 08:02 2495110                    /usr/lib/jvm/java-8-oracle/jre/lib/amd64/server/libjvm.so
7f38255fa000-7f3825635000 rw-p 00000000 00:00 0 
7f3825635000-7f382581c000 r-xp 00000000 08:02 6558368                    /lib/x86_64-linux-gnu/libc-2.27.so
7f382581c000-7f3825a1c000 ---p 001e7000 08:02 6558368                    /lib/x86_64-linux-gnu/libc-2.27.so
7f3825a1c000-7f3825a20000 r--p 001e7000 08:02 6558368                    /lib/x86_64-linux-gnu/libc-2.27.so
7f3825a20000-7f3825a22000 rw-p 001eb000 08:02 6558368                    /lib/x86_64-linux-gnu/libc-2.27.so
7f3825a22000-7f3825a26000 rw-p 00000000 00:00 0 
7f3825a26000-7f3825a29000 r-xp 00000000 08:02 6558391                    /lib/x86_64-linux-gnu/libdl-2.27.so
7f3825a29000-7f3825c28000 ---p 00003000 08:02 6558391                    /lib/x86_64-linux-gnu/libdl-2.27.so
7f3825c28000-7f3825c29000 r--p 00002000 08:02 6558391                    /lib/x86_64-linux-gnu/libdl-2.27.so
7f3825c29000-7f3825c2a000 rw-p 00003000 08:02 6558391                    /lib/x86_64-linux-gnu/libdl-2.27.so
7f3825c2a000-7f3825c41000 r-xp 00000000 08:02 2236600                    /usr/lib/jvm/java-8-oracle/lib/amd64/jli/libjli.so
7f3825c41000-7f3825e40000 ---p 00017000 08:02 2236600                    /usr/lib/jvm/java-8-oracle/lib/amd64/jli/libjli.so
7f3825e40000-7f3825e41000 r--p 00016000 08:02 2236600                    /usr/lib/jvm/java-8-oracle/lib/amd64/jli/libjli.so
7f3825e41000-7f3825e42000 rw-p 00017000 08:02 2236600                    /usr/lib/jvm/java-8-oracle/lib/amd64/jli/libjli.so
7f3825e42000-7f3825e5c000 r-xp 00000000 08:02 6558501                    /lib/x86_64-linux-gnu/libpthread-2.27.so
7f3825e5c000-7f382605b000 ---p 0001a000 08:02 6558501                    /lib/x86_64-linux-gnu/libpthread-2.27.so
7f382605b000-7f382605c000 r--p 00019000 08:02 6558501                    /lib/x86_64-linux-gnu/libpthread-2.27.so
7f382605c000-7f382605d000 rw-p 0001a000 08:02 6558501                    /lib/x86_64-linux-gnu/libpthread-2.27.so
7f382605d000-7f3826061000 rw-p 00000000 00:00 0 
7f3826061000-7f3826088000 r-xp 00000000 08:02 6558340                    /lib/x86_64-linux-gnu/ld-2.27.so
7f3826089000-7f382608d000 r--s 000a1000 08:02 923592                     /usr/lib/jvm/java-8-oracle/jre/lib/jsse.jar
7f382608d000-7f3826092000 r--s 00084000 08:02 923564                     /usr/lib/jvm/java-8-oracle/jre/lib/jfr.jar
7f3826092000-7f382609c000 r--s 0006e000 08:02 923574                     /usr/lib/jvm/java-8-oracle/jre/lib/javaws.jar
7f382609c000-7f382616d000 rw-p 00000000 00:00 0 
7f382616d000-7f382616e000 ---p 00000000 00:00 0 
7f382616e000-7f3826171000 ---p 00000000 00:00 0 
7f3826171000-7f3826272000 rw-p 00000000 00:00 0 
7f3826273000-7f3826274000 r--s 00000000 08:02 923571                     /usr/lib/jvm/java-8-oracle/jre/lib/management-agent.jar
7f3826274000-7f3826276000 r--s 00007000 08:02 923600                     /usr/lib/jvm/java-8-oracle/jre/lib/jfxswt.jar
7f3826276000-7f3826279000 r--s 0001a000 08:02 923598                     /usr/lib/jvm/java-8-oracle/jre/lib/jce.jar
7f3826279000-7f382627e000 r--s 002f9000 08:02 923585                     /usr/lib/jvm/java-8-oracle/jre/lib/charsets.jar
7f382627e000-7f3826286000 rw-s 00000000 08:02 3146936                    /tmp/hsperfdata_delinvas/20728
7f3826286000-7f3826287000 rw-p 00000000 00:00 0 
7f3826287000-7f3826288000 ---p 00000000 00:00 0 
7f3826288000-7f3826289000 r--p 00027000 08:02 6558340                    /lib/x86_64-linux-gnu/ld-2.27.so
7f3826289000-7f382628a000 rw-p 00028000 08:02 6558340                    /lib/x86_64-linux-gnu/ld-2.27.so
7f382628a000-7f382628b000 rw-p 00000000 00:00 0 
7ffe3b650000-7ffe3b672000 rw-p 00000000 00:00 0                          [stack]
7ffe3b7f4000-7ffe3b7f7000 r--p 00000000 00:00 0                          [vvar]
7ffe3b7f7000-7ffe3b7f9000 r-xp 00000000 00:00 0                          [vdso]
ffffffffff600000-ffffffffff601000 r-xp 00000000 00:00 0                  [vsyscall]

VM Arguments:
jvm_args: -DentityExpansionLimit=2500000 -javaagent:/opt/idea-IU-191.6183.87/lib/idea_rt.jar=38143:/opt/idea-IU-191.6183.87/bin -Dfile.encoding=UTF-8 
java_command: stream.ScipiKafkaStream
java_class_path (initial): /usr/lib/jvm/java-8-oracle/jre/lib/charsets.jar:/usr/lib/jvm/java-8-oracle/jre/lib/deploy.jar:/usr/lib/jvm/java-8-oracle/jre/lib/ext/cldrdata.jar:/usr/lib/jvm/java-8-oracle/jre/lib/ext/dnsns.jar:/usr/lib/jvm/java-8-oracle/jre/lib/ext/jaccess.jar:/usr/lib/jvm/java-8-oracle/jre/lib/ext/jfxrt.jar:/usr/lib/jvm/java-8-oracle/jre/lib/ext/localedata.jar:/usr/lib/jvm/java-8-oracle/jre/lib/ext/nashorn.jar:/usr/lib/jvm/java-8-oracle/jre/lib/ext/sunec.jar:/usr/lib/jvm/java-8-oracle/jre/lib/ext/sunjce_provider.jar:/usr/lib/jvm/java-8-oracle/jre/lib/ext/sunpkcs11.jar:/usr/lib/jvm/java-8-oracle/jre/lib/ext/zipfs.jar:/usr/lib/jvm/java-8-oracle/jre/lib/javaws.jar:/usr/lib/jvm/java-8-oracle/jre/lib/jce.jar:/usr/lib/jvm/java-8-oracle/jre/lib/jfr.jar:/usr/lib/jvm/java-8-oracle/jre/lib/jfxswt.jar:/usr/lib/jvm/java-8-oracle/jre/lib/jsse.jar:/usr/lib/jvm/java-8-oracle/jre/lib/management-agent.jar:/usr/lib/jvm/java-8-oracle/jre/lib/plugin.jar:/usr/lib/jvm/java-8-oracle/jre/lib/resources.jar:/usr/lib/jvm/java-8-oracle/jre/lib/rt.jar:/home/delinvas/repos/SciPi/src/scipikafka/target/classes:/home/delinvas/.m2/repository/org/apache/kafka/kafka-clients/1.1.0/kafka-clients-1.1.0.jar:/home/delinvas/.m2/repository/org/lz4/lz4-java/1.4/lz4-java-1.4.jar:/home/delinvas/.m2/repository/org/xerial/snappy/snappy-java/1.1.7.1/snappy-java-1.1.7.1.jar:/home/delinvas/.m2/repository/org/slf4j/slf4j-api/1.7.25/slf4j-api-1.7.25.jar:/home/delinvas/.m2/repository/com/fasterxml/jackson/core/jackson-databind/2.9.9/jackson-databind-2.9.9.jar:/home/delinvas/.m2/repository/com/fasterxml/jackson/core/jackson-annotations/2.9.0/jackson-annotations-2.9.0.jar:/home/delinvas/.m2/repository/com/fasterxml/jackson/core/jackson-core/2.9.9/jackson-core-2.9.9.jar:/opt/idea-IU-191.6183.87/lib/idea_rt.jar
Launcher Type: SUN_STANDARD

Environment Variables:
JAVA_HOME=/usr/lib/jvm/java-8-oracle
PATH=/home/delinvas/.local/bin:/usr/local/sbin:/usr/local/bin:/usr/sbin:/usr/bin:/sbin:/bin:/usr/games:/usr/local/games:/opt/apache-maven-3.2.5/bin:/snap/bin:/usr/lib/jvm/java-8-oracle/bin:/usr/lib/jvm/java-8-oracle/db/bin:/usr/lib/jvm/java-8-oracle/jre/bin
USERNAME=delinvas
SHELL=/bin/bash
DISPLAY=:0

Signal Handlers:
SIGSEGV: [libjvm.so+0xad3e60], sa_mask[0]=11111111011111111101111111111110, sa_flags=SA_RESTART|SA_SIGINFO
SIGBUS: [libjvm.so+0xad3e60], sa_mask[0]=11111111011111111101111111111110, sa_flags=SA_RESTART|SA_SIGINFO
SIGFPE: [libjvm.so+0x90b880], sa_mask[0]=11111111011111111101111111111110, sa_flags=SA_RESTART|SA_SIGINFO
SIGPIPE: [libjvm.so+0x90b880], sa_mask[0]=11111111011111111101111111111110, sa_flags=SA_RESTART|SA_SIGINFO
SIGXFSZ: [libjvm.so+0x90b880], sa_mask[0]=11111111011111111101111111111110, sa_flags=SA_RESTART|SA_SIGINFO
SIGILL: [libjvm.so+0x90b880], sa_mask[0]=11111111011111111101111111111110, sa_flags=SA_RESTART|SA_SIGINFO
SIGUSR1: SIG_DFL, sa_mask[0]=00000000000000000000000000000000, sa_flags=none
SIGUSR2: [libjvm.so+0x90b750], sa_mask[0]=00100000000000000000000000000000, sa_flags=SA_RESTART|SA_SIGINFO
SIGHUP: [libjvm.so+0x90bd70], sa_mask[0]=11111111011111111101111111111110, sa_flags=SA_RESTART|SA_SIGINFO
SIGINT: [libjvm.so+0x90bd70], sa_mask[0]=11111111011111111101111111111110, sa_flags=SA_RESTART|SA_SIGINFO
SIGTERM: [libjvm.so+0x90bd70], sa_mask[0]=11111111011111111101111111111110, sa_flags=SA_RESTART|SA_SIGINFO
SIGQUIT: [libjvm.so+0x90bd70], sa_mask[0]=11111111011111111101111111111110, sa_flags=SA_RESTART|SA_SIGINFO


---------------  S Y S T E M  ---------------

OS:DISTRIB_ID=Ubuntu
DISTRIB_RELEASE=18.04
DISTRIB_CODENAME=bionic
DISTRIB_DESCRIPTION="Ubuntu 18.04.1 LTS"

uname:Linux 4.15.0-50-generic #54-Ubuntu SMP Mon May 6 18:46:08 UTC 2019 x86_64
libc:glibc 2.27 NPTL 2.27 
rlimit: STACK 8192k, CORE 0k, NPROC 30433, NOFILE 1048576, AS infinity
load average:27.90 11.31 4.85

/proc/meminfo:
MemTotal:        8049120 kB
MemFree:          116808 kB
MemAvailable:      15480 kB
Buffers:             576 kB
Cached:           204256 kB
SwapCached:         2324 kB
Active:          4658196 kB
Inactive:         681300 kB
Active(anon):    4656220 kB
Inactive(anon):   677684 kB
Active(file):       1976 kB
Inactive(file):     3616 kB
Unevictable:     2239756 kB
Mlocked:         2239756 kB
SwapTotal:       2097148 kB
SwapFree:              0 kB
Dirty:                80 kB
Writeback:             0 kB
AnonPages:       7373476 kB
Mapped:            46916 kB
Shmem:            165084 kB
Slab:             167996 kB
SReclaimable:      63624 kB
SUnreclaim:       104372 kB
KernelStack:       22080 kB
PageTables:        84144 kB
NFS_Unstable:          0 kB
Bounce:                0 kB
WritebackTmp:          0 kB
CommitLimit:     6121708 kB
Committed_AS:   20198284 kB
VmallocTotal:   34359738367 kB
VmallocUsed:           0 kB
VmallocChunk:          0 kB
HardwareCorrupted:     0 kB
AnonHugePages:         0 kB
ShmemHugePages:        0 kB
ShmemPmdMapped:        0 kB
CmaTotal:              0 kB
CmaFree:               0 kB
HugePages_Total:       0
HugePages_Free:        0
HugePages_Rsvd:        0
HugePages_Surp:        0
Hugepagesize:       2048 kB
DirectMap4k:      300484 kB
DirectMap2M:     4823040 kB
DirectMap1G:     3145728 kB

container (cgroup) information:
container_type: cgroupv1
cpu_cpuset_cpus: 0-3
cpu_memory_nodes: 0
active_processor_count: 4
cpu_quota: -1
cpu_period: 100000
cpu_shares: -1
memory_limit_in_bytes: -1
memory_and_swap_limit_in_bytes: -2
memory_soft_limit_in_bytes: -1
memory_usage_in_bytes: 5611257856
memory_max_usage_in_bytes: 5631406080


CPU:total 4 (initial active 4) (2 cores per cpu, 2 threads per core) family 6 model 69 stepping 1, cmov, cx8, fxsr, mmx, sse, sse2, sse3, ssse3, sse4.1, sse4.2, popcnt, avx, avx2, aes, clmul, erms, lzcnt, ht, tsc, tscinvbit, bmi1, bmi2

/proc/cpuinfo:
processor	: 0
vendor_id	: GenuineIntel
cpu family	: 6
model		: 69
model name	: Intel(R) Core(TM) i7-4510U CPU @ 2.00GHz
stepping	: 1
microcode	: 0x25
cpu MHz		: 2793.295
cache size	: 4096 KB
physical id	: 0
siblings	: 4
core id		: 0
cpu cores	: 2
apicid		: 0
initial apicid	: 0
fpu		: yes
fpu_exception	: yes
cpuid level	: 13
wp		: yes
flags		: fpu vme de pse tsc msr pae mce cx8 apic sep mtrr pge mca cmov pat pse36 clflush dts acpi mmx fxsr sse sse2 ss ht tm pbe syscall nx pdpe1gb rdtscp lm constant_tsc arch_perfmon pebs bts rep_good nopl xtopology nonstop_tsc cpuid aperfmperf pni pclmulqdq dtes64 monitor ds_cpl vmx est tm2 ssse3 sdbg fma cx16 xtpr pdcm pcid sse4_1 sse4_2 movbe popcnt tsc_deadline_timer aes xsave avx f16c rdrand lahf_lm abm cpuid_fault epb invpcid_single pti ssbd ibrs ibpb stibp tpr_shadow vnmi flexpriority ept vpid fsgsbase tsc_adjust bmi1 avx2 smep bmi2 erms invpcid xsaveopt dtherm ida arat pln pts md_clear flush_l1d
bugs		: cpu_meltdown spectre_v1 spectre_v2 spec_store_bypass l1tf mds
bogomips	: 5187.52
clflush size	: 64
cache_alignment	: 64
address sizes	: 39 bits physical, 48 bits virtual
power management:

processor	: 1
vendor_id	: GenuineIntel
cpu family	: 6
model		: 69
model name	: Intel(R) Core(TM) i7-4510U CPU @ 2.00GHz
stepping	: 1
microcode	: 0x25
cpu MHz		: 2793.278
cache size	: 4096 KB
physical id	: 0
siblings	: 4
core id		: 1
cpu cores	: 2
apicid		: 2
initial apicid	: 2
fpu		: yes
fpu_exception	: yes
cpuid level	: 13
wp		: yes
flags		: fpu vme de pse tsc msr pae mce cx8 apic sep mtrr pge mca cmov pat pse36 clflush dts acpi mmx fxsr sse sse2 ss ht tm pbe syscall nx pdpe1gb rdtscp lm constant_tsc arch_perfmon pebs bts rep_good nopl xtopology nonstop_tsc cpuid aperfmperf pni pclmulqdq dtes64 monitor ds_cpl vmx est tm2 ssse3 sdbg fma cx16 xtpr pdcm pcid sse4_1 sse4_2 movbe popcnt tsc_deadline_timer aes xsave avx f16c rdrand lahf_lm abm cpuid_fault epb invpcid_single pti ssbd ibrs ibpb stibp tpr_shadow vnmi flexpriority ept vpid fsgsbase tsc_adjust bmi1 avx2 smep bmi2 erms invpcid xsaveopt dtherm ida arat pln pts md_clear flush_l1d
bugs		: cpu_meltdown spectre_v1 spectre_v2 spec_store_bypass l1tf mds
bogomips	: 5187.52
clflush size	: 64
cache_alignment	: 64
address sizes	: 39 bits physical, 48 bits virtual
power management:

processor	: 2
vendor_id	: GenuineIntel
cpu family	: 6
model		: 69
model name	: Intel(R) Core(TM) i7-4510U CPU @ 2.00GHz
stepping	: 1
microcode	: 0x25
cpu MHz		: 2793.313
cache size	: 4096 KB
physical id	: 0
siblings	: 4
core id		: 0
cpu cores	: 2
apicid		: 1
initial apicid	: 1
fpu		: yes
fpu_exception	: yes
cpuid level	: 13
wp		: yes
flags		: fpu vme de pse tsc msr pae mce cx8 apic sep mtrr pge mca cmov pat pse36 clflush dts acpi mmx fxsr sse sse2 ss ht tm pbe syscall nx pdpe1gb rdtscp lm constant_tsc arch_perfmon pebs bts rep_good nopl xtopology nonstop_tsc cpuid aperfmperf pni pclmulqdq dtes64 monitor ds_cpl vmx est tm2 ssse3 sdbg fma cx16 xtpr pdcm pcid sse4_1 sse4_2 movbe popcnt tsc_deadline_timer aes xsave avx f16c rdrand lahf_lm abm cpuid_fault epb invpcid_single pti ssbd ibrs ibpb stibp tpr_shadow vnmi flexpriority ept vpid fsgsbase tsc_adjust bmi1 avx2 smep bmi2 erms invpcid xsaveopt dtherm ida arat pln pts md_clear flush_l1d
bugs		: cpu_meltdown spectre_v1 spectre_v2 spec_store_bypass l1tf mds
bogomips	: 5187.52
clflush size	: 64
cache_alignment	: 64
address sizes	: 39 bits physical, 48 bits virtual
power management:

processor	: 3
vendor_id	: GenuineIntel
cpu family	: 6
model		: 69
model name	: Intel(R) Core(TM) i7-4510U CPU @ 2.00GHz
stepping	: 1
microcode	: 0x25
cpu MHz		: 2793.285
cache size	: 4096 KB
physical id	: 0
siblings	: 4
core id		: 1
cpu cores	: 2
apicid		: 3
initial apicid	: 3
fpu		: yes
fpu_exception	: yes
cpuid level	: 13
wp		: yes
flags		: fpu vme de pse tsc msr pae mce cx8 apic sep mtrr pge mca cmov pat pse36 clflush dts acpi mmx fxsr sse sse2 ss ht tm pbe syscall nx pdpe1gb rdtscp lm constant_tsc arch_perfmon pebs bts rep_good nopl xtopology nonstop_tsc cpuid aperfmperf pni pclmulqdq dtes64 monitor ds_cpl vmx est tm2 ssse3 sdbg fma cx16 xtpr pdcm pcid sse4_1 sse4_2 movbe popcnt tsc_deadline_timer aes xsave avx f16c rdrand lahf_lm abm cpuid_fault epb invpcid_single pti ssbd ibrs ibpb stibp tpr_shadow vnmi flexpriority ept vpid fsgsbase tsc_adjust bmi1 avx2 smep bmi2 erms invpcid xsaveopt dtherm ida arat pln pts md_clear flush_l1d
bugs		: cpu_meltdown spectre_v1 spectre_v2 spec_store_bypass l1tf mds
bogomips	: 5187.52
clflush size	: 64
cache_alignment	: 64
address sizes	: 39 bits physical, 48 bits virtual
power management:



Memory: 4k page, physical 8049120k(115440k free), swap 2097148k(0k free)

vm_info: Java HotSpot(TM) 64-Bit Server VM (25.201-b09) for linux-amd64 JRE (1.8.0_201-b09), built on Dec 15 2018 11:35:59 by "java_re" with gcc 7.3.0

time: Wed Jun  5 23:51:46 2019
timezone: CEST
elapsed time: 127 seconds (0d 0h 2m 7s)

